2024-12-29 16:18:41 [background-preinit] INFO  org.hibernate.validator.internal.util.Version - HV000001: Hibernate Validator 8.0.1.Final
2024-12-29 16:18:41 [main] INFO  com.example.tamaq.TamaqApplication - Starting TamaqApplication using Java 23 with PID 10720 (C:\Users\raymbek\Desktop\tamaq\tamaq\target\classes started by raymbek in C:\Users\raymbek\Desktop\tamaq\tamaq)
2024-12-29 16:18:41 [main] INFO  com.example.tamaq.TamaqApplication - No active profile set, falling back to 1 default profile: "default"
2024-12-29 16:18:46 [main] INFO  org.springframework.data.repository.config.RepositoryConfigurationDelegate - Bootstrapping Spring Data JPA repositories in DEFAULT mode.
2024-12-29 16:18:47 [main] INFO  org.springframework.data.repository.config.RepositoryConfigurationDelegate - Finished Spring Data repository scanning in 439 ms. Found 6 JPA repository interfaces.
2024-12-29 16:18:50 [main] INFO  org.springframework.boot.web.embedded.tomcat.TomcatWebServer - Tomcat initialized with port 8080 (http)
2024-12-29 16:18:51 [main] INFO  org.springframework.boot.web.servlet.context.ServletWebServerApplicationContext - Root WebApplicationContext: initialization completed in 9194 ms
2024-12-29 16:18:52 [main] INFO  org.hibernate.jpa.internal.util.LogHelper - HHH000204: Processing PersistenceUnitInfo [name: default]
2024-12-29 16:18:52 [main] INFO  org.hibernate.Version - HHH000412: Hibernate ORM core version 6.5.3.Final
2024-12-29 16:18:52 [main] INFO  org.hibernate.cache.internal.RegionFactoryInitiator - HHH000026: Second-level cache disabled
2024-12-29 16:18:54 [main] INFO  org.springframework.orm.jpa.persistenceunit.SpringPersistenceUnitInfo - No LoadTimeWeaver setup: ignoring JPA class transformer
2024-12-29 16:19:01 [main] INFO  org.hibernate.engine.transaction.jta.platform.internal.JtaPlatformInitiator - HHH000489: No JTA platform available (set 'hibernate.transaction.jta.platform' to enable JTA platform integration)
2024-12-29 16:19:02 [main] INFO  org.springframework.orm.jpa.LocalContainerEntityManagerFactoryBean - Initialized JPA EntityManagerFactory for persistence unit 'default'
2024-12-29 16:19:03 [main] INFO  org.springframework.data.jpa.repository.query.QueryEnhancerFactory - Hibernate is in classpath; If applicable, HQL parser will be used.
2024-12-29 16:19:09 [main] INFO  org.springframework.security.config.annotation.authentication.configuration.InitializeUserDetailsBeanManagerConfigurer$InitializeUserDetailsManagerConfigurer - Global AuthenticationManager configured with UserDetailsService bean with name customUserDetailsService
2024-12-29 16:19:11 [main] INFO  org.springframework.boot.web.embedded.tomcat.TomcatWebServer - Tomcat started on port 8080 (http) with context path '/'
2024-12-29 16:19:11 [main] INFO  com.example.tamaq.TamaqApplication - Started TamaqApplication in 35.377 seconds (process running for 1882.481)
2024-12-29 16:36:36 [http-nio-8080-exec-1] INFO  org.springframework.web.servlet.DispatcherServlet - Initializing Servlet 'dispatcherServlet'
2024-12-29 16:36:36 [http-nio-8080-exec-1] INFO  org.springframework.web.servlet.DispatcherServlet - Completed initialization in 13 ms
2024-12-29 16:36:36 [http-nio-8080-exec-1] INFO  com.example.tamaq.Controllers.HomeController - Rendering login page
2024-12-29 16:36:37 [http-nio-8080-exec-2] INFO  com.example.tamaq.Controllers.HomeController - Rendering login page
2024-12-29 16:36:38 [http-nio-8080-exec-6] INFO  com.example.tamaq.Controllers.HomeController - Rendering login page
2024-12-29 16:44:10 [SpringApplicationShutdownHook] INFO  org.springframework.orm.jpa.LocalContainerEntityManagerFactoryBean - Closing JPA EntityManagerFactory for persistence unit 'default'
2024-12-29 16:44:31 [background-preinit] INFO  org.hibernate.validator.internal.util.Version - HV000001: Hibernate Validator 8.0.1.Final
2024-12-29 16:44:32 [main] INFO  com.example.tamaq.TamaqApplication - Starting TamaqApplication using Java 23 with PID 2168 (C:\Users\raymbek\Desktop\tamaq\tamaq\target\classes started by raymbek in C:\Users\raymbek\Desktop\tamaq\tamaq)
2024-12-29 16:44:32 [main] INFO  com.example.tamaq.TamaqApplication - No active profile set, falling back to 1 default profile: "default"
2024-12-29 16:44:35 [main] INFO  org.springframework.data.repository.config.RepositoryConfigurationDelegate - Bootstrapping Spring Data JPA repositories in DEFAULT mode.
2024-12-29 16:44:35 [main] INFO  org.springframework.data.repository.config.RepositoryConfigurationDelegate - Finished Spring Data repository scanning in 351 ms. Found 6 JPA repository interfaces.
2024-12-29 16:44:38 [main] INFO  org.springframework.boot.web.embedded.tomcat.TomcatWebServer - Tomcat initialized with port 8080 (http)
2024-12-29 16:44:38 [main] INFO  org.springframework.boot.web.servlet.context.ServletWebServerApplicationContext - Root WebApplicationContext: initialization completed in 6682 ms
2024-12-29 16:44:39 [main] INFO  org.hibernate.jpa.internal.util.LogHelper - HHH000204: Processing PersistenceUnitInfo [name: default]
2024-12-29 16:44:39 [main] INFO  org.hibernate.Version - HHH000412: Hibernate ORM core version 6.5.3.Final
2024-12-29 16:44:40 [main] INFO  org.hibernate.cache.internal.RegionFactoryInitiator - HHH000026: Second-level cache disabled
2024-12-29 16:44:41 [main] INFO  org.springframework.orm.jpa.persistenceunit.SpringPersistenceUnitInfo - No LoadTimeWeaver setup: ignoring JPA class transformer
2024-12-29 16:44:47 [main] INFO  org.hibernate.engine.transaction.jta.platform.internal.JtaPlatformInitiator - HHH000489: No JTA platform available (set 'hibernate.transaction.jta.platform' to enable JTA platform integration)
2024-12-29 16:44:47 [main] INFO  org.springframework.orm.jpa.LocalContainerEntityManagerFactoryBean - Initialized JPA EntityManagerFactory for persistence unit 'default'
2024-12-29 16:44:49 [main] INFO  org.springframework.data.jpa.repository.query.QueryEnhancerFactory - Hibernate is in classpath; If applicable, HQL parser will be used.
2024-12-29 16:44:54 [main] INFO  org.springframework.security.config.annotation.authentication.configuration.InitializeUserDetailsBeanManagerConfigurer$InitializeUserDetailsManagerConfigurer - Global AuthenticationManager configured with UserDetailsService bean with name customUserDetailsService
2024-12-29 16:44:56 [main] INFO  org.springframework.boot.web.embedded.tomcat.TomcatWebServer - Tomcat started on port 8080 (http) with context path '/'
2024-12-29 16:44:56 [main] INFO  com.example.tamaq.TamaqApplication - Started TamaqApplication in 25.742 seconds (process running for 37.967)
2024-12-29 16:49:43 [http-nio-8080-exec-1] INFO  org.springframework.web.servlet.DispatcherServlet - Initializing Servlet 'dispatcherServlet'
2024-12-29 16:49:44 [http-nio-8080-exec-1] INFO  org.springframework.web.servlet.DispatcherServlet - Completed initialization in 1 ms
2024-12-29 16:49:44 [http-nio-8080-exec-2] INFO  com.example.tamaq.Controllers.HomeController - Rendering login page
2024-12-29 16:52:01 [SpringApplicationShutdownHook] INFO  org.springframework.orm.jpa.LocalContainerEntityManagerFactoryBean - Closing JPA EntityManagerFactory for persistence unit 'default'
2024-12-29 16:52:17 [background-preinit] INFO  org.hibernate.validator.internal.util.Version - HV000001: Hibernate Validator 8.0.1.Final
2024-12-29 16:52:17 [main] INFO  com.example.tamaq.TamaqApplication - Starting TamaqApplication using Java 23 with PID 9552 (C:\Users\raymbek\Desktop\tamaq\tamaq\target\classes started by raymbek in C:\Users\raymbek\Desktop\tamaq\tamaq)
2024-12-29 16:52:17 [main] INFO  com.example.tamaq.TamaqApplication - No active profile set, falling back to 1 default profile: "default"
2024-12-29 16:52:20 [main] INFO  org.springframework.data.repository.config.RepositoryConfigurationDelegate - Bootstrapping Spring Data JPA repositories in DEFAULT mode.
2024-12-29 16:52:21 [main] INFO  org.springframework.data.repository.config.RepositoryConfigurationDelegate - Finished Spring Data repository scanning in 499 ms. Found 6 JPA repository interfaces.
2024-12-29 16:52:24 [main] INFO  org.springframework.boot.web.embedded.tomcat.TomcatWebServer - Tomcat initialized with port 8080 (http)
2024-12-29 16:52:24 [main] INFO  org.springframework.boot.web.servlet.context.ServletWebServerApplicationContext - Root WebApplicationContext: initialization completed in 6646 ms
2024-12-29 16:52:25 [main] INFO  org.hibernate.jpa.internal.util.LogHelper - HHH000204: Processing PersistenceUnitInfo [name: default]
2024-12-29 16:52:25 [main] INFO  org.hibernate.Version - HHH000412: Hibernate ORM core version 6.5.3.Final
2024-12-29 16:52:26 [main] INFO  org.hibernate.cache.internal.RegionFactoryInitiator - HHH000026: Second-level cache disabled
2024-12-29 16:52:27 [main] INFO  org.springframework.orm.jpa.persistenceunit.SpringPersistenceUnitInfo - No LoadTimeWeaver setup: ignoring JPA class transformer
2024-12-29 16:52:35 [main] INFO  org.hibernate.engine.transaction.jta.platform.internal.JtaPlatformInitiator - HHH000489: No JTA platform available (set 'hibernate.transaction.jta.platform' to enable JTA platform integration)
2024-12-29 16:52:36 [main] INFO  org.springframework.orm.jpa.LocalContainerEntityManagerFactoryBean - Initialized JPA EntityManagerFactory for persistence unit 'default'
2024-12-29 16:52:38 [main] INFO  org.springframework.data.jpa.repository.query.QueryEnhancerFactory - Hibernate is in classpath; If applicable, HQL parser will be used.
2024-12-29 16:52:43 [main] INFO  org.springframework.security.config.annotation.authentication.configuration.InitializeUserDetailsBeanManagerConfigurer$InitializeUserDetailsManagerConfigurer - Global AuthenticationManager configured with UserDetailsService bean with name customUserDetailsService
2024-12-29 16:52:45 [main] INFO  org.springframework.boot.web.embedded.tomcat.TomcatWebServer - Tomcat started on port 8080 (http) with context path '/'
2024-12-29 16:52:45 [main] INFO  com.example.tamaq.TamaqApplication - Started TamaqApplication in 29.522 seconds (process running for 37.162)
2024-12-29 16:53:30 [http-nio-8080-exec-2] INFO  org.springframework.web.servlet.DispatcherServlet - Initializing Servlet 'dispatcherServlet'
2024-12-29 16:53:30 [http-nio-8080-exec-2] INFO  org.springframework.web.servlet.DispatcherServlet - Completed initialization in 14 ms
2024-12-29 16:53:30 [http-nio-8080-exec-1] INFO  com.example.tamaq.Controllers.HomeController - Rendering login page
2024-12-29 16:59:28 [SpringApplicationShutdownHook] INFO  org.springframework.orm.jpa.LocalContainerEntityManagerFactoryBean - Closing JPA EntityManagerFactory for persistence unit 'default'
2024-12-29 16:59:36 [background-preinit] INFO  org.hibernate.validator.internal.util.Version - HV000001: Hibernate Validator 8.0.1.Final
2024-12-29 16:59:36 [main] INFO  com.example.tamaq.TamaqApplication - Starting TamaqApplication using Java 23 with PID 8816 (C:\Users\raymbek\Desktop\tamaq\tamaq\target\classes started by raymbek in C:\Users\raymbek\Desktop\tamaq\tamaq)
2024-12-29 16:59:36 [main] INFO  com.example.tamaq.TamaqApplication - No active profile set, falling back to 1 default profile: "default"
2024-12-29 16:59:38 [main] INFO  org.springframework.data.repository.config.RepositoryConfigurationDelegate - Bootstrapping Spring Data JPA repositories in DEFAULT mode.
2024-12-29 16:59:38 [main] INFO  org.springframework.data.repository.config.RepositoryConfigurationDelegate - Finished Spring Data repository scanning in 183 ms. Found 6 JPA repository interfaces.
2024-12-29 16:59:40 [main] INFO  org.springframework.boot.web.embedded.tomcat.TomcatWebServer - Tomcat initialized with port 8080 (http)
2024-12-29 16:59:40 [main] INFO  org.springframework.boot.web.servlet.context.ServletWebServerApplicationContext - Root WebApplicationContext: initialization completed in 3534 ms
2024-12-29 16:59:40 [main] INFO  org.hibernate.jpa.internal.util.LogHelper - HHH000204: Processing PersistenceUnitInfo [name: default]
2024-12-29 16:59:40 [main] INFO  org.hibernate.Version - HHH000412: Hibernate ORM core version 6.5.3.Final
2024-12-29 16:59:41 [main] INFO  org.hibernate.cache.internal.RegionFactoryInitiator - HHH000026: Second-level cache disabled
2024-12-29 16:59:41 [main] INFO  org.springframework.orm.jpa.persistenceunit.SpringPersistenceUnitInfo - No LoadTimeWeaver setup: ignoring JPA class transformer
2024-12-29 16:59:45 [main] INFO  org.hibernate.engine.transaction.jta.platform.internal.JtaPlatformInitiator - HHH000489: No JTA platform available (set 'hibernate.transaction.jta.platform' to enable JTA platform integration)
2024-12-29 16:59:46 [main] INFO  org.springframework.orm.jpa.LocalContainerEntityManagerFactoryBean - Initialized JPA EntityManagerFactory for persistence unit 'default'
2024-12-29 16:59:47 [main] INFO  org.springframework.data.jpa.repository.query.QueryEnhancerFactory - Hibernate is in classpath; If applicable, HQL parser will be used.
2024-12-29 16:59:50 [main] INFO  org.springframework.security.config.annotation.authentication.configuration.InitializeUserDetailsBeanManagerConfigurer$InitializeUserDetailsManagerConfigurer - Global AuthenticationManager configured with UserDetailsService bean with name customUserDetailsService
2024-12-29 16:59:51 [main] INFO  org.springframework.boot.web.embedded.tomcat.TomcatWebServer - Tomcat started on port 8080 (http) with context path '/'
2024-12-29 16:59:51 [main] INFO  com.example.tamaq.TamaqApplication - Started TamaqApplication in 16.435 seconds (process running for 19.546)
2024-12-29 16:59:58 [http-nio-8080-exec-2] INFO  org.springframework.web.servlet.DispatcherServlet - Initializing Servlet 'dispatcherServlet'
2024-12-29 16:59:58 [http-nio-8080-exec-2] INFO  org.springframework.web.servlet.DispatcherServlet - Completed initialization in 1 ms
2024-12-29 16:59:58 [http-nio-8080-exec-1] INFO  com.example.tamaq.Controllers.HomeController - Rendering login page
2024-12-29 16:59:59 [http-nio-8080-exec-4] INFO  com.example.tamaq.Controllers.HomeController - Rendering login page
2024-12-29 16:59:59 [http-nio-8080-exec-6] INFO  com.example.tamaq.Controllers.HomeController - Rendering login page
2024-12-29 17:01:02 [SpringApplicationShutdownHook] INFO  org.springframework.orm.jpa.LocalContainerEntityManagerFactoryBean - Closing JPA EntityManagerFactory for persistence unit 'default'
2024-12-29 17:01:11 [background-preinit] INFO  org.hibernate.validator.internal.util.Version - HV000001: Hibernate Validator 8.0.1.Final
2024-12-29 17:01:11 [main] INFO  com.example.tamaq.TamaqApplication - Starting TamaqApplication using Java 23 with PID 9200 (C:\Users\raymbek\Desktop\tamaq\tamaq\target\classes started by raymbek in C:\Users\raymbek\Desktop\tamaq\tamaq)
2024-12-29 17:01:11 [main] INFO  com.example.tamaq.TamaqApplication - No active profile set, falling back to 1 default profile: "default"
2024-12-29 17:01:13 [main] INFO  org.springframework.data.repository.config.RepositoryConfigurationDelegate - Bootstrapping Spring Data JPA repositories in DEFAULT mode.
2024-12-29 17:01:13 [main] INFO  org.springframework.data.repository.config.RepositoryConfigurationDelegate - Finished Spring Data repository scanning in 183 ms. Found 6 JPA repository interfaces.
2024-12-29 17:01:14 [main] INFO  org.springframework.boot.web.embedded.tomcat.TomcatWebServer - Tomcat initialized with port 8080 (http)
2024-12-29 17:01:15 [main] INFO  org.springframework.boot.web.servlet.context.ServletWebServerApplicationContext - Root WebApplicationContext: initialization completed in 3699 ms
2024-12-29 17:01:15 [main] INFO  org.hibernate.jpa.internal.util.LogHelper - HHH000204: Processing PersistenceUnitInfo [name: default]
2024-12-29 17:01:15 [main] INFO  org.hibernate.Version - HHH000412: Hibernate ORM core version 6.5.3.Final
2024-12-29 17:01:15 [main] INFO  org.hibernate.cache.internal.RegionFactoryInitiator - HHH000026: Second-level cache disabled
2024-12-29 17:01:16 [main] INFO  org.springframework.orm.jpa.persistenceunit.SpringPersistenceUnitInfo - No LoadTimeWeaver setup: ignoring JPA class transformer
2024-12-29 17:01:19 [main] INFO  org.hibernate.engine.transaction.jta.platform.internal.JtaPlatformInitiator - HHH000489: No JTA platform available (set 'hibernate.transaction.jta.platform' to enable JTA platform integration)
2024-12-29 17:01:20 [main] INFO  org.springframework.orm.jpa.LocalContainerEntityManagerFactoryBean - Initialized JPA EntityManagerFactory for persistence unit 'default'
2024-12-29 17:01:21 [main] INFO  org.springframework.data.jpa.repository.query.QueryEnhancerFactory - Hibernate is in classpath; If applicable, HQL parser will be used.
2024-12-29 17:01:23 [main] INFO  org.springframework.security.config.annotation.authentication.configuration.InitializeUserDetailsBeanManagerConfigurer$InitializeUserDetailsManagerConfigurer - Global AuthenticationManager configured with UserDetailsService bean with name customUserDetailsService
2024-12-29 17:01:25 [main] INFO  org.springframework.boot.web.embedded.tomcat.TomcatWebServer - Tomcat started on port 8080 (http) with context path '/'
2024-12-29 17:01:25 [main] INFO  com.example.tamaq.TamaqApplication - Started TamaqApplication in 15.187 seconds (process running for 18.591)
2024-12-29 17:01:46 [http-nio-8080-exec-2] INFO  org.springframework.web.servlet.DispatcherServlet - Initializing Servlet 'dispatcherServlet'
2024-12-29 17:01:46 [http-nio-8080-exec-2] INFO  org.springframework.web.servlet.DispatcherServlet - Completed initialization in 3 ms
2024-12-29 17:01:46 [http-nio-8080-exec-3] INFO  com.example.tamaq.Controllers.HomeController - Rendering login page
2024-12-29 17:01:47 [http-nio-8080-exec-4] INFO  com.example.tamaq.Controllers.HomeController - Rendering login page
2024-12-29 17:12:51 [SpringApplicationShutdownHook] INFO  org.springframework.orm.jpa.LocalContainerEntityManagerFactoryBean - Closing JPA EntityManagerFactory for persistence unit 'default'
2024-12-29 17:13:01 [background-preinit] INFO  org.hibernate.validator.internal.util.Version - HV000001: Hibernate Validator 8.0.1.Final
2024-12-29 17:13:01 [main] INFO  com.example.tamaq.TamaqApplication - Starting TamaqApplication using Java 23 with PID 8728 (C:\Users\raymbek\Desktop\tamaq\tamaq\target\classes started by raymbek in C:\Users\raymbek\Desktop\tamaq\tamaq)
2024-12-29 17:13:01 [main] INFO  com.example.tamaq.TamaqApplication - No active profile set, falling back to 1 default profile: "default"
2024-12-29 17:13:03 [main] INFO  org.springframework.data.repository.config.RepositoryConfigurationDelegate - Bootstrapping Spring Data JPA repositories in DEFAULT mode.
2024-12-29 17:13:04 [main] INFO  org.springframework.data.repository.config.RepositoryConfigurationDelegate - Finished Spring Data repository scanning in 160 ms. Found 6 JPA repository interfaces.
2024-12-29 17:13:05 [main] INFO  org.springframework.boot.web.embedded.tomcat.TomcatWebServer - Tomcat initialized with port 8080 (http)
2024-12-29 17:13:05 [main] INFO  org.springframework.boot.web.servlet.context.ServletWebServerApplicationContext - Root WebApplicationContext: initialization completed in 3505 ms
2024-12-29 17:13:05 [main] INFO  org.hibernate.jpa.internal.util.LogHelper - HHH000204: Processing PersistenceUnitInfo [name: default]
2024-12-29 17:13:06 [main] INFO  org.hibernate.Version - HHH000412: Hibernate ORM core version 6.5.3.Final
2024-12-29 17:13:06 [main] INFO  org.hibernate.cache.internal.RegionFactoryInitiator - HHH000026: Second-level cache disabled
2024-12-29 17:13:06 [main] INFO  org.springframework.orm.jpa.persistenceunit.SpringPersistenceUnitInfo - No LoadTimeWeaver setup: ignoring JPA class transformer
2024-12-29 17:13:10 [main] INFO  org.hibernate.engine.transaction.jta.platform.internal.JtaPlatformInitiator - HHH000489: No JTA platform available (set 'hibernate.transaction.jta.platform' to enable JTA platform integration)
2024-12-29 17:13:10 [main] INFO  org.springframework.orm.jpa.LocalContainerEntityManagerFactoryBean - Initialized JPA EntityManagerFactory for persistence unit 'default'
2024-12-29 17:13:11 [main] INFO  org.springframework.data.jpa.repository.query.QueryEnhancerFactory - Hibernate is in classpath; If applicable, HQL parser will be used.
2024-12-29 17:13:13 [main] INFO  org.springframework.security.config.annotation.authentication.configuration.InitializeUserDetailsBeanManagerConfigurer$InitializeUserDetailsManagerConfigurer - Global AuthenticationManager configured with UserDetailsService bean with name customUserDetailsService
2024-12-29 17:13:14 [main] INFO  org.springframework.boot.web.embedded.tomcat.TomcatWebServer - Tomcat started on port 8080 (http) with context path '/'
2024-12-29 17:13:15 [main] INFO  com.example.tamaq.TamaqApplication - Started TamaqApplication in 14.659 seconds (process running for 18.162)
2024-12-29 17:13:15 [http-nio-8080-exec-1] INFO  org.springframework.web.servlet.DispatcherServlet - Initializing Servlet 'dispatcherServlet'
2024-12-29 17:13:15 [http-nio-8080-exec-1] INFO  org.springframework.web.servlet.DispatcherServlet - Completed initialization in 0 ms
2024-12-29 17:13:15 [http-nio-8080-exec-3] INFO  com.example.tamaq.Controllers.HomeController - Rendering login page
2024-12-29 17:14:48 [http-nio-8080-exec-5] INFO  com.example.tamaq.Controllers.HomeController - Rendering login page
2024-12-29 17:15:48 [http-nio-8080-exec-8] INFO  com.example.tamaq.Controllers.HomeController - Rendering login page
2024-12-29 17:16:48 [http-nio-8080-exec-1] INFO  com.example.tamaq.Controllers.HomeController - Rendering login page
2024-12-29 17:17:48 [http-nio-8080-exec-4] INFO  com.example.tamaq.Controllers.HomeController - Rendering login page
2024-12-29 17:18:48 [http-nio-8080-exec-7] INFO  com.example.tamaq.Controllers.HomeController - Rendering login page
2024-12-29 17:19:48 [http-nio-8080-exec-10] INFO  com.example.tamaq.Controllers.HomeController - Rendering login page
2024-12-29 17:19:56 [http-nio-8080-exec-2] INFO  com.example.tamaq.Controllers.HomeController - Rendering login page
2024-12-29 17:19:57 [http-nio-8080-exec-5] INFO  com.example.tamaq.Controllers.HomeController - Rendering login page
2024-12-29 17:20:02 [http-nio-8080-exec-7] INFO  com.example.tamaq.Controllers.HomeController - Rendering login page
2024-12-29 17:20:05 [http-nio-8080-exec-9] INFO  com.example.tamaq.Controllers.HomeController - Rendering login page
2024-12-29 17:21:18 [SpringApplicationShutdownHook] INFO  org.springframework.orm.jpa.LocalContainerEntityManagerFactoryBean - Closing JPA EntityManagerFactory for persistence unit 'default'
2024-12-29 17:21:24 [background-preinit] INFO  org.hibernate.validator.internal.util.Version - HV000001: Hibernate Validator 8.0.1.Final
2024-12-29 17:21:25 [main] INFO  com.example.tamaq.TamaqApplication - Starting TamaqApplication using Java 23 with PID 10668 (C:\Users\raymbek\Desktop\tamaq\tamaq\target\classes started by raymbek in C:\Users\raymbek\Desktop\tamaq\tamaq)
2024-12-29 17:21:25 [main] INFO  com.example.tamaq.TamaqApplication - No active profile set, falling back to 1 default profile: "default"
2024-12-29 17:21:26 [main] INFO  org.springframework.data.repository.config.RepositoryConfigurationDelegate - Bootstrapping Spring Data JPA repositories in DEFAULT mode.
2024-12-29 17:21:26 [main] INFO  org.springframework.data.repository.config.RepositoryConfigurationDelegate - Finished Spring Data repository scanning in 151 ms. Found 6 JPA repository interfaces.
2024-12-29 17:21:27 [main] INFO  org.springframework.boot.web.embedded.tomcat.TomcatWebServer - Tomcat initialized with port 8080 (http)
2024-12-29 17:21:28 [main] INFO  org.springframework.boot.web.servlet.context.ServletWebServerApplicationContext - Root WebApplicationContext: initialization completed in 2954 ms
2024-12-29 17:21:28 [main] INFO  org.hibernate.jpa.internal.util.LogHelper - HHH000204: Processing PersistenceUnitInfo [name: default]
2024-12-29 17:21:28 [main] INFO  org.hibernate.Version - HHH000412: Hibernate ORM core version 6.5.3.Final
2024-12-29 17:21:28 [main] INFO  org.hibernate.cache.internal.RegionFactoryInitiator - HHH000026: Second-level cache disabled
2024-12-29 17:21:29 [main] INFO  org.springframework.orm.jpa.persistenceunit.SpringPersistenceUnitInfo - No LoadTimeWeaver setup: ignoring JPA class transformer
2024-12-29 17:21:32 [main] INFO  org.hibernate.engine.transaction.jta.platform.internal.JtaPlatformInitiator - HHH000489: No JTA platform available (set 'hibernate.transaction.jta.platform' to enable JTA platform integration)
2024-12-29 17:21:32 [main] INFO  org.springframework.orm.jpa.LocalContainerEntityManagerFactoryBean - Initialized JPA EntityManagerFactory for persistence unit 'default'
2024-12-29 17:21:33 [main] INFO  org.springframework.data.jpa.repository.query.QueryEnhancerFactory - Hibernate is in classpath; If applicable, HQL parser will be used.
2024-12-29 17:21:35 [main] INFO  org.springframework.security.config.annotation.authentication.configuration.InitializeUserDetailsBeanManagerConfigurer$InitializeUserDetailsManagerConfigurer - Global AuthenticationManager configured with UserDetailsService bean with name customUserDetailsService
2024-12-29 17:21:36 [main] INFO  org.springframework.boot.web.embedded.tomcat.TomcatWebServer - Tomcat started on port 8080 (http) with context path '/'
2024-12-29 17:21:36 [main] INFO  com.example.tamaq.TamaqApplication - Started TamaqApplication in 12.583 seconds (process running for 14.952)
2024-12-29 17:21:42 [http-nio-8080-exec-1] INFO  org.springframework.web.servlet.DispatcherServlet - Initializing Servlet 'dispatcherServlet'
2024-12-29 17:21:42 [http-nio-8080-exec-1] INFO  org.springframework.web.servlet.DispatcherServlet - Completed initialization in 0 ms
2024-12-29 17:21:42 [http-nio-8080-exec-2] INFO  com.example.tamaq.Controllers.HomeController - Rendering login page
2024-12-29 17:21:43 [http-nio-8080-exec-4] INFO  com.example.tamaq.Controllers.HomeController - Rendering login page
2024-12-29 17:22:01 [SpringApplicationShutdownHook] INFO  org.springframework.orm.jpa.LocalContainerEntityManagerFactoryBean - Closing JPA EntityManagerFactory for persistence unit 'default'
2024-12-29 17:22:07 [background-preinit] INFO  org.hibernate.validator.internal.util.Version - HV000001: Hibernate Validator 8.0.1.Final
2024-12-29 17:22:07 [main] INFO  com.example.tamaq.TamaqApplication - Starting TamaqApplication using Java 23 with PID 12932 (C:\Users\raymbek\Desktop\tamaq\tamaq\target\classes started by raymbek in C:\Users\raymbek\Desktop\tamaq\tamaq)
2024-12-29 17:22:07 [main] INFO  com.example.tamaq.TamaqApplication - No active profile set, falling back to 1 default profile: "default"
2024-12-29 17:22:09 [main] INFO  org.springframework.data.repository.config.RepositoryConfigurationDelegate - Bootstrapping Spring Data JPA repositories in DEFAULT mode.
2024-12-29 17:22:09 [main] INFO  org.springframework.data.repository.config.RepositoryConfigurationDelegate - Finished Spring Data repository scanning in 152 ms. Found 6 JPA repository interfaces.
2024-12-29 17:22:10 [main] INFO  org.springframework.boot.web.embedded.tomcat.TomcatWebServer - Tomcat initialized with port 8080 (http)
2024-12-29 17:22:10 [main] INFO  org.springframework.boot.web.servlet.context.ServletWebServerApplicationContext - Root WebApplicationContext: initialization completed in 2997 ms
2024-12-29 17:22:11 [main] INFO  org.hibernate.jpa.internal.util.LogHelper - HHH000204: Processing PersistenceUnitInfo [name: default]
2024-12-29 17:22:11 [main] INFO  org.hibernate.Version - HHH000412: Hibernate ORM core version 6.5.3.Final
2024-12-29 17:22:11 [main] INFO  org.hibernate.cache.internal.RegionFactoryInitiator - HHH000026: Second-level cache disabled
2024-12-29 17:22:12 [main] INFO  org.springframework.orm.jpa.persistenceunit.SpringPersistenceUnitInfo - No LoadTimeWeaver setup: ignoring JPA class transformer
2024-12-29 17:22:14 [main] INFO  org.hibernate.engine.transaction.jta.platform.internal.JtaPlatformInitiator - HHH000489: No JTA platform available (set 'hibernate.transaction.jta.platform' to enable JTA platform integration)
2024-12-29 17:22:15 [main] INFO  org.springframework.orm.jpa.LocalContainerEntityManagerFactoryBean - Initialized JPA EntityManagerFactory for persistence unit 'default'
2024-12-29 17:22:16 [main] INFO  org.springframework.data.jpa.repository.query.QueryEnhancerFactory - Hibernate is in classpath; If applicable, HQL parser will be used.
2024-12-29 17:22:18 [main] INFO  org.springframework.security.config.annotation.authentication.configuration.InitializeUserDetailsBeanManagerConfigurer$InitializeUserDetailsManagerConfigurer - Global AuthenticationManager configured with UserDetailsService bean with name customUserDetailsService
2024-12-29 17:22:19 [main] INFO  org.springframework.boot.web.embedded.tomcat.TomcatWebServer - Tomcat started on port 8080 (http) with context path '/'
2024-12-29 17:22:19 [main] INFO  com.example.tamaq.TamaqApplication - Started TamaqApplication in 12.54 seconds (process running for 15.109)
2024-12-29 17:22:19 [http-nio-8080-exec-1] INFO  org.springframework.web.servlet.DispatcherServlet - Initializing Servlet 'dispatcherServlet'
2024-12-29 17:22:19 [http-nio-8080-exec-1] INFO  org.springframework.web.servlet.DispatcherServlet - Completed initialization in 15 ms
2024-12-29 17:22:19 [http-nio-8080-exec-2] INFO  com.example.tamaq.Controllers.HomeController - Rendering login page
2024-12-29 17:22:21 [http-nio-8080-exec-4] INFO  com.example.tamaq.Controllers.HomeController - Rendering login page
2024-12-29 17:25:46 [SpringApplicationShutdownHook] INFO  org.springframework.orm.jpa.LocalContainerEntityManagerFactoryBean - Closing JPA EntityManagerFactory for persistence unit 'default'
2024-12-29 17:25:53 [background-preinit] INFO  org.hibernate.validator.internal.util.Version - HV000001: Hibernate Validator 8.0.1.Final
2024-12-29 17:25:53 [main] INFO  com.example.tamaq.TamaqApplication - Starting TamaqApplication using Java 23 with PID 12308 (C:\Users\raymbek\Desktop\tamaq\tamaq\target\classes started by raymbek in C:\Users\raymbek\Desktop\tamaq\tamaq)
2024-12-29 17:25:53 [main] INFO  com.example.tamaq.TamaqApplication - No active profile set, falling back to 1 default profile: "default"
2024-12-29 17:25:56 [main] INFO  org.springframework.data.repository.config.RepositoryConfigurationDelegate - Bootstrapping Spring Data JPA repositories in DEFAULT mode.
2024-12-29 17:25:57 [main] INFO  org.springframework.data.repository.config.RepositoryConfigurationDelegate - Finished Spring Data repository scanning in 572 ms. Found 6 JPA repository interfaces.
2024-12-29 17:26:00 [main] INFO  org.springframework.boot.web.embedded.tomcat.TomcatWebServer - Tomcat initialized with port 8080 (http)
2024-12-29 17:26:00 [main] INFO  org.springframework.boot.web.servlet.context.ServletWebServerApplicationContext - Root WebApplicationContext: initialization completed in 7456 ms
2024-12-29 17:26:01 [main] INFO  org.hibernate.jpa.internal.util.LogHelper - HHH000204: Processing PersistenceUnitInfo [name: default]
2024-12-29 17:26:01 [main] INFO  org.hibernate.Version - HHH000412: Hibernate ORM core version 6.5.3.Final
2024-12-29 17:26:02 [main] INFO  org.hibernate.cache.internal.RegionFactoryInitiator - HHH000026: Second-level cache disabled
2024-12-29 17:26:03 [main] INFO  org.springframework.orm.jpa.persistenceunit.SpringPersistenceUnitInfo - No LoadTimeWeaver setup: ignoring JPA class transformer
2024-12-29 17:26:08 [main] INFO  org.hibernate.engine.transaction.jta.platform.internal.JtaPlatformInitiator - HHH000489: No JTA platform available (set 'hibernate.transaction.jta.platform' to enable JTA platform integration)
2024-12-29 17:26:08 [main] INFO  org.springframework.orm.jpa.LocalContainerEntityManagerFactoryBean - Initialized JPA EntityManagerFactory for persistence unit 'default'
2024-12-29 17:26:09 [main] INFO  org.springframework.data.jpa.repository.query.QueryEnhancerFactory - Hibernate is in classpath; If applicable, HQL parser will be used.
2024-12-29 17:26:12 [main] INFO  org.springframework.security.config.annotation.authentication.configuration.InitializeUserDetailsBeanManagerConfigurer$InitializeUserDetailsManagerConfigurer - Global AuthenticationManager configured with UserDetailsService bean with name customUserDetailsService
2024-12-29 17:26:14 [main] INFO  org.springframework.boot.web.embedded.tomcat.TomcatWebServer - Tomcat started on port 8080 (http) with context path '/'
2024-12-29 17:26:14 [main] INFO  com.example.tamaq.TamaqApplication - Started TamaqApplication in 22.376 seconds (process running for 25.001)
2024-12-29 17:28:00 [http-nio-8080-exec-1] INFO  org.springframework.web.servlet.DispatcherServlet - Initializing Servlet 'dispatcherServlet'
2024-12-29 17:28:00 [http-nio-8080-exec-1] INFO  org.springframework.web.servlet.DispatcherServlet - Completed initialization in 0 ms
2024-12-29 17:28:00 [http-nio-8080-exec-2] INFO  com.example.tamaq.Controllers.HomeController - Rendering login page
2024-12-29 17:46:03 [SpringApplicationShutdownHook] INFO  org.springframework.orm.jpa.LocalContainerEntityManagerFactoryBean - Closing JPA EntityManagerFactory for persistence unit 'default'
2024-12-29 17:46:15 [background-preinit] INFO  org.hibernate.validator.internal.util.Version - HV000001: Hibernate Validator 8.0.1.Final
2024-12-29 17:46:15 [main] INFO  com.example.tamaq.TamaqApplication - Starting TamaqApplication using Java 23 with PID 3264 (C:\Users\raymbek\Desktop\tamaq\tamaq\target\classes started by raymbek in C:\Users\raymbek\Desktop\tamaq\tamaq)
2024-12-29 17:46:15 [main] INFO  com.example.tamaq.TamaqApplication - No active profile set, falling back to 1 default profile: "default"
2024-12-29 17:46:18 [main] INFO  org.springframework.data.repository.config.RepositoryConfigurationDelegate - Bootstrapping Spring Data JPA repositories in DEFAULT mode.
2024-12-29 17:46:19 [main] INFO  org.springframework.data.repository.config.RepositoryConfigurationDelegate - Finished Spring Data repository scanning in 258 ms. Found 6 JPA repository interfaces.
2024-12-29 17:46:21 [main] INFO  org.springframework.boot.web.embedded.tomcat.TomcatWebServer - Tomcat initialized with port 8080 (http)
2024-12-29 17:46:21 [main] INFO  org.springframework.boot.web.servlet.context.ServletWebServerApplicationContext - Root WebApplicationContext: initialization completed in 5413 ms
2024-12-29 17:46:22 [main] INFO  org.hibernate.jpa.internal.util.LogHelper - HHH000204: Processing PersistenceUnitInfo [name: default]
2024-12-29 17:46:22 [main] INFO  org.hibernate.Version - HHH000412: Hibernate ORM core version 6.5.3.Final
2024-12-29 17:46:22 [main] INFO  org.hibernate.cache.internal.RegionFactoryInitiator - HHH000026: Second-level cache disabled
2024-12-29 17:46:23 [main] INFO  org.springframework.orm.jpa.persistenceunit.SpringPersistenceUnitInfo - No LoadTimeWeaver setup: ignoring JPA class transformer
2024-12-29 17:46:29 [main] INFO  org.hibernate.engine.transaction.jta.platform.internal.JtaPlatformInitiator - HHH000489: No JTA platform available (set 'hibernate.transaction.jta.platform' to enable JTA platform integration)
2024-12-29 17:46:29 [main] INFO  org.springframework.orm.jpa.LocalContainerEntityManagerFactoryBean - Initialized JPA EntityManagerFactory for persistence unit 'default'
2024-12-29 17:46:31 [main] INFO  org.springframework.data.jpa.repository.query.QueryEnhancerFactory - Hibernate is in classpath; If applicable, HQL parser will be used.
2024-12-29 17:46:34 [main] INFO  org.springframework.security.config.annotation.authentication.configuration.InitializeUserDetailsBeanManagerConfigurer$InitializeUserDetailsManagerConfigurer - Global AuthenticationManager configured with UserDetailsService bean with name customUserDetailsService
2024-12-29 17:46:37 [main] INFO  org.springframework.boot.web.embedded.tomcat.TomcatWebServer - Tomcat started on port 8080 (http) with context path '/'
2024-12-29 17:46:37 [main] INFO  com.example.tamaq.TamaqApplication - Started TamaqApplication in 22.771 seconds (process running for 27.187)
2024-12-29 17:48:45 [http-nio-8080-exec-1] INFO  org.springframework.web.servlet.DispatcherServlet - Initializing Servlet 'dispatcherServlet'
2024-12-29 17:48:45 [http-nio-8080-exec-1] INFO  org.springframework.web.servlet.DispatcherServlet - Completed initialization in 0 ms
2024-12-29 17:48:46 [http-nio-8080-exec-2] INFO  com.example.tamaq.Controllers.HomeController - Rendering login page
2024-12-29 17:51:19 [SpringApplicationShutdownHook] INFO  org.springframework.orm.jpa.LocalContainerEntityManagerFactoryBean - Closing JPA EntityManagerFactory for persistence unit 'default'
