2025-01-13 08:23:57 [background-preinit] INFO  org.hibernate.validator.internal.util.Version - HV000001: Hibernate Validator 8.0.1.Final
2025-01-13 08:23:58 [main] INFO  com.example.tamaq.TamaqApplication - Starting TamaqApplication using Java 23 with PID 1992 (C:\Users\raymbek\Desktop\tamaq\tamaq\target\classes started by raymbek in C:\Users\raymbek\Desktop\tamaq\tamaq)
2025-01-13 08:23:58 [main] INFO  com.example.tamaq.TamaqApplication - No active profile set, falling back to 1 default profile: "default"
2025-01-13 08:24:00 [main] INFO  org.springframework.data.repository.config.RepositoryConfigurationDelegate - Bootstrapping Spring Data JPA repositories in DEFAULT mode.
2025-01-13 08:24:00 [main] INFO  org.springframework.data.repository.config.RepositoryConfigurationDelegate - Finished Spring Data repository scanning in 184 ms. Found 6 JPA repository interfaces.
2025-01-13 08:24:01 [main] INFO  org.springframework.boot.web.embedded.tomcat.TomcatWebServer - Tomcat initialized with port 8080 (http)
2025-01-13 08:24:02 [main] INFO  org.springframework.boot.web.servlet.context.ServletWebServerApplicationContext - Root WebApplicationContext: initialization completed in 3931 ms
2025-01-13 08:24:02 [main] INFO  org.hibernate.jpa.internal.util.LogHelper - HHH000204: Processing PersistenceUnitInfo [name: default]
2025-01-13 08:24:02 [main] INFO  org.hibernate.Version - HHH000412: Hibernate ORM core version 6.5.3.Final
2025-01-13 08:24:02 [main] INFO  org.hibernate.cache.internal.RegionFactoryInitiator - HHH000026: Second-level cache disabled
2025-01-13 08:24:03 [main] INFO  org.springframework.orm.jpa.persistenceunit.SpringPersistenceUnitInfo - No LoadTimeWeaver setup: ignoring JPA class transformer
2025-01-13 08:24:07 [main] INFO  org.hibernate.engine.transaction.jta.platform.internal.JtaPlatformInitiator - HHH000489: No JTA platform available (set 'hibernate.transaction.jta.platform' to enable JTA platform integration)
2025-01-13 08:24:08 [main] INFO  org.springframework.orm.jpa.LocalContainerEntityManagerFactoryBean - Initialized JPA EntityManagerFactory for persistence unit 'default'
2025-01-13 08:24:11 [main] INFO  org.springframework.data.jpa.repository.query.QueryEnhancerFactory - Hibernate is in classpath; If applicable, HQL parser will be used.
2025-01-13 08:24:15 [main] INFO  org.springframework.security.config.annotation.authentication.configuration.InitializeUserDetailsBeanManagerConfigurer$InitializeUserDetailsManagerConfigurer - Global AuthenticationManager configured with UserDetailsService bean with name customUserDetailsService
2025-01-13 08:24:17 [main] INFO  org.springframework.boot.web.embedded.tomcat.TomcatWebServer - Tomcat started on port 8080 (http) with context path '/'
2025-01-13 08:24:17 [main] INFO  com.example.tamaq.TamaqApplication - Started TamaqApplication in 20.523 seconds (process running for 27.595)
2025-01-13 08:24:17 [http-nio-8080-exec-1] INFO  org.springframework.web.servlet.DispatcherServlet - Initializing Servlet 'dispatcherServlet'
2025-01-13 08:24:17 [http-nio-8080-exec-1] INFO  org.springframework.web.servlet.DispatcherServlet - Completed initialization in 2 ms
2025-01-13 08:24:30 [http-nio-8080-exec-6] INFO  com.example.tamaq.Controllers.HomeController - Загрузка главной страницы для пользователя: admin
2025-01-13 08:24:30 [http-nio-8080-exec-6] INFO  com.example.tamaq.Controllers.HomeController - Главная страница успешно загружена для пользователя: admin
2025-01-13 08:24:32 [http-nio-8080-exec-8] INFO  com.example.tamaq.Services.UserService - Поиск пользователя по имени: admin
2025-01-13 08:24:32 [http-nio-8080-exec-9] INFO  com.example.tamaq.Services.UserService - Поиск пользователя по имени: admin
2025-01-13 08:24:32 [http-nio-8080-exec-2] INFO  com.example.tamaq.Services.UserService - Поиск пользователя по имени: admin
2025-01-13 08:24:33 [http-nio-8080-exec-6] INFO  com.example.tamaq.Services.UserService - Поиск пользователя по имени: admin
2025-01-13 08:24:34 [http-nio-8080-exec-1] INFO  com.example.tamaq.Services.UserService - Поиск пользователя по имени: admin
2025-01-13 08:24:35 [http-nio-8080-exec-9] INFO  com.example.tamaq.Services.UserService - Поиск пользователя по имени: admin
2025-01-13 08:24:36 [http-nio-8080-exec-2] INFO  com.example.tamaq.Services.UserService - Поиск пользователя по имени: admin
2025-01-13 08:24:37 [http-nio-8080-exec-6] INFO  com.example.tamaq.Services.UserService - Поиск пользователя по имени: admin
2025-01-13 08:24:38 [http-nio-8080-exec-1] INFO  com.example.tamaq.Services.UserService - Поиск пользователя по имени: admin
2025-01-13 08:24:39 [http-nio-8080-exec-7] INFO  com.example.tamaq.Services.UserService - Поиск пользователя по имени: admin
2025-01-13 08:24:40 [http-nio-8080-exec-10] INFO  com.example.tamaq.Services.UserService - Поиск пользователя по имени: admin
2025-01-13 08:24:41 [http-nio-8080-exec-5] INFO  com.example.tamaq.Services.UserService - Поиск пользователя по имени: admin
2025-01-13 08:24:42 [http-nio-8080-exec-3] INFO  com.example.tamaq.Services.UserService - Поиск пользователя по имени: admin
2025-01-13 08:24:42 [http-nio-8080-exec-6] INFO  com.example.tamaq.Services.UserService - Поиск пользователя по имени: admin
2025-01-13 08:24:43 [http-nio-8080-exec-1] INFO  com.example.tamaq.Services.UserService - Поиск пользователя по имени: admin
2025-01-13 08:24:43 [http-nio-8080-exec-7] INFO  com.example.tamaq.Controllers.UserProfileController - Получение профиля пользователя: admin
2025-01-13 08:24:43 [http-nio-8080-exec-7] INFO  com.example.tamaq.Services.UserService - Поиск пользователя по имени: admin
2025-01-13 08:24:43 [http-nio-8080-exec-7] INFO  com.example.tamaq.Controllers.UserProfileController - Данные профиля и заказы загружены для пользователя: admin
2025-01-13 08:24:44 [http-nio-8080-exec-10] INFO  com.example.tamaq.Services.UserService - Поиск пользователя по имени: admin
2025-01-13 08:24:45 [http-nio-8080-exec-5] INFO  com.example.tamaq.Services.UserService - Поиск пользователя по имени: admin
2025-01-13 08:24:46 [http-nio-8080-exec-6] INFO  com.example.tamaq.Services.UserService - Поиск пользователя по имени: admin
2025-01-13 08:24:47 [http-nio-8080-exec-9] INFO  com.example.tamaq.Services.UserService - Поиск пользователя по имени: admin
2025-01-13 08:24:48 [http-nio-8080-exec-1] INFO  com.example.tamaq.Services.UserService - Поиск пользователя по имени: admin
2025-01-13 08:24:48 [http-nio-8080-exec-7] INFO  com.example.tamaq.Services.UserService - Поиск пользователя по имени: admin
2025-01-13 08:24:48 [http-nio-8080-exec-10] INFO  com.example.tamaq.Services.UserService - Поиск пользователя по имени: admin
2025-01-13 08:24:49 [http-nio-8080-exec-5] INFO  com.example.tamaq.Services.UserService - Поиск пользователя по имени: admin
2025-01-13 08:24:50 [http-nio-8080-exec-2] INFO  com.example.tamaq.Services.UserService - Поиск пользователя по имени: admin
2025-01-13 08:24:51 [http-nio-8080-exec-8] INFO  com.example.tamaq.Services.UserService - Поиск пользователя по имени: admin
2025-01-13 08:24:51 [http-nio-8080-exec-4] INFO  com.example.tamaq.Services.UserService - Поиск пользователя по имени: admin
2025-01-13 08:24:51 [http-nio-8080-exec-9] INFO  com.example.tamaq.Services.UserService - Поиск пользователя по имени: admin
2025-01-13 08:24:52 [http-nio-8080-exec-1] INFO  com.example.tamaq.Services.UserService - Поиск пользователя по имени: admin
2025-01-13 08:24:53 [http-nio-8080-exec-7] INFO  com.example.tamaq.Services.UserService - Поиск пользователя по имени: admin
2025-01-13 08:24:54 [http-nio-8080-exec-10] INFO  com.example.tamaq.Services.UserService - Поиск пользователя по имени: admin
2025-01-13 08:24:54 [http-nio-8080-exec-5] INFO  com.example.tamaq.Services.UserService - Поиск пользователя по имени: admin
2025-01-13 08:24:55 [http-nio-8080-exec-3] INFO  com.example.tamaq.Services.UserService - Поиск пользователя по имени: admin
2025-01-13 08:24:56 [http-nio-8080-exec-9] INFO  com.example.tamaq.Services.UserService - Поиск пользователя по имени: admin
2025-01-13 08:24:57 [http-nio-8080-exec-6] INFO  com.example.tamaq.Services.UserService - Поиск пользователя по имени: admin
2025-01-13 08:24:58 [http-nio-8080-exec-1] INFO  com.example.tamaq.Services.UserService - Поиск пользователя по имени: admin
2025-01-13 08:24:59 [http-nio-8080-exec-7] INFO  com.example.tamaq.Services.UserService - Поиск пользователя по имени: admin
2025-01-13 08:25:00 [http-nio-8080-exec-10] INFO  com.example.tamaq.Services.UserService - Поиск пользователя по имени: admin
2025-01-13 08:25:01 [http-nio-8080-exec-5] INFO  com.example.tamaq.Services.UserService - Поиск пользователя по имени: admin
2025-01-13 08:25:02 [http-nio-8080-exec-2] INFO  com.example.tamaq.Services.UserService - Поиск пользователя по имени: admin
2025-01-13 08:25:03 [http-nio-8080-exec-4] INFO  com.example.tamaq.Services.UserService - Поиск пользователя по имени: admin
2025-01-13 08:25:04 [http-nio-8080-exec-8] INFO  com.example.tamaq.Services.UserService - Поиск пользователя по имени: admin
2025-01-13 08:25:05 [http-nio-8080-exec-9] INFO  com.example.tamaq.Services.UserService - Поиск пользователя по имени: admin
2025-01-13 08:25:06 [http-nio-8080-exec-6] INFO  com.example.tamaq.Services.UserService - Поиск пользователя по имени: admin
2025-01-13 08:25:07 [http-nio-8080-exec-1] INFO  com.example.tamaq.Services.UserService - Поиск пользователя по имени: admin
2025-01-13 08:25:08 [http-nio-8080-exec-7] INFO  com.example.tamaq.Services.UserService - Поиск пользователя по имени: admin
2025-01-13 08:25:09 [http-nio-8080-exec-10] INFO  com.example.tamaq.Services.UserService - Поиск пользователя по имени: admin
2025-01-13 08:25:10 [http-nio-8080-exec-5] INFO  com.example.tamaq.Services.UserService - Поиск пользователя по имени: admin
2025-01-13 08:25:11 [http-nio-8080-exec-2] INFO  com.example.tamaq.Services.UserService - Поиск пользователя по имени: admin
2025-01-13 08:25:12 [http-nio-8080-exec-4] INFO  com.example.tamaq.Services.UserService - Поиск пользователя по имени: admin
2025-01-13 08:25:13 [http-nio-8080-exec-8] INFO  com.example.tamaq.Services.UserService - Поиск пользователя по имени: admin
2025-01-13 08:25:14 [http-nio-8080-exec-3] INFO  com.example.tamaq.Services.UserService - Поиск пользователя по имени: admin
2025-01-13 08:25:15 [http-nio-8080-exec-6] INFO  com.example.tamaq.Services.UserService - Поиск пользователя по имени: admin
2025-01-13 08:25:16 [http-nio-8080-exec-1] INFO  com.example.tamaq.Services.UserService - Поиск пользователя по имени: admin
2025-01-13 08:25:17 [http-nio-8080-exec-7] INFO  com.example.tamaq.Services.UserService - Поиск пользователя по имени: admin
2025-01-13 08:25:18 [http-nio-8080-exec-10] INFO  com.example.tamaq.Services.UserService - Поиск пользователя по имени: admin
2025-01-13 08:25:19 [http-nio-8080-exec-5] INFO  com.example.tamaq.Services.UserService - Поиск пользователя по имени: admin
2025-01-13 08:25:20 [http-nio-8080-exec-2] INFO  com.example.tamaq.Services.UserService - Поиск пользователя по имени: admin
2025-01-13 08:25:21 [http-nio-8080-exec-4] INFO  com.example.tamaq.Services.UserService - Поиск пользователя по имени: admin
2025-01-13 08:25:22 [http-nio-8080-exec-8] INFO  com.example.tamaq.Services.UserService - Поиск пользователя по имени: admin
2025-01-13 08:25:23 [http-nio-8080-exec-3] INFO  com.example.tamaq.Services.UserService - Поиск пользователя по имени: admin
2025-01-13 08:25:24 [http-nio-8080-exec-9] INFO  com.example.tamaq.Services.UserService - Поиск пользователя по имени: admin
2025-01-13 08:25:25 [http-nio-8080-exec-6] INFO  com.example.tamaq.Services.UserService - Поиск пользователя по имени: admin
2025-01-13 08:25:25 [http-nio-8080-exec-7] INFO  com.example.tamaq.Services.UserService - Поиск пользователя по имени: admin
2025-01-13 08:25:26 [http-nio-8080-exec-10] INFO  com.example.tamaq.Services.UserService - Поиск пользователя по имени: admin
2025-01-13 08:25:27 [http-nio-8080-exec-5] INFO  com.example.tamaq.Services.UserService - Поиск пользователя по имени: admin
2025-01-13 08:25:28 [http-nio-8080-exec-2] INFO  com.example.tamaq.Services.UserService - Поиск пользователя по имени: admin
2025-01-13 08:25:29 [http-nio-8080-exec-4] INFO  com.example.tamaq.Services.UserService - Поиск пользователя по имени: admin
2025-01-13 08:25:30 [http-nio-8080-exec-8] INFO  com.example.tamaq.Services.UserService - Поиск пользователя по имени: admin
2025-01-13 08:25:31 [http-nio-8080-exec-1] INFO  com.example.tamaq.Services.UserService - Поиск пользователя по имени: admin
2025-01-13 08:25:32 [http-nio-8080-exec-7] INFO  com.example.tamaq.Services.UserService - Поиск пользователя по имени: admin
2025-01-13 08:25:32 [http-nio-8080-exec-6] INFO  com.example.tamaq.Services.UserService - Поиск пользователя по имени: admin
2025-01-13 08:25:33 [http-nio-8080-exec-10] INFO  com.example.tamaq.Services.UserService - Поиск пользователя по имени: admin
2025-01-13 08:25:34 [http-nio-8080-exec-5] INFO  com.example.tamaq.Services.UserService - Поиск пользователя по имени: admin
2025-01-13 08:25:34 [http-nio-8080-exec-2] INFO  com.example.tamaq.Controllers.HomeController - Загрузка главной страницы для пользователя: admin
2025-01-13 08:25:34 [http-nio-8080-exec-2] INFO  com.example.tamaq.Controllers.HomeController - Главная страница успешно загружена для пользователя: admin
2025-01-13 08:25:35 [http-nio-8080-exec-9] INFO  com.example.tamaq.Services.UserService - Поиск пользователя по имени: admin
2025-01-13 08:25:35 [http-nio-8080-exec-10] INFO  com.example.tamaq.Services.UserService - Поиск пользователя по имени: admin
2025-01-13 08:25:37 [http-nio-8080-exec-5] INFO  com.example.tamaq.Services.UserService - Поиск пользователя по имени: admin
2025-01-13 08:25:38 [http-nio-8080-exec-1] INFO  com.example.tamaq.Services.UserService - Поиск пользователя по имени: admin
2025-01-13 08:25:38 [http-nio-8080-exec-8] INFO  com.example.tamaq.Services.UserService - Поиск пользователя по имени: admin
2025-01-13 08:25:40 [http-nio-8080-exec-3] INFO  com.example.tamaq.Services.UserService - Поиск пользователя по имени: admin
2025-01-13 08:25:41 [http-nio-8080-exec-7] INFO  com.example.tamaq.Services.UserService - Поиск пользователя по имени: admin
2025-01-13 08:25:42 [http-nio-8080-exec-9] INFO  com.example.tamaq.Services.UserService - Поиск пользователя по имени: admin
2025-01-13 08:25:43 [http-nio-8080-exec-2] INFO  com.example.tamaq.Services.UserService - Поиск пользователя по имени: admin
2025-01-13 08:25:44 [http-nio-8080-exec-6] INFO  com.example.tamaq.Services.UserService - Поиск пользователя по имени: admin
2025-01-13 08:25:45 [http-nio-8080-exec-4] INFO  com.example.tamaq.Services.UserService - Поиск пользователя по имени: admin
2025-01-13 08:25:46 [http-nio-8080-exec-7] INFO  com.example.tamaq.Services.UserService - Поиск пользователя по имени: admin
2025-01-13 08:25:46 [http-nio-8080-exec-9] INFO  com.example.tamaq.Services.UserService - Поиск пользователя по имени: admin
2025-01-13 08:25:47 [http-nio-8080-exec-2] INFO  com.example.tamaq.Services.UserService - Поиск пользователя по имени: admin
2025-01-13 08:25:47 [http-nio-8080-exec-6] INFO  com.example.tamaq.Services.UserService - Поиск пользователя по имени: admin
2025-01-13 08:25:47 [http-nio-8080-exec-4] INFO  com.example.tamaq.Services.UserService - Поиск пользователя по имени: admin
2025-01-13 08:25:47 [http-nio-8080-exec-3] INFO  com.example.tamaq.Services.UserService - Поиск пользователя по имени: admin
2025-01-13 08:25:48 [http-nio-8080-exec-5] INFO  com.example.tamaq.Services.UserService - Поиск пользователя по имени: admin
2025-01-13 08:25:48 [http-nio-8080-exec-8] INFO  com.example.tamaq.Services.UserService - Поиск пользователя по имени: admin
2025-01-13 08:25:48 [http-nio-8080-exec-10] INFO  com.example.tamaq.Services.UserService - Поиск пользователя по имени: admin
2025-01-13 08:25:49 [http-nio-8080-exec-1] INFO  com.example.tamaq.Services.UserService - Поиск пользователя по имени: admin
2025-01-13 08:25:49 [http-nio-8080-exec-7] INFO  com.example.tamaq.Services.UserService - Поиск пользователя по имени: admin
2025-01-13 08:25:49 [http-nio-8080-exec-9] INFO  com.example.tamaq.Services.UserService - Поиск пользователя по имени: admin
2025-01-13 08:25:50 [http-nio-8080-exec-2] INFO  com.example.tamaq.Services.UserService - Поиск пользователя по имени: admin
2025-01-13 08:25:50 [http-nio-8080-exec-3] INFO  com.example.tamaq.Services.UserService - Поиск пользователя по имени: admin
2025-01-13 08:25:51 [http-nio-8080-exec-5] INFO  com.example.tamaq.Services.UserService - Поиск пользователя по имени: admin
2025-01-13 08:25:52 [http-nio-8080-exec-8] INFO  com.example.tamaq.Services.UserService - Поиск пользователя по имени: admin
2025-01-13 08:25:52 [http-nio-8080-exec-10] INFO  com.example.tamaq.Services.UserService - Поиск пользователя по имени: admin
2025-01-13 08:25:53 [http-nio-8080-exec-1] INFO  com.example.tamaq.Services.UserService - Поиск пользователя по имени: admin
2025-01-13 08:25:54 [http-nio-8080-exec-7] INFO  com.example.tamaq.Services.UserService - Поиск пользователя по имени: admin
2025-01-13 08:25:55 [http-nio-8080-exec-9] INFO  com.example.tamaq.Services.UserService - Поиск пользователя по имени: admin
2025-01-13 08:25:56 [http-nio-8080-exec-4] INFO  com.example.tamaq.Services.UserService - Поиск пользователя по имени: admin
2025-01-13 08:25:57 [http-nio-8080-exec-5] INFO  com.example.tamaq.Services.UserService - Поиск пользователя по имени: admin
2025-01-13 08:25:58 [http-nio-8080-exec-8] INFO  com.example.tamaq.Services.UserService - Поиск пользователя по имени: admin
2025-01-13 08:25:59 [http-nio-8080-exec-10] INFO  com.example.tamaq.Services.UserService - Поиск пользователя по имени: admin
2025-01-13 08:26:00 [http-nio-8080-exec-1] INFO  com.example.tamaq.Services.UserService - Поиск пользователя по имени: admin
2025-01-13 08:26:01 [http-nio-8080-exec-7] INFO  com.example.tamaq.Services.UserService - Поиск пользователя по имени: admin
2025-01-13 08:26:02 [http-nio-8080-exec-9] INFO  com.example.tamaq.Services.UserService - Поиск пользователя по имени: admin
2025-01-13 08:26:03 [http-nio-8080-exec-6] INFO  com.example.tamaq.Services.UserService - Поиск пользователя по имени: admin
2025-01-13 08:26:04 [http-nio-8080-exec-3] INFO  com.example.tamaq.Services.UserService - Поиск пользователя по имени: admin
2025-01-13 08:26:05 [http-nio-8080-exec-4] INFO  com.example.tamaq.Services.UserService - Поиск пользователя по имени: admin
2025-01-13 08:26:06 [http-nio-8080-exec-5] INFO  com.example.tamaq.Services.UserService - Поиск пользователя по имени: admin
2025-01-13 08:26:07 [http-nio-8080-exec-8] INFO  com.example.tamaq.Services.UserService - Поиск пользователя по имени: admin
2025-01-13 08:26:08 [http-nio-8080-exec-10] INFO  com.example.tamaq.Services.UserService - Поиск пользователя по имени: admin
2025-01-13 08:26:09 [http-nio-8080-exec-1] INFO  com.example.tamaq.Services.UserService - Поиск пользователя по имени: admin
2025-01-13 08:26:10 [http-nio-8080-exec-9] INFO  com.example.tamaq.Services.UserService - Поиск пользователя по имени: admin
2025-01-13 08:26:11 [http-nio-8080-exec-6] INFO  com.example.tamaq.Services.UserService - Поиск пользователя по имени: admin
2025-01-13 08:26:12 [http-nio-8080-exec-3] INFO  com.example.tamaq.Services.UserService - Поиск пользователя по имени: admin
2025-01-13 08:26:13 [http-nio-8080-exec-2] INFO  com.example.tamaq.Services.UserService - Поиск пользователя по имени: admin
2025-01-13 08:26:14 [http-nio-8080-exec-4] INFO  com.example.tamaq.Services.UserService - Поиск пользователя по имени: admin
2025-01-13 08:26:15 [http-nio-8080-exec-5] INFO  com.example.tamaq.Services.UserService - Поиск пользователя по имени: admin
2025-01-13 08:26:16 [http-nio-8080-exec-8] INFO  com.example.tamaq.Services.UserService - Поиск пользователя по имени: admin
2025-01-13 08:26:17 [http-nio-8080-exec-10] INFO  com.example.tamaq.Services.UserService - Поиск пользователя по имени: admin
2025-01-13 08:26:18 [http-nio-8080-exec-1] INFO  com.example.tamaq.Services.UserService - Поиск пользователя по имени: admin
2025-01-13 08:26:19 [http-nio-8080-exec-7] INFO  com.example.tamaq.Services.UserService - Поиск пользователя по имени: admin
2025-01-13 08:26:19 [http-nio-8080-exec-9] INFO  com.example.tamaq.Services.UserService - Поиск пользователя по имени: admin
2025-01-13 08:26:20 [http-nio-8080-exec-6] INFO  com.example.tamaq.Services.UserService - Поиск пользователя по имени: admin
2025-01-13 08:26:20 [http-nio-8080-exec-2] INFO  com.example.tamaq.Services.UserService - Поиск пользователя по имени: admin
2025-01-13 08:26:21 [http-nio-8080-exec-4] INFO  com.example.tamaq.Services.UserService - Поиск пользователя по имени: admin
2025-01-13 08:26:22 [http-nio-8080-exec-5] INFO  com.example.tamaq.Services.UserService - Поиск пользователя по имени: admin
2025-01-13 08:26:24 [http-nio-8080-exec-8] INFO  com.example.tamaq.Services.UserService - Поиск пользователя по имени: admin
2025-01-13 08:26:25 [http-nio-8080-exec-10] INFO  com.example.tamaq.Services.UserService - Поиск пользователя по имени: admin
2025-01-13 08:26:26 [http-nio-8080-exec-1] INFO  com.example.tamaq.Services.UserService - Поиск пользователя по имени: admin
2025-01-13 08:26:27 [http-nio-8080-exec-7] INFO  com.example.tamaq.Services.UserService - Поиск пользователя по имени: admin
2025-01-13 08:26:28 [http-nio-8080-exec-6] INFO  com.example.tamaq.Services.UserService - Поиск пользователя по имени: admin
2025-01-13 08:26:29 [http-nio-8080-exec-3] INFO  com.example.tamaq.Services.UserService - Поиск пользователя по имени: admin
2025-01-13 08:26:30 [http-nio-8080-exec-9] INFO  com.example.tamaq.Services.UserService - Поиск пользователя по имени: admin
2025-01-13 08:26:31 [http-nio-8080-exec-2] INFO  com.example.tamaq.Services.UserService - Поиск пользователя по имени: admin
2025-01-13 08:26:32 [http-nio-8080-exec-4] INFO  com.example.tamaq.Services.UserService - Поиск пользователя по имени: admin
2025-01-13 08:26:33 [http-nio-8080-exec-5] INFO  com.example.tamaq.Services.UserService - Поиск пользователя по имени: admin
2025-01-13 08:26:34 [http-nio-8080-exec-8] INFO  com.example.tamaq.Services.UserService - Поиск пользователя по имени: admin
2025-01-13 08:26:35 [http-nio-8080-exec-10] INFO  com.example.tamaq.Services.UserService - Поиск пользователя по имени: admin
2025-01-13 08:26:36 [http-nio-8080-exec-1] INFO  com.example.tamaq.Services.UserService - Поиск пользователя по имени: admin
2025-01-13 08:26:37 [http-nio-8080-exec-7] INFO  com.example.tamaq.Services.UserService - Поиск пользователя по имени: admin
2025-01-13 08:26:38 [http-nio-8080-exec-6] INFO  com.example.tamaq.Services.UserService - Поиск пользователя по имени: admin
2025-01-13 08:26:39 [http-nio-8080-exec-3] INFO  com.example.tamaq.Services.UserService - Поиск пользователя по имени: admin
2025-01-13 08:26:39 [http-nio-8080-exec-9] INFO  com.example.tamaq.Services.UserService - Поиск пользователя по имени: admin
2025-01-13 08:26:40 [http-nio-8080-exec-4] INFO  com.example.tamaq.Services.UserService - Поиск пользователя по имени: admin
2025-01-13 08:26:41 [http-nio-8080-exec-5] INFO  com.example.tamaq.Services.UserService - Поиск пользователя по имени: admin
2025-01-13 08:26:42 [http-nio-8080-exec-8] INFO  com.example.tamaq.Services.UserService - Поиск пользователя по имени: admin
2025-01-13 08:26:43 [http-nio-8080-exec-10] INFO  com.example.tamaq.Services.UserService - Поиск пользователя по имени: admin
2025-01-13 08:26:44 [http-nio-8080-exec-1] INFO  com.example.tamaq.Services.UserService - Поиск пользователя по имени: admin
2025-01-13 08:26:46 [http-nio-8080-exec-7] INFO  com.example.tamaq.Services.UserService - Поиск пользователя по имени: admin
2025-01-13 08:26:47 [http-nio-8080-exec-6] INFO  com.example.tamaq.Services.UserService - Поиск пользователя по имени: admin
2025-01-13 08:26:48 [http-nio-8080-exec-3] INFO  com.example.tamaq.Services.UserService - Поиск пользователя по имени: admin
2025-01-13 08:26:49 [http-nio-8080-exec-9] INFO  com.example.tamaq.Services.UserService - Поиск пользователя по имени: admin
2025-01-13 08:26:50 [http-nio-8080-exec-2] INFO  com.example.tamaq.Services.UserService - Поиск пользователя по имени: admin
2025-01-13 08:26:51 [http-nio-8080-exec-5] INFO  com.example.tamaq.Services.UserService - Поиск пользователя по имени: admin
2025-01-13 08:26:52 [http-nio-8080-exec-8] INFO  com.example.tamaq.Services.UserService - Поиск пользователя по имени: admin
2025-01-13 08:26:53 [http-nio-8080-exec-10] INFO  com.example.tamaq.Services.UserService - Поиск пользователя по имени: admin
2025-01-13 08:26:54 [http-nio-8080-exec-1] INFO  com.example.tamaq.Services.UserService - Поиск пользователя по имени: admin
2025-01-13 08:26:55 [http-nio-8080-exec-7] INFO  com.example.tamaq.Services.UserService - Поиск пользователя по имени: admin
2025-01-13 08:26:56 [http-nio-8080-exec-6] INFO  com.example.tamaq.Services.UserService - Поиск пользователя по имени: admin
2025-01-13 08:26:57 [http-nio-8080-exec-3] INFO  com.example.tamaq.Services.UserService - Поиск пользователя по имени: admin
2025-01-13 08:26:58 [http-nio-8080-exec-9] INFO  com.example.tamaq.Services.UserService - Поиск пользователя по имени: admin
2025-01-13 08:26:59 [http-nio-8080-exec-2] INFO  com.example.tamaq.Services.UserService - Поиск пользователя по имени: admin
2025-01-13 08:27:00 [http-nio-8080-exec-4] INFO  com.example.tamaq.Services.UserService - Поиск пользователя по имени: admin
2025-01-13 08:27:01 [http-nio-8080-exec-5] INFO  com.example.tamaq.Services.UserService - Поиск пользователя по имени: admin
2025-01-13 08:27:02 [http-nio-8080-exec-8] INFO  com.example.tamaq.Services.UserService - Поиск пользователя по имени: admin
2025-01-13 08:27:03 [http-nio-8080-exec-10] INFO  com.example.tamaq.Services.UserService - Поиск пользователя по имени: admin
2025-01-13 08:27:04 [http-nio-8080-exec-1] INFO  com.example.tamaq.Services.UserService - Поиск пользователя по имени: admin
2025-01-13 08:27:05 [http-nio-8080-exec-7] INFO  com.example.tamaq.Services.UserService - Поиск пользователя по имени: admin
2025-01-13 08:27:06 [http-nio-8080-exec-6] INFO  com.example.tamaq.Services.UserService - Поиск пользователя по имени: admin
2025-01-13 08:27:07 [http-nio-8080-exec-3] INFO  com.example.tamaq.Services.UserService - Поиск пользователя по имени: admin
2025-01-13 08:27:08 [http-nio-8080-exec-9] INFO  com.example.tamaq.Services.UserService - Поиск пользователя по имени: admin
2025-01-13 08:27:09 [http-nio-8080-exec-2] INFO  com.example.tamaq.Services.UserService - Поиск пользователя по имени: admin
2025-01-13 08:27:10 [http-nio-8080-exec-4] INFO  com.example.tamaq.Services.UserService - Поиск пользователя по имени: admin
2025-01-13 08:27:11 [http-nio-8080-exec-8] INFO  com.example.tamaq.Services.UserService - Поиск пользователя по имени: admin
2025-01-13 08:27:12 [http-nio-8080-exec-10] INFO  com.example.tamaq.Services.UserService - Поиск пользователя по имени: admin
2025-01-13 08:27:13 [http-nio-8080-exec-1] INFO  com.example.tamaq.Services.UserService - Поиск пользователя по имени: admin
2025-01-13 08:27:14 [http-nio-8080-exec-7] INFO  com.example.tamaq.Services.UserService - Поиск пользователя по имени: admin
2025-01-13 08:27:15 [http-nio-8080-exec-6] INFO  com.example.tamaq.Services.UserService - Поиск пользователя по имени: admin
2025-01-13 08:27:16 [http-nio-8080-exec-3] INFO  com.example.tamaq.Services.UserService - Поиск пользователя по имени: admin
2025-01-13 08:27:17 [http-nio-8080-exec-9] INFO  com.example.tamaq.Services.UserService - Поиск пользователя по имени: admin
2025-01-13 08:27:18 [http-nio-8080-exec-2] INFO  com.example.tamaq.Services.UserService - Поиск пользователя по имени: admin
2025-01-13 08:27:19 [http-nio-8080-exec-4] INFO  com.example.tamaq.Services.UserService - Поиск пользователя по имени: admin
2025-01-13 08:27:20 [http-nio-8080-exec-5] INFO  com.example.tamaq.Services.UserService - Поиск пользователя по имени: admin
2025-01-13 08:27:21 [http-nio-8080-exec-10] INFO  com.example.tamaq.Services.UserService - Поиск пользователя по имени: admin
2025-01-13 08:27:22 [http-nio-8080-exec-1] INFO  com.example.tamaq.Services.UserService - Поиск пользователя по имени: admin
2025-01-13 08:27:23 [http-nio-8080-exec-7] INFO  com.example.tamaq.Services.UserService - Поиск пользователя по имени: admin
2025-01-13 08:27:24 [http-nio-8080-exec-6] INFO  com.example.tamaq.Services.UserService - Поиск пользователя по имени: admin
2025-01-13 08:27:25 [http-nio-8080-exec-3] INFO  com.example.tamaq.Services.UserService - Поиск пользователя по имени: admin
2025-01-13 08:27:26 [http-nio-8080-exec-2] INFO  com.example.tamaq.Services.UserService - Поиск пользователя по имени: admin
2025-01-13 08:27:27 [http-nio-8080-exec-4] INFO  com.example.tamaq.Services.UserService - Поиск пользователя по имени: admin
2025-01-13 08:27:28 [http-nio-8080-exec-5] INFO  com.example.tamaq.Services.UserService - Поиск пользователя по имени: admin
2025-01-13 08:27:29 [http-nio-8080-exec-8] INFO  com.example.tamaq.Services.UserService - Поиск пользователя по имени: admin
2025-01-13 08:27:30 [http-nio-8080-exec-10] INFO  com.example.tamaq.Services.UserService - Поиск пользователя по имени: admin
2025-01-13 08:27:31 [http-nio-8080-exec-7] INFO  com.example.tamaq.Services.UserService - Поиск пользователя по имени: admin
2025-01-13 08:27:32 [http-nio-8080-exec-6] INFO  com.example.tamaq.Services.UserService - Поиск пользователя по имени: admin
2025-01-13 08:27:33 [http-nio-8080-exec-3] INFO  com.example.tamaq.Services.UserService - Поиск пользователя по имени: admin
2025-01-13 08:27:34 [http-nio-8080-exec-9] INFO  com.example.tamaq.Services.UserService - Поиск пользователя по имени: admin
2025-01-13 08:27:35 [http-nio-8080-exec-2] INFO  com.example.tamaq.Services.UserService - Поиск пользователя по имени: admin
2025-01-13 08:27:36 [http-nio-8080-exec-5] INFO  com.example.tamaq.Services.UserService - Поиск пользователя по имени: admin
2025-01-13 08:27:37 [http-nio-8080-exec-8] INFO  com.example.tamaq.Services.UserService - Поиск пользователя по имени: admin
2025-01-13 08:27:38 [http-nio-8080-exec-10] INFO  com.example.tamaq.Services.UserService - Поиск пользователя по имени: admin
2025-01-13 08:27:39 [http-nio-8080-exec-1] INFO  com.example.tamaq.Services.UserService - Поиск пользователя по имени: admin
2025-01-13 08:27:40 [http-nio-8080-exec-7] INFO  com.example.tamaq.Services.UserService - Поиск пользователя по имени: admin
2025-01-13 08:27:41 [http-nio-8080-exec-3] INFO  com.example.tamaq.Services.UserService - Поиск пользователя по имени: admin
2025-01-13 08:27:42 [http-nio-8080-exec-9] INFO  com.example.tamaq.Services.UserService - Поиск пользователя по имени: admin
2025-01-13 08:27:43 [http-nio-8080-exec-2] INFO  com.example.tamaq.Services.UserService - Поиск пользователя по имени: admin
2025-01-13 08:27:44 [http-nio-8080-exec-4] INFO  com.example.tamaq.Services.UserService - Поиск пользователя по имени: admin
2025-01-13 08:28:00 [http-nio-8080-exec-8] INFO  com.example.tamaq.Services.UserService - Поиск пользователя по имени: admin
2025-01-13 08:29:00 [http-nio-8080-exec-1] INFO  com.example.tamaq.Services.UserService - Поиск пользователя по имени: admin
2025-01-13 08:29:43 [SpringApplicationShutdownHook] INFO  org.springframework.orm.jpa.LocalContainerEntityManagerFactoryBean - Closing JPA EntityManagerFactory for persistence unit 'default'
2025-01-13 08:29:51 [background-preinit] INFO  org.hibernate.validator.internal.util.Version - HV000001: Hibernate Validator 8.0.1.Final
2025-01-13 08:29:51 [main] INFO  com.example.tamaq.TamaqApplication - Starting TamaqApplication using Java 23 with PID 1912 (C:\Users\raymbek\Desktop\tamaq\tamaq\target\classes started by raymbek in C:\Users\raymbek\Desktop\tamaq\tamaq)
2025-01-13 08:29:51 [main] INFO  com.example.tamaq.TamaqApplication - No active profile set, falling back to 1 default profile: "default"
2025-01-13 08:29:52 [main] INFO  org.springframework.data.repository.config.RepositoryConfigurationDelegate - Bootstrapping Spring Data JPA repositories in DEFAULT mode.
2025-01-13 08:29:53 [main] INFO  org.springframework.data.repository.config.RepositoryConfigurationDelegate - Finished Spring Data repository scanning in 167 ms. Found 6 JPA repository interfaces.
2025-01-13 08:29:54 [main] INFO  org.springframework.boot.web.embedded.tomcat.TomcatWebServer - Tomcat initialized with port 8080 (http)
2025-01-13 08:29:54 [main] INFO  org.springframework.boot.web.servlet.context.ServletWebServerApplicationContext - Root WebApplicationContext: initialization completed in 3336 ms
2025-01-13 08:29:55 [main] INFO  org.hibernate.jpa.internal.util.LogHelper - HHH000204: Processing PersistenceUnitInfo [name: default]
2025-01-13 08:29:55 [main] INFO  org.hibernate.Version - HHH000412: Hibernate ORM core version 6.5.3.Final
2025-01-13 08:29:55 [main] INFO  org.hibernate.cache.internal.RegionFactoryInitiator - HHH000026: Second-level cache disabled
2025-01-13 08:29:56 [main] INFO  org.springframework.orm.jpa.persistenceunit.SpringPersistenceUnitInfo - No LoadTimeWeaver setup: ignoring JPA class transformer
2025-01-13 08:29:59 [main] INFO  org.hibernate.engine.transaction.jta.platform.internal.JtaPlatformInitiator - HHH000489: No JTA platform available (set 'hibernate.transaction.jta.platform' to enable JTA platform integration)
2025-01-13 08:29:59 [main] INFO  org.springframework.orm.jpa.LocalContainerEntityManagerFactoryBean - Initialized JPA EntityManagerFactory for persistence unit 'default'
2025-01-13 08:30:00 [main] INFO  org.springframework.data.jpa.repository.query.QueryEnhancerFactory - Hibernate is in classpath; If applicable, HQL parser will be used.
2025-01-13 08:30:03 [main] INFO  org.springframework.security.config.annotation.authentication.configuration.InitializeUserDetailsBeanManagerConfigurer$InitializeUserDetailsManagerConfigurer - Global AuthenticationManager configured with UserDetailsService bean with name customUserDetailsService
2025-01-13 08:30:04 [main] INFO  org.springframework.boot.web.embedded.tomcat.TomcatWebServer - Tomcat started on port 8080 (http) with context path '/'
2025-01-13 08:30:04 [main] INFO  com.example.tamaq.TamaqApplication - Started TamaqApplication in 14.446 seconds (process running for 17.192)
2025-01-13 08:30:04 [http-nio-8080-exec-1] INFO  org.springframework.web.servlet.DispatcherServlet - Initializing Servlet 'dispatcherServlet'
2025-01-13 08:30:04 [http-nio-8080-exec-1] INFO  org.springframework.web.servlet.DispatcherServlet - Completed initialization in 4 ms
2025-01-13 08:30:12 [http-nio-8080-exec-8] INFO  com.example.tamaq.Controllers.HomeController - Загрузка главной страницы для пользователя: admin
2025-01-13 08:30:12 [http-nio-8080-exec-8] INFO  com.example.tamaq.Controllers.HomeController - Главная страница успешно загружена для пользователя: admin
2025-01-13 08:30:13 [http-nio-8080-exec-1] INFO  com.example.tamaq.Services.UserService - Поиск пользователя по имени: admin
2025-01-13 08:30:13 [http-nio-8080-exec-2] INFO  com.example.tamaq.Services.UserService - Поиск пользователя по имени: admin
2025-01-13 08:30:14 [http-nio-8080-exec-10] INFO  com.example.tamaq.Services.UserService - Поиск пользователя по имени: admin
2025-01-13 08:30:15 [http-nio-8080-exec-4] INFO  com.example.tamaq.Services.UserService - Поиск пользователя по имени: admin
2025-01-13 08:30:16 [http-nio-8080-exec-9] INFO  com.example.tamaq.Services.UserService - Поиск пользователя по имени: admin
2025-01-13 08:30:17 [http-nio-8080-exec-7] INFO  com.example.tamaq.Services.UserService - Поиск пользователя по имени: admin
2025-01-13 08:30:17 [http-nio-8080-exec-6] INFO  com.example.tamaq.Services.UserService - Поиск пользователя по имени: admin
2025-01-13 08:30:18 [http-nio-8080-exec-8] INFO  com.example.tamaq.Services.UserService - Поиск пользователя по имени: admin
2025-01-13 08:30:18 [http-nio-8080-exec-3] INFO  com.example.tamaq.Services.UserService - Поиск пользователя по имени: admin
2025-01-13 08:30:19 [http-nio-8080-exec-5] INFO  com.example.tamaq.Services.UserService - Поиск пользователя по имени: admin
2025-01-13 08:30:20 [http-nio-8080-exec-1] INFO  com.example.tamaq.Services.UserService - Поиск пользователя по имени: admin
2025-01-13 08:30:20 [http-nio-8080-exec-4] INFO  com.example.tamaq.Services.UserService - Поиск пользователя по имени: admin
2025-01-13 08:30:21 [http-nio-8080-exec-9] INFO  com.example.tamaq.Services.UserService - Поиск пользователя по имени: admin
2025-01-13 08:30:21 [http-nio-8080-exec-7] INFO  com.example.tamaq.Services.UserService - Поиск пользователя по имени: admin
2025-01-13 08:30:21 [http-nio-8080-exec-6] INFO  com.example.tamaq.Services.UserService - Поиск пользователя по имени: admin
2025-01-13 08:30:22 [http-nio-8080-exec-8] INFO  com.example.tamaq.Services.UserService - Поиск пользователя по имени: admin
2025-01-13 08:30:23 [http-nio-8080-exec-3] INFO  com.example.tamaq.Services.UserService - Поиск пользователя по имени: admin
2025-01-13 08:30:24 [http-nio-8080-exec-5] INFO  com.example.tamaq.Services.UserService - Поиск пользователя по имени: admin
2025-01-13 08:30:25 [http-nio-8080-exec-1] INFO  com.example.tamaq.Services.UserService - Поиск пользователя по имени: admin
2025-01-13 08:30:26 [http-nio-8080-exec-10] INFO  com.example.tamaq.Services.UserService - Поиск пользователя по имени: admin
2025-01-13 08:30:27 [http-nio-8080-exec-4] INFO  com.example.tamaq.Services.UserService - Поиск пользователя по имени: admin
2025-01-13 08:30:28 [http-nio-8080-exec-2] INFO  com.example.tamaq.Services.UserService - Поиск пользователя по имени: admin
2025-01-13 08:30:28 [http-nio-8080-exec-9] INFO  com.example.tamaq.Services.UserService - Поиск пользователя по имени: admin
2025-01-13 08:30:29 [http-nio-8080-exec-7] INFO  com.example.tamaq.Services.UserService - Поиск пользователя по имени: admin
2025-01-13 08:30:30 [http-nio-8080-exec-6] INFO  com.example.tamaq.Services.UserService - Поиск пользователя по имени: admin
2025-01-13 08:30:31 [http-nio-8080-exec-8] INFO  com.example.tamaq.Services.UserService - Поиск пользователя по имени: admin
2025-01-13 08:30:32 [http-nio-8080-exec-3] INFO  com.example.tamaq.Services.UserService - Поиск пользователя по имени: admin
2025-01-13 08:30:33 [http-nio-8080-exec-5] INFO  com.example.tamaq.Services.UserService - Поиск пользователя по имени: admin
2025-01-13 08:30:34 [http-nio-8080-exec-1] INFO  com.example.tamaq.Services.UserService - Поиск пользователя по имени: admin
2025-01-13 08:30:35 [http-nio-8080-exec-10] INFO  com.example.tamaq.Services.UserService - Поиск пользователя по имени: admin
2025-01-13 08:30:36 [http-nio-8080-exec-4] INFO  com.example.tamaq.Services.UserService - Поиск пользователя по имени: admin
2025-01-13 08:30:37 [http-nio-8080-exec-9] INFO  com.example.tamaq.Services.UserService - Поиск пользователя по имени: admin
2025-01-13 08:30:39 [http-nio-8080-exec-2] INFO  com.example.tamaq.Services.UserService - Поиск пользователя по имени: admin
2025-01-13 08:30:39 [http-nio-8080-exec-7] INFO  com.example.tamaq.Services.UserService - Поиск пользователя по имени: admin
2025-01-13 08:30:40 [http-nio-8080-exec-6] INFO  com.example.tamaq.Services.UserService - Поиск пользователя по имени: admin
2025-01-13 08:30:41 [http-nio-8080-exec-8] INFO  com.example.tamaq.Services.UserService - Поиск пользователя по имени: admin
2025-01-13 08:30:42 [http-nio-8080-exec-3] INFO  com.example.tamaq.Services.UserService - Поиск пользователя по имени: admin
2025-01-13 08:30:43 [http-nio-8080-exec-5] INFO  com.example.tamaq.Services.UserService - Поиск пользователя по имени: admin
2025-01-13 08:30:44 [http-nio-8080-exec-1] INFO  com.example.tamaq.Services.UserService - Поиск пользователя по имени: admin
2025-01-13 08:30:45 [http-nio-8080-exec-10] INFO  com.example.tamaq.Services.UserService - Поиск пользователя по имени: admin
2025-01-13 08:30:46 [http-nio-8080-exec-4] INFO  com.example.tamaq.Services.UserService - Поиск пользователя по имени: admin
2025-01-13 08:30:47 [http-nio-8080-exec-9] INFO  com.example.tamaq.Services.UserService - Поиск пользователя по имени: admin
2025-01-13 08:30:48 [http-nio-8080-exec-2] INFO  com.example.tamaq.Services.UserService - Поиск пользователя по имени: admin
2025-01-13 08:30:49 [http-nio-8080-exec-7] INFO  com.example.tamaq.Services.UserService - Поиск пользователя по имени: admin
2025-01-13 08:30:50 [http-nio-8080-exec-6] INFO  com.example.tamaq.Services.UserService - Поиск пользователя по имени: admin
2025-01-13 08:30:51 [http-nio-8080-exec-8] INFO  com.example.tamaq.Services.UserService - Поиск пользователя по имени: admin
2025-01-13 08:30:52 [http-nio-8080-exec-3] INFO  com.example.tamaq.Services.UserService - Поиск пользователя по имени: admin
2025-01-13 08:30:53 [http-nio-8080-exec-5] INFO  com.example.tamaq.Services.UserService - Поиск пользователя по имени: admin
2025-01-13 08:30:54 [http-nio-8080-exec-1] INFO  com.example.tamaq.Services.UserService - Поиск пользователя по имени: admin
2025-01-13 08:30:55 [http-nio-8080-exec-10] INFO  com.example.tamaq.Services.UserService - Поиск пользователя по имени: admin
2025-01-13 08:30:56 [http-nio-8080-exec-4] INFO  com.example.tamaq.Services.UserService - Поиск пользователя по имени: admin
2025-01-13 08:30:57 [http-nio-8080-exec-9] INFO  com.example.tamaq.Services.UserService - Поиск пользователя по имени: admin
2025-01-13 08:30:58 [http-nio-8080-exec-2] INFO  com.example.tamaq.Services.UserService - Поиск пользователя по имени: admin
2025-01-13 08:30:59 [http-nio-8080-exec-7] INFO  com.example.tamaq.Services.UserService - Поиск пользователя по имени: admin
2025-01-13 08:31:00 [http-nio-8080-exec-6] INFO  com.example.tamaq.Services.UserService - Поиск пользователя по имени: admin
2025-01-13 08:31:01 [http-nio-8080-exec-8] INFO  com.example.tamaq.Services.UserService - Поиск пользователя по имени: admin
2025-01-13 08:31:02 [http-nio-8080-exec-3] INFO  com.example.tamaq.Services.UserService - Поиск пользователя по имени: admin
2025-01-13 08:31:03 [http-nio-8080-exec-5] INFO  com.example.tamaq.Services.UserService - Поиск пользователя по имени: admin
2025-01-13 08:31:04 [http-nio-8080-exec-1] INFO  com.example.tamaq.Services.UserService - Поиск пользователя по имени: admin
2025-01-13 08:31:05 [http-nio-8080-exec-10] INFO  com.example.tamaq.Services.UserService - Поиск пользователя по имени: admin
2025-01-13 08:31:06 [http-nio-8080-exec-4] INFO  com.example.tamaq.Services.UserService - Поиск пользователя по имени: admin
2025-01-13 08:31:07 [http-nio-8080-exec-9] INFO  com.example.tamaq.Services.UserService - Поиск пользователя по имени: admin
2025-01-13 08:31:08 [http-nio-8080-exec-2] INFO  com.example.tamaq.Services.UserService - Поиск пользователя по имени: admin
2025-01-13 08:31:09 [http-nio-8080-exec-7] INFO  com.example.tamaq.Services.UserService - Поиск пользователя по имени: admin
2025-01-13 08:31:10 [http-nio-8080-exec-6] INFO  com.example.tamaq.Services.UserService - Поиск пользователя по имени: admin
2025-01-13 08:31:11 [http-nio-8080-exec-8] INFO  com.example.tamaq.Services.UserService - Поиск пользователя по имени: admin
2025-01-13 08:31:12 [http-nio-8080-exec-3] INFO  com.example.tamaq.Services.UserService - Поиск пользователя по имени: admin
2025-01-13 08:31:13 [http-nio-8080-exec-5] INFO  com.example.tamaq.Services.UserService - Поиск пользователя по имени: admin
2025-01-13 08:31:14 [http-nio-8080-exec-1] INFO  com.example.tamaq.Services.UserService - Поиск пользователя по имени: admin
2025-01-13 08:31:15 [http-nio-8080-exec-2] INFO  com.example.tamaq.Services.UserService - Поиск пользователя по имени: admin
2025-01-13 08:31:16 [http-nio-8080-exec-3] INFO  com.example.tamaq.Services.UserService - Поиск пользователя по имени: admin
2025-01-13 08:31:17 [http-nio-8080-exec-5] INFO  com.example.tamaq.Services.UserService - Поиск пользователя по имени: admin
2025-01-13 08:31:18 [http-nio-8080-exec-9] INFO  com.example.tamaq.Services.UserService - Поиск пользователя по имени: admin
2025-01-13 08:31:19 [http-nio-8080-exec-4] INFO  com.example.tamaq.Services.UserService - Поиск пользователя по имени: admin
2025-01-13 08:31:20 [http-nio-8080-exec-10] INFO  com.example.tamaq.Services.UserService - Поиск пользователя по имени: admin
2025-01-13 08:31:21 [http-nio-8080-exec-1] INFO  com.example.tamaq.Services.UserService - Поиск пользователя по имени: admin
2025-01-13 08:31:22 [http-nio-8080-exec-2] INFO  com.example.tamaq.Services.UserService - Поиск пользователя по имени: admin
2025-01-13 08:31:23 [http-nio-8080-exec-8] INFO  com.example.tamaq.Services.UserService - Поиск пользователя по имени: admin
2025-01-13 08:31:24 [http-nio-8080-exec-7] INFO  com.example.tamaq.Services.UserService - Поиск пользователя по имени: admin
2025-01-13 08:31:25 [http-nio-8080-exec-6] INFO  com.example.tamaq.Services.UserService - Поиск пользователя по имени: admin
2025-01-13 08:31:26 [http-nio-8080-exec-5] INFO  com.example.tamaq.Services.UserService - Поиск пользователя по имени: admin
2025-01-13 08:31:27 [http-nio-8080-exec-9] INFO  com.example.tamaq.Services.UserService - Поиск пользователя по имени: admin
2025-01-13 08:31:28 [http-nio-8080-exec-4] INFO  com.example.tamaq.Services.UserService - Поиск пользователя по имени: admin
2025-01-13 08:31:29 [http-nio-8080-exec-10] INFO  com.example.tamaq.Services.UserService - Поиск пользователя по имени: admin
2025-01-13 08:31:30 [http-nio-8080-exec-1] INFO  com.example.tamaq.Services.UserService - Поиск пользователя по имени: admin
2025-01-13 08:31:31 [http-nio-8080-exec-2] INFO  com.example.tamaq.Services.UserService - Поиск пользователя по имени: admin
2025-01-13 08:31:32 [http-nio-8080-exec-8] INFO  com.example.tamaq.Services.UserService - Поиск пользователя по имени: admin
2025-01-13 08:31:33 [http-nio-8080-exec-7] INFO  com.example.tamaq.Services.UserService - Поиск пользователя по имени: admin
2025-01-13 08:31:34 [http-nio-8080-exec-6] INFO  com.example.tamaq.Services.UserService - Поиск пользователя по имени: admin
2025-01-13 08:31:35 [http-nio-8080-exec-3] INFO  com.example.tamaq.Services.UserService - Поиск пользователя по имени: admin
2025-01-13 08:31:36 [http-nio-8080-exec-9] INFO  com.example.tamaq.Services.UserService - Поиск пользователя по имени: admin
2025-01-13 08:31:37 [http-nio-8080-exec-4] INFO  com.example.tamaq.Services.UserService - Поиск пользователя по имени: admin
2025-01-13 08:31:38 [http-nio-8080-exec-10] INFO  com.example.tamaq.Services.UserService - Поиск пользователя по имени: admin
2025-01-13 08:31:39 [http-nio-8080-exec-1] INFO  com.example.tamaq.Services.UserService - Поиск пользователя по имени: admin
2025-01-13 08:31:40 [http-nio-8080-exec-2] INFO  com.example.tamaq.Services.UserService - Поиск пользователя по имени: admin
2025-01-13 08:31:41 [http-nio-8080-exec-8] INFO  com.example.tamaq.Services.UserService - Поиск пользователя по имени: admin
2025-01-13 08:31:42 [http-nio-8080-exec-7] INFO  com.example.tamaq.Services.UserService - Поиск пользователя по имени: admin
2025-01-13 08:31:43 [http-nio-8080-exec-6] INFO  com.example.tamaq.Services.UserService - Поиск пользователя по имени: admin
2025-01-13 08:31:44 [http-nio-8080-exec-3] INFO  com.example.tamaq.Services.UserService - Поиск пользователя по имени: admin
2025-01-13 08:31:45 [http-nio-8080-exec-5] INFO  com.example.tamaq.Services.UserService - Поиск пользователя по имени: admin
2025-01-13 08:31:46 [http-nio-8080-exec-4] INFO  com.example.tamaq.Services.UserService - Поиск пользователя по имени: admin
2025-01-13 08:31:47 [http-nio-8080-exec-10] INFO  com.example.tamaq.Services.UserService - Поиск пользователя по имени: admin
2025-01-13 08:31:48 [http-nio-8080-exec-1] INFO  com.example.tamaq.Services.UserService - Поиск пользователя по имени: admin
2025-01-13 08:31:49 [http-nio-8080-exec-2] INFO  com.example.tamaq.Services.UserService - Поиск пользователя по имени: admin
2025-01-13 08:31:50 [http-nio-8080-exec-8] INFO  com.example.tamaq.Services.UserService - Поиск пользователя по имени: admin
2025-01-13 08:31:51 [http-nio-8080-exec-7] INFO  com.example.tamaq.Services.UserService - Поиск пользователя по имени: admin
2025-01-13 08:31:52 [http-nio-8080-exec-6] INFO  com.example.tamaq.Services.UserService - Поиск пользователя по имени: admin
2025-01-13 08:31:53 [http-nio-8080-exec-3] INFO  com.example.tamaq.Services.UserService - Поиск пользователя по имени: admin
2025-01-13 08:31:54 [http-nio-8080-exec-5] INFO  com.example.tamaq.Services.UserService - Поиск пользователя по имени: admin
2025-01-13 08:31:55 [http-nio-8080-exec-9] INFO  com.example.tamaq.Services.UserService - Поиск пользователя по имени: admin
2025-01-13 08:31:56 [http-nio-8080-exec-10] INFO  com.example.tamaq.Services.UserService - Поиск пользователя по имени: admin
2025-01-13 08:31:57 [http-nio-8080-exec-1] INFO  com.example.tamaq.Services.UserService - Поиск пользователя по имени: admin
2025-01-13 08:31:58 [http-nio-8080-exec-2] INFO  com.example.tamaq.Services.UserService - Поиск пользователя по имени: admin
2025-01-13 08:31:59 [http-nio-8080-exec-8] INFO  com.example.tamaq.Services.UserService - Поиск пользователя по имени: admin
2025-01-13 08:32:00 [http-nio-8080-exec-7] INFO  com.example.tamaq.Services.UserService - Поиск пользователя по имени: admin
2025-01-13 08:32:01 [http-nio-8080-exec-6] INFO  com.example.tamaq.Services.UserService - Поиск пользователя по имени: admin
2025-01-13 08:32:02 [http-nio-8080-exec-3] INFO  com.example.tamaq.Services.UserService - Поиск пользователя по имени: admin
2025-01-13 08:32:03 [http-nio-8080-exec-5] INFO  com.example.tamaq.Services.UserService - Поиск пользователя по имени: admin
2025-01-13 08:32:04 [http-nio-8080-exec-9] INFO  com.example.tamaq.Services.UserService - Поиск пользователя по имени: admin
2025-01-13 08:32:05 [http-nio-8080-exec-4] INFO  com.example.tamaq.Services.UserService - Поиск пользователя по имени: admin
2025-01-13 08:32:06 [http-nio-8080-exec-1] INFO  com.example.tamaq.Services.UserService - Поиск пользователя по имени: admin
2025-01-13 08:32:07 [http-nio-8080-exec-2] INFO  com.example.tamaq.Services.UserService - Поиск пользователя по имени: admin
2025-01-13 08:32:08 [http-nio-8080-exec-8] INFO  com.example.tamaq.Services.UserService - Поиск пользователя по имени: admin
2025-01-13 08:32:09 [http-nio-8080-exec-7] INFO  com.example.tamaq.Services.UserService - Поиск пользователя по имени: admin
2025-01-13 08:32:10 [http-nio-8080-exec-6] INFO  com.example.tamaq.Services.UserService - Поиск пользователя по имени: admin
2025-01-13 08:32:11 [http-nio-8080-exec-3] INFO  com.example.tamaq.Services.UserService - Поиск пользователя по имени: admin
2025-01-13 08:32:12 [http-nio-8080-exec-5] INFO  com.example.tamaq.Services.UserService - Поиск пользователя по имени: admin
2025-01-13 08:32:13 [http-nio-8080-exec-9] INFO  com.example.tamaq.Services.UserService - Поиск пользователя по имени: admin
2025-01-13 08:32:14 [http-nio-8080-exec-4] INFO  com.example.tamaq.Services.UserService - Поиск пользователя по имени: admin
2025-01-13 08:32:15 [http-nio-8080-exec-10] INFO  com.example.tamaq.Services.UserService - Поиск пользователя по имени: admin
2025-01-13 08:32:16 [http-nio-8080-exec-2] INFO  com.example.tamaq.Services.UserService - Поиск пользователя по имени: admin
2025-01-13 08:32:17 [http-nio-8080-exec-8] INFO  com.example.tamaq.Services.UserService - Поиск пользователя по имени: admin
2025-01-13 08:32:18 [http-nio-8080-exec-7] INFO  com.example.tamaq.Services.UserService - Поиск пользователя по имени: admin
2025-01-13 08:32:19 [http-nio-8080-exec-6] INFO  com.example.tamaq.Services.UserService - Поиск пользователя по имени: admin
2025-01-13 08:32:20 [http-nio-8080-exec-3] INFO  com.example.tamaq.Services.UserService - Поиск пользователя по имени: admin
2025-01-13 08:32:21 [http-nio-8080-exec-5] INFO  com.example.tamaq.Services.UserService - Поиск пользователя по имени: admin
2025-01-13 08:32:22 [http-nio-8080-exec-9] INFO  com.example.tamaq.Services.UserService - Поиск пользователя по имени: admin
2025-01-13 08:32:23 [http-nio-8080-exec-4] INFO  com.example.tamaq.Services.UserService - Поиск пользователя по имени: admin
2025-01-13 08:32:24 [http-nio-8080-exec-10] INFO  com.example.tamaq.Services.UserService - Поиск пользователя по имени: admin
2025-01-13 08:32:25 [http-nio-8080-exec-1] INFO  com.example.tamaq.Services.UserService - Поиск пользователя по имени: admin
2025-01-13 08:32:26 [http-nio-8080-exec-8] INFO  com.example.tamaq.Services.UserService - Поиск пользователя по имени: admin
2025-01-13 08:32:27 [http-nio-8080-exec-7] INFO  com.example.tamaq.Services.UserService - Поиск пользователя по имени: admin
2025-01-13 08:32:28 [http-nio-8080-exec-6] INFO  com.example.tamaq.Services.UserService - Поиск пользователя по имени: admin
2025-01-13 08:32:29 [http-nio-8080-exec-3] INFO  com.example.tamaq.Services.UserService - Поиск пользователя по имени: admin
2025-01-13 08:32:30 [http-nio-8080-exec-5] INFO  com.example.tamaq.Services.UserService - Поиск пользователя по имени: admin
2025-01-13 08:32:31 [http-nio-8080-exec-9] INFO  com.example.tamaq.Services.UserService - Поиск пользователя по имени: admin
2025-01-13 08:32:32 [http-nio-8080-exec-4] INFO  com.example.tamaq.Services.UserService - Поиск пользователя по имени: admin
2025-01-13 08:32:33 [http-nio-8080-exec-10] INFO  com.example.tamaq.Services.UserService - Поиск пользователя по имени: admin
2025-01-13 08:32:34 [http-nio-8080-exec-1] INFO  com.example.tamaq.Services.UserService - Поиск пользователя по имени: admin
2025-01-13 08:32:35 [http-nio-8080-exec-2] INFO  com.example.tamaq.Services.UserService - Поиск пользователя по имени: admin
2025-01-13 08:32:36 [http-nio-8080-exec-7] INFO  com.example.tamaq.Services.UserService - Поиск пользователя по имени: admin
2025-01-13 08:32:37 [http-nio-8080-exec-6] INFO  com.example.tamaq.Services.UserService - Поиск пользователя по имени: admin
2025-01-13 08:32:38 [http-nio-8080-exec-3] INFO  com.example.tamaq.Services.UserService - Поиск пользователя по имени: admin
2025-01-13 08:32:39 [http-nio-8080-exec-5] INFO  com.example.tamaq.Services.UserService - Поиск пользователя по имени: admin
2025-01-13 08:32:40 [http-nio-8080-exec-9] INFO  com.example.tamaq.Services.UserService - Поиск пользователя по имени: admin
2025-01-13 08:32:41 [http-nio-8080-exec-4] INFO  com.example.tamaq.Services.UserService - Поиск пользователя по имени: admin
2025-01-13 08:32:42 [http-nio-8080-exec-10] INFO  com.example.tamaq.Services.UserService - Поиск пользователя по имени: admin
2025-01-13 08:32:43 [http-nio-8080-exec-1] INFO  com.example.tamaq.Services.UserService - Поиск пользователя по имени: admin
2025-01-13 08:32:44 [http-nio-8080-exec-2] INFO  com.example.tamaq.Services.UserService - Поиск пользователя по имени: admin
2025-01-13 08:32:45 [http-nio-8080-exec-8] INFO  com.example.tamaq.Services.UserService - Поиск пользователя по имени: admin
2025-01-13 08:32:46 [http-nio-8080-exec-6] INFO  com.example.tamaq.Services.UserService - Поиск пользователя по имени: admin
2025-01-13 08:32:47 [http-nio-8080-exec-3] INFO  com.example.tamaq.Services.UserService - Поиск пользователя по имени: admin
2025-01-13 08:32:48 [http-nio-8080-exec-5] INFO  com.example.tamaq.Services.UserService - Поиск пользователя по имени: admin
2025-01-13 08:32:49 [http-nio-8080-exec-9] INFO  com.example.tamaq.Services.UserService - Поиск пользователя по имени: admin
2025-01-13 08:32:50 [http-nio-8080-exec-4] INFO  com.example.tamaq.Services.UserService - Поиск пользователя по имени: admin
2025-01-13 08:32:51 [http-nio-8080-exec-10] INFO  com.example.tamaq.Services.UserService - Поиск пользователя по имени: admin
2025-01-13 08:32:52 [http-nio-8080-exec-1] INFO  com.example.tamaq.Services.UserService - Поиск пользователя по имени: admin
2025-01-13 08:32:53 [http-nio-8080-exec-2] INFO  com.example.tamaq.Services.UserService - Поиск пользователя по имени: admin
2025-01-13 08:32:54 [http-nio-8080-exec-8] INFO  com.example.tamaq.Services.UserService - Поиск пользователя по имени: admin
2025-01-13 08:32:55 [http-nio-8080-exec-7] INFO  com.example.tamaq.Services.UserService - Поиск пользователя по имени: admin
2025-01-13 08:32:56 [http-nio-8080-exec-3] INFO  com.example.tamaq.Services.UserService - Поиск пользователя по имени: admin
2025-01-13 08:33:00 [http-nio-8080-exec-5] INFO  com.example.tamaq.Services.UserService - Поиск пользователя по имени: admin
2025-01-13 08:34:00 [http-nio-8080-exec-4] INFO  com.example.tamaq.Services.UserService - Поиск пользователя по имени: admin
2025-01-13 08:34:34 [SpringApplicationShutdownHook] INFO  org.springframework.orm.jpa.LocalContainerEntityManagerFactoryBean - Closing JPA EntityManagerFactory for persistence unit 'default'
2025-01-13 08:34:43 [background-preinit] INFO  org.hibernate.validator.internal.util.Version - HV000001: Hibernate Validator 8.0.1.Final
2025-01-13 08:34:43 [main] INFO  com.example.tamaq.TamaqApplication - Starting TamaqApplication using Java 23 with PID 6276 (C:\Users\raymbek\Desktop\tamaq\tamaq\target\classes started by raymbek in C:\Users\raymbek\Desktop\tamaq\tamaq)
2025-01-13 08:34:43 [main] INFO  com.example.tamaq.TamaqApplication - No active profile set, falling back to 1 default profile: "default"
2025-01-13 08:34:45 [main] INFO  org.springframework.data.repository.config.RepositoryConfigurationDelegate - Bootstrapping Spring Data JPA repositories in DEFAULT mode.
2025-01-13 08:34:45 [main] INFO  org.springframework.data.repository.config.RepositoryConfigurationDelegate - Finished Spring Data repository scanning in 192 ms. Found 6 JPA repository interfaces.
2025-01-13 08:34:46 [main] INFO  org.springframework.boot.web.embedded.tomcat.TomcatWebServer - Tomcat initialized with port 8080 (http)
2025-01-13 08:34:47 [main] INFO  org.springframework.boot.web.servlet.context.ServletWebServerApplicationContext - Root WebApplicationContext: initialization completed in 3722 ms
2025-01-13 08:34:47 [main] INFO  org.hibernate.jpa.internal.util.LogHelper - HHH000204: Processing PersistenceUnitInfo [name: default]
2025-01-13 08:34:47 [main] INFO  org.hibernate.Version - HHH000412: Hibernate ORM core version 6.5.3.Final
2025-01-13 08:34:48 [main] INFO  org.hibernate.cache.internal.RegionFactoryInitiator - HHH000026: Second-level cache disabled
2025-01-13 08:34:49 [main] INFO  org.springframework.orm.jpa.persistenceunit.SpringPersistenceUnitInfo - No LoadTimeWeaver setup: ignoring JPA class transformer
2025-01-13 08:34:52 [main] INFO  org.hibernate.engine.transaction.jta.platform.internal.JtaPlatformInitiator - HHH000489: No JTA platform available (set 'hibernate.transaction.jta.platform' to enable JTA platform integration)
2025-01-13 08:34:53 [main] INFO  org.springframework.orm.jpa.LocalContainerEntityManagerFactoryBean - Initialized JPA EntityManagerFactory for persistence unit 'default'
2025-01-13 08:34:53 [main] INFO  org.springframework.data.jpa.repository.query.QueryEnhancerFactory - Hibernate is in classpath; If applicable, HQL parser will be used.
2025-01-13 08:34:56 [main] INFO  org.springframework.security.config.annotation.authentication.configuration.InitializeUserDetailsBeanManagerConfigurer$InitializeUserDetailsManagerConfigurer - Global AuthenticationManager configured with UserDetailsService bean with name customUserDetailsService
2025-01-13 08:34:57 [main] INFO  org.springframework.boot.web.embedded.tomcat.TomcatWebServer - Tomcat started on port 8080 (http) with context path '/'
2025-01-13 08:34:57 [main] INFO  com.example.tamaq.TamaqApplication - Started TamaqApplication in 15.397 seconds (process running for 17.811)
2025-01-13 08:35:00 [http-nio-8080-exec-1] INFO  org.springframework.web.servlet.DispatcherServlet - Initializing Servlet 'dispatcherServlet'
2025-01-13 08:35:00 [http-nio-8080-exec-1] INFO  org.springframework.web.servlet.DispatcherServlet - Completed initialization in 1 ms
2025-01-13 08:35:21 [http-nio-8080-exec-4] INFO  com.example.tamaq.Controllers.HomeController - Загрузка главной страницы для пользователя: admin
2025-01-13 08:35:21 [http-nio-8080-exec-4] INFO  com.example.tamaq.Controllers.HomeController - Главная страница успешно загружена для пользователя: admin
2025-01-13 08:35:22 [http-nio-8080-exec-4] INFO  com.example.tamaq.Services.UserService - Поиск пользователя по имени: admin
2025-01-13 08:35:22 [http-nio-8080-exec-10] INFO  com.example.tamaq.Services.UserService - Поиск пользователя по имени: admin
2025-01-13 08:35:23 [http-nio-8080-exec-3] INFO  com.example.tamaq.Services.UserService - Поиск пользователя по имени: admin
2025-01-13 08:35:24 [http-nio-8080-exec-1] INFO  com.example.tamaq.Services.UserService - Поиск пользователя по имени: admin
2025-01-13 08:35:24 [http-nio-8080-exec-6] INFO  com.example.tamaq.Services.UserService - Поиск пользователя по имени: admin
2025-01-13 08:35:25 [http-nio-8080-exec-5] INFO  com.example.tamaq.Services.UserService - Поиск пользователя по имени: admin
2025-01-13 08:35:25 [http-nio-8080-exec-2] INFO  com.example.tamaq.Services.UserService - Поиск пользователя по имени: admin
2025-01-13 08:35:26 [http-nio-8080-exec-6] INFO  com.example.tamaq.Services.UserService - Поиск пользователя по имени: admin
2025-01-13 08:35:26 [http-nio-8080-exec-1] INFO  com.example.tamaq.Services.UserService - Поиск пользователя по имени: admin
2025-01-13 08:35:26 [http-nio-8080-exec-9] INFO  com.example.tamaq.Services.UserService - Поиск пользователя по имени: admin
2025-01-13 08:35:27 [http-nio-8080-exec-3] INFO  com.example.tamaq.Services.UserService - Поиск пользователя по имени: admin
2025-01-13 08:35:28 [http-nio-8080-exec-7] INFO  com.example.tamaq.Services.UserService - Поиск пользователя по имени: admin
2025-01-13 08:35:29 [http-nio-8080-exec-10] INFO  com.example.tamaq.Services.UserService - Поиск пользователя по имени: admin
2025-01-13 08:35:30 [http-nio-8080-exec-4] INFO  com.example.tamaq.Services.UserService - Поиск пользователя по имени: admin
2025-01-13 08:35:30 [http-nio-8080-exec-8] INFO  com.example.tamaq.Services.UserService - Поиск пользователя по имени: admin
2025-01-13 08:35:31 [http-nio-8080-exec-6] INFO  com.example.tamaq.Services.UserService - Поиск пользователя по имени: admin
2025-01-13 08:35:33 [http-nio-8080-exec-1] INFO  com.example.tamaq.Services.UserService - Поиск пользователя по имени: admin
2025-01-13 08:35:34 [http-nio-8080-exec-5] INFO  com.example.tamaq.Services.UserService - Поиск пользователя по имени: admin
2025-01-13 08:35:35 [http-nio-8080-exec-9] INFO  com.example.tamaq.Services.UserService - Поиск пользователя по имени: admin
2025-01-13 08:35:36 [http-nio-8080-exec-2] INFO  com.example.tamaq.Services.UserService - Поиск пользователя по имени: admin
2025-01-13 08:35:37 [http-nio-8080-exec-4] INFO  com.example.tamaq.Services.UserService - Поиск пользователя по имени: admin
2025-01-13 08:35:38 [http-nio-8080-exec-8] INFO  com.example.tamaq.Services.UserService - Поиск пользователя по имени: admin
2025-01-13 08:35:38 [http-nio-8080-exec-6] INFO  com.example.tamaq.Services.UserService - Поиск пользователя по имени: admin
2025-01-13 08:35:39 [http-nio-8080-exec-1] INFO  com.example.tamaq.Services.UserService - Поиск пользователя по имени: admin
2025-01-13 08:35:40 [http-nio-8080-exec-5] INFO  com.example.tamaq.Services.UserService - Поиск пользователя по имени: admin
2025-01-13 08:35:41 [http-nio-8080-exec-9] INFO  com.example.tamaq.Services.UserService - Поиск пользователя по имени: admin
2025-01-13 08:36:18 [http-nio-8080-exec-7] INFO  com.example.tamaq.Services.UserService - Поиск пользователя по имени: admin
2025-01-13 08:36:18 [http-nio-8080-exec-10] INFO  com.example.tamaq.Services.UserService - Поиск пользователя по имени: admin
2025-01-13 08:36:19 [http-nio-8080-exec-4] INFO  com.example.tamaq.Services.UserService - Поиск пользователя по имени: admin
2025-01-13 08:36:19 [http-nio-8080-exec-8] INFO  com.example.tamaq.Services.UserService - Поиск пользователя по имени: admin
2025-01-13 08:36:19 [http-nio-8080-exec-1] INFO  com.example.tamaq.Services.UserService - Поиск пользователя по имени: admin
2025-01-13 08:36:20 [http-nio-8080-exec-6] INFO  com.example.tamaq.Controllers.HomeController - Загрузка главной страницы для пользователя: admin
2025-01-13 08:36:20 [http-nio-8080-exec-6] INFO  com.example.tamaq.Controllers.HomeController - Главная страница успешно загружена для пользователя: admin
2025-01-13 08:36:21 [http-nio-8080-exec-9] INFO  com.example.tamaq.Services.UserService - Поиск пользователя по имени: admin
2025-01-13 08:36:21 [http-nio-8080-exec-1] INFO  com.example.tamaq.Services.UserService - Поиск пользователя по имени: admin
2025-01-13 08:36:22 [http-nio-8080-exec-7] INFO  com.example.tamaq.Services.UserService - Поиск пользователя по имени: admin
2025-01-13 08:36:22 [http-nio-8080-exec-4] INFO  com.example.tamaq.Controllers.UserProfileController - Получение профиля пользователя: admin
2025-01-13 08:36:22 [http-nio-8080-exec-4] INFO  com.example.tamaq.Services.UserService - Поиск пользователя по имени: admin
2025-01-13 08:36:22 [http-nio-8080-exec-4] INFO  com.example.tamaq.Controllers.UserProfileController - Данные профиля и заказы загружены для пользователя: admin
2025-01-13 08:36:23 [http-nio-8080-exec-2] INFO  com.example.tamaq.Services.UserService - Поиск пользователя по имени: admin
2025-01-13 08:36:24 [http-nio-8080-exec-5] INFO  com.example.tamaq.Services.UserService - Поиск пользователя по имени: admin
2025-01-13 08:36:25 [http-nio-8080-exec-6] INFO  com.example.tamaq.Services.UserService - Поиск пользователя по имени: admin
2025-01-13 08:36:25 [http-nio-8080-exec-10] INFO  com.example.tamaq.Services.UserService - Поиск пользователя по имени: admin
2025-01-13 08:36:26 [http-nio-8080-exec-8] INFO  com.example.tamaq.Services.UserService - Поиск пользователя по имени: admin
2025-01-13 08:36:28 [http-nio-8080-exec-9] INFO  com.example.tamaq.Services.UserService - Поиск пользователя по имени: admin
2025-01-13 08:36:29 [http-nio-8080-exec-3] INFO  com.example.tamaq.Services.UserService - Поиск пользователя по имени: admin
2025-01-13 08:36:30 [http-nio-8080-exec-1] INFO  com.example.tamaq.Services.UserService - Поиск пользователя по имени: admin
2025-01-13 08:36:30 [http-nio-8080-exec-7] INFO  com.example.tamaq.Controllers.HomeController - Загрузка главной страницы для пользователя: admin
2025-01-13 08:36:30 [http-nio-8080-exec-7] INFO  com.example.tamaq.Controllers.HomeController - Главная страница успешно загружена для пользователя: admin
2025-01-13 08:36:30 [http-nio-8080-exec-4] INFO  com.example.tamaq.Services.UserService - Поиск пользователя по имени: admin
2025-01-13 08:36:31 [http-nio-8080-exec-1] INFO  com.example.tamaq.Services.UserService - Поиск пользователя по имени: admin
2025-01-13 08:36:32 [http-nio-8080-exec-9] INFO  com.example.tamaq.Services.UserService - Поиск пользователя по имени: admin
2025-01-13 08:36:33 [http-nio-8080-exec-3] INFO  com.example.tamaq.Services.UserService - Поиск пользователя по имени: admin
2025-01-13 08:36:34 [http-nio-8080-exec-7] INFO  com.example.tamaq.Services.UserService - Поиск пользователя по имени: admin
2025-01-13 08:36:35 [http-nio-8080-exec-1] INFO  com.example.tamaq.Services.UserService - Поиск пользователя по имени: admin
2025-01-13 08:36:36 [http-nio-8080-exec-5] INFO  com.example.tamaq.Services.UserService - Поиск пользователя по имени: admin
2025-01-13 08:36:37 [http-nio-8080-exec-4] INFO  com.example.tamaq.Services.UserService - Поиск пользователя по имени: admin
2025-01-13 08:36:38 [http-nio-8080-exec-8] INFO  com.example.tamaq.Services.UserService - Поиск пользователя по имени: admin
2025-01-13 08:36:39 [http-nio-8080-exec-6] INFO  com.example.tamaq.Services.UserService - Поиск пользователя по имени: admin
2025-01-13 08:36:40 [http-nio-8080-exec-2] INFO  com.example.tamaq.Services.UserService - Поиск пользователя по имени: admin
2025-01-13 08:36:41 [http-nio-8080-exec-10] INFO  com.example.tamaq.Services.UserService - Поиск пользователя по имени: admin
2025-01-13 08:36:42 [http-nio-8080-exec-3] INFO  com.example.tamaq.Services.UserService - Поиск пользователя по имени: admin
2025-01-13 08:36:43 [http-nio-8080-exec-7] INFO  com.example.tamaq.Services.UserService - Поиск пользователя по имени: admin
2025-01-13 08:36:43 [http-nio-8080-exec-8] INFO  com.example.tamaq.Services.UserService - Поиск пользователя по имени: admin
2025-01-13 08:36:44 [http-nio-8080-exec-10] INFO  com.example.tamaq.Services.UserService - Поиск пользователя по имени: admin
2025-01-13 08:36:44 [http-nio-8080-exec-4] INFO  com.example.tamaq.Services.UserService - Поиск пользователя по имени: admin
2025-01-13 08:36:45 [http-nio-8080-exec-5] INFO  com.example.tamaq.Services.UserService - Поиск пользователя по имени: admin
2025-01-13 08:36:46 [http-nio-8080-exec-10] INFO  com.example.tamaq.Services.UserService - Поиск пользователя по имени: admin
2025-01-13 08:36:47 [http-nio-8080-exec-2] INFO  com.example.tamaq.Services.UserService - Поиск пользователя по имени: admin
2025-01-13 08:36:48 [http-nio-8080-exec-9] INFO  com.example.tamaq.Services.UserService - Поиск пользователя по имени: admin
2025-01-13 08:36:49 [http-nio-8080-exec-3] INFO  com.example.tamaq.Services.UserService - Поиск пользователя по имени: admin
2025-01-13 08:36:50 [http-nio-8080-exec-7] INFO  com.example.tamaq.Services.UserService - Поиск пользователя по имени: admin
2025-01-13 08:36:51 [http-nio-8080-exec-5] INFO  com.example.tamaq.Services.UserService - Поиск пользователя по имени: admin
2025-01-13 08:36:52 [http-nio-8080-exec-10] INFO  com.example.tamaq.Services.UserService - Поиск пользователя по имени: admin
2025-01-13 08:36:53 [http-nio-8080-exec-2] INFO  com.example.tamaq.Services.UserService - Поиск пользователя по имени: admin
2025-01-13 08:36:54 [http-nio-8080-exec-9] INFO  com.example.tamaq.Services.UserService - Поиск пользователя по имени: admin
2025-01-13 08:36:55 [http-nio-8080-exec-3] INFO  com.example.tamaq.Services.UserService - Поиск пользователя по имени: admin
2025-01-13 08:36:56 [http-nio-8080-exec-7] INFO  com.example.tamaq.Services.UserService - Поиск пользователя по имени: admin
2025-01-13 08:36:57 [http-nio-8080-exec-6] INFO  com.example.tamaq.Services.UserService - Поиск пользователя по имени: admin
2025-01-13 08:36:58 [http-nio-8080-exec-8] INFO  com.example.tamaq.Services.UserService - Поиск пользователя по имени: admin
2025-01-13 08:36:59 [http-nio-8080-exec-4] INFO  com.example.tamaq.Services.UserService - Поиск пользователя по имени: admin
2025-01-13 08:37:00 [http-nio-8080-exec-1] INFO  com.example.tamaq.Services.UserService - Поиск пользователя по имени: admin
2025-01-13 08:37:01 [http-nio-8080-exec-10] INFO  com.example.tamaq.Services.UserService - Поиск пользователя по имени: admin
2025-01-13 08:37:02 [http-nio-8080-exec-2] INFO  com.example.tamaq.Services.UserService - Поиск пользователя по имени: admin
2025-01-13 08:37:03 [http-nio-8080-exec-9] INFO  com.example.tamaq.Services.UserService - Поиск пользователя по имени: admin
2025-01-13 08:37:04 [http-nio-8080-exec-3] INFO  com.example.tamaq.Services.UserService - Поиск пользователя по имени: admin
2025-01-13 08:37:05 [http-nio-8080-exec-7] INFO  com.example.tamaq.Services.UserService - Поиск пользователя по имени: admin
2025-01-13 08:37:06 [http-nio-8080-exec-6] INFO  com.example.tamaq.Services.UserService - Поиск пользователя по имени: admin
2025-01-13 08:37:07 [http-nio-8080-exec-8] INFO  com.example.tamaq.Services.UserService - Поиск пользователя по имени: admin
2025-01-13 08:37:08 [http-nio-8080-exec-4] INFO  com.example.tamaq.Services.UserService - Поиск пользователя по имени: admin
2025-01-13 08:37:09 [http-nio-8080-exec-1] INFO  com.example.tamaq.Services.UserService - Поиск пользователя по имени: admin
2025-01-13 08:37:10 [http-nio-8080-exec-5] INFO  com.example.tamaq.Services.UserService - Поиск пользователя по имени: admin
2025-01-13 08:37:11 [http-nio-8080-exec-2] INFO  com.example.tamaq.Services.UserService - Поиск пользователя по имени: admin
2025-01-13 08:37:12 [http-nio-8080-exec-9] INFO  com.example.tamaq.Services.UserService - Поиск пользователя по имени: admin
2025-01-13 08:37:13 [http-nio-8080-exec-3] INFO  com.example.tamaq.Services.UserService - Поиск пользователя по имени: admin
2025-01-13 08:37:14 [http-nio-8080-exec-7] INFO  com.example.tamaq.Services.UserService - Поиск пользователя по имени: admin
2025-01-13 08:37:15 [http-nio-8080-exec-6] INFO  com.example.tamaq.Services.UserService - Поиск пользователя по имени: admin
2025-01-13 08:37:16 [http-nio-8080-exec-8] INFO  com.example.tamaq.Services.UserService - Поиск пользователя по имени: admin
2025-01-13 08:37:17 [http-nio-8080-exec-4] INFO  com.example.tamaq.Services.UserService - Поиск пользователя по имени: admin
2025-01-13 08:37:18 [http-nio-8080-exec-1] INFO  com.example.tamaq.Services.UserService - Поиск пользователя по имени: admin
2025-01-13 08:37:19 [http-nio-8080-exec-5] INFO  com.example.tamaq.Services.UserService - Поиск пользователя по имени: admin
2025-01-13 08:37:20 [http-nio-8080-exec-10] INFO  com.example.tamaq.Services.UserService - Поиск пользователя по имени: admin
2025-01-13 08:37:21 [http-nio-8080-exec-9] INFO  com.example.tamaq.Services.UserService - Поиск пользователя по имени: admin
2025-01-13 08:37:22 [http-nio-8080-exec-3] INFO  com.example.tamaq.Services.UserService - Поиск пользователя по имени: admin
2025-01-13 08:37:23 [http-nio-8080-exec-7] INFO  com.example.tamaq.Services.UserService - Поиск пользователя по имени: admin
2025-01-13 08:37:24 [http-nio-8080-exec-6] INFO  com.example.tamaq.Services.UserService - Поиск пользователя по имени: admin
2025-01-13 08:37:25 [http-nio-8080-exec-8] INFO  com.example.tamaq.Services.UserService - Поиск пользователя по имени: admin
2025-01-13 08:37:26 [http-nio-8080-exec-4] INFO  com.example.tamaq.Services.UserService - Поиск пользователя по имени: admin
2025-01-13 08:37:27 [http-nio-8080-exec-1] INFO  com.example.tamaq.Services.UserService - Поиск пользователя по имени: admin
2025-01-13 08:37:28 [http-nio-8080-exec-5] INFO  com.example.tamaq.Services.UserService - Поиск пользователя по имени: admin
2025-01-13 08:37:29 [http-nio-8080-exec-10] INFO  com.example.tamaq.Services.UserService - Поиск пользователя по имени: admin
2025-01-13 08:37:30 [http-nio-8080-exec-2] INFO  com.example.tamaq.Services.UserService - Поиск пользователя по имени: admin
2025-01-13 08:37:31 [http-nio-8080-exec-3] INFO  com.example.tamaq.Services.UserService - Поиск пользователя по имени: admin
2025-01-13 08:37:32 [http-nio-8080-exec-7] INFO  com.example.tamaq.Services.UserService - Поиск пользователя по имени: admin
2025-01-13 08:37:33 [http-nio-8080-exec-6] INFO  com.example.tamaq.Services.UserService - Поиск пользователя по имени: admin
2025-01-13 08:37:34 [http-nio-8080-exec-8] INFO  com.example.tamaq.Services.UserService - Поиск пользователя по имени: admin
2025-01-13 08:37:35 [http-nio-8080-exec-4] INFO  com.example.tamaq.Services.UserService - Поиск пользователя по имени: admin
2025-01-13 08:37:36 [http-nio-8080-exec-1] INFO  com.example.tamaq.Services.UserService - Поиск пользователя по имени: admin
2025-01-13 08:37:37 [http-nio-8080-exec-5] INFO  com.example.tamaq.Services.UserService - Поиск пользователя по имени: admin
2025-01-13 08:37:38 [http-nio-8080-exec-10] INFO  com.example.tamaq.Services.UserService - Поиск пользователя по имени: admin
2025-01-13 08:37:39 [http-nio-8080-exec-2] INFO  com.example.tamaq.Services.UserService - Поиск пользователя по имени: admin
2025-01-13 08:37:40 [http-nio-8080-exec-9] INFO  com.example.tamaq.Services.UserService - Поиск пользователя по имени: admin
2025-01-13 08:37:41 [http-nio-8080-exec-7] INFO  com.example.tamaq.Services.UserService - Поиск пользователя по имени: admin
2025-01-13 08:37:42 [http-nio-8080-exec-6] INFO  com.example.tamaq.Services.UserService - Поиск пользователя по имени: admin
2025-01-13 08:37:43 [http-nio-8080-exec-8] INFO  com.example.tamaq.Services.UserService - Поиск пользователя по имени: admin
2025-01-13 08:37:44 [http-nio-8080-exec-4] INFO  com.example.tamaq.Services.UserService - Поиск пользователя по имени: admin
2025-01-13 08:37:45 [http-nio-8080-exec-1] INFO  com.example.tamaq.Services.UserService - Поиск пользователя по имени: admin
2025-01-13 08:37:46 [http-nio-8080-exec-5] INFO  com.example.tamaq.Services.UserService - Поиск пользователя по имени: admin
2025-01-13 08:37:47 [http-nio-8080-exec-10] INFO  com.example.tamaq.Services.UserService - Поиск пользователя по имени: admin
2025-01-13 08:37:48 [http-nio-8080-exec-2] INFO  com.example.tamaq.Services.UserService - Поиск пользователя по имени: admin
2025-01-13 08:37:49 [http-nio-8080-exec-9] INFO  com.example.tamaq.Services.UserService - Поиск пользователя по имени: admin
2025-01-13 08:37:50 [http-nio-8080-exec-3] INFO  com.example.tamaq.Services.UserService - Поиск пользователя по имени: admin
2025-01-13 08:38:00 [http-nio-8080-exec-6] INFO  com.example.tamaq.Services.UserService - Поиск пользователя по имени: admin
2025-01-13 08:39:00 [http-nio-8080-exec-4] INFO  com.example.tamaq.Services.UserService - Поиск пользователя по имени: admin
2025-01-13 08:40:00 [http-nio-8080-exec-5] INFO  com.example.tamaq.Services.UserService - Поиск пользователя по имени: admin
2025-01-13 08:41:00 [http-nio-8080-exec-2] INFO  com.example.tamaq.Services.UserService - Поиск пользователя по имени: admin
2025-01-13 08:41:59 [SpringApplicationShutdownHook] INFO  org.springframework.orm.jpa.LocalContainerEntityManagerFactoryBean - Closing JPA EntityManagerFactory for persistence unit 'default'
2025-01-13 08:42:07 [background-preinit] INFO  org.hibernate.validator.internal.util.Version - HV000001: Hibernate Validator 8.0.1.Final
2025-01-13 08:42:08 [main] INFO  com.example.tamaq.TamaqApplication - Starting TamaqApplication using Java 23 with PID 15344 (C:\Users\raymbek\Desktop\tamaq\tamaq\target\classes started by raymbek in C:\Users\raymbek\Desktop\tamaq\tamaq)
2025-01-13 08:42:08 [main] INFO  com.example.tamaq.TamaqApplication - No active profile set, falling back to 1 default profile: "default"
2025-01-13 08:42:09 [main] INFO  org.springframework.data.repository.config.RepositoryConfigurationDelegate - Bootstrapping Spring Data JPA repositories in DEFAULT mode.
2025-01-13 08:42:09 [main] INFO  org.springframework.data.repository.config.RepositoryConfigurationDelegate - Finished Spring Data repository scanning in 172 ms. Found 6 JPA repository interfaces.
2025-01-13 08:42:11 [main] INFO  org.springframework.boot.web.embedded.tomcat.TomcatWebServer - Tomcat initialized with port 8080 (http)
2025-01-13 08:42:11 [main] INFO  org.springframework.boot.web.servlet.context.ServletWebServerApplicationContext - Root WebApplicationContext: initialization completed in 3255 ms
2025-01-13 08:42:11 [main] INFO  org.hibernate.jpa.internal.util.LogHelper - HHH000204: Processing PersistenceUnitInfo [name: default]
2025-01-13 08:42:11 [main] INFO  org.hibernate.Version - HHH000412: Hibernate ORM core version 6.5.3.Final
2025-01-13 08:42:12 [main] INFO  org.hibernate.cache.internal.RegionFactoryInitiator - HHH000026: Second-level cache disabled
2025-01-13 08:42:12 [main] INFO  org.springframework.orm.jpa.persistenceunit.SpringPersistenceUnitInfo - No LoadTimeWeaver setup: ignoring JPA class transformer
2025-01-13 08:42:15 [main] INFO  org.hibernate.engine.transaction.jta.platform.internal.JtaPlatformInitiator - HHH000489: No JTA platform available (set 'hibernate.transaction.jta.platform' to enable JTA platform integration)
2025-01-13 08:42:15 [main] INFO  org.springframework.orm.jpa.LocalContainerEntityManagerFactoryBean - Initialized JPA EntityManagerFactory for persistence unit 'default'
2025-01-13 08:42:16 [main] INFO  org.springframework.data.jpa.repository.query.QueryEnhancerFactory - Hibernate is in classpath; If applicable, HQL parser will be used.
2025-01-13 08:42:19 [main] INFO  org.springframework.security.config.annotation.authentication.configuration.InitializeUserDetailsBeanManagerConfigurer$InitializeUserDetailsManagerConfigurer - Global AuthenticationManager configured with UserDetailsService bean with name customUserDetailsService
2025-01-13 08:42:20 [main] INFO  org.springframework.boot.web.embedded.tomcat.TomcatWebServer - Tomcat started on port 8080 (http) with context path '/'
2025-01-13 08:42:20 [main] INFO  com.example.tamaq.TamaqApplication - Started TamaqApplication in 13.068 seconds (process running for 15.377)
2025-01-13 08:42:20 [SpringApplicationShutdownHook] INFO  org.springframework.orm.jpa.LocalContainerEntityManagerFactoryBean - Closing JPA EntityManagerFactory for persistence unit 'default'
2025-01-13 08:42:25 [background-preinit] INFO  org.hibernate.validator.internal.util.Version - HV000001: Hibernate Validator 8.0.1.Final
2025-01-13 08:42:26 [main] INFO  com.example.tamaq.TamaqApplication - Starting TamaqApplication using Java 23 with PID 6884 (C:\Users\raymbek\Desktop\tamaq\tamaq\target\classes started by raymbek in C:\Users\raymbek\Desktop\tamaq\tamaq)
2025-01-13 08:42:26 [main] INFO  com.example.tamaq.TamaqApplication - No active profile set, falling back to 1 default profile: "default"
2025-01-13 08:42:27 [main] INFO  org.springframework.data.repository.config.RepositoryConfigurationDelegate - Bootstrapping Spring Data JPA repositories in DEFAULT mode.
2025-01-13 08:42:27 [main] INFO  org.springframework.data.repository.config.RepositoryConfigurationDelegate - Finished Spring Data repository scanning in 145 ms. Found 6 JPA repository interfaces.
2025-01-13 08:42:28 [main] INFO  org.springframework.boot.web.embedded.tomcat.TomcatWebServer - Tomcat initialized with port 8080 (http)
2025-01-13 08:42:29 [main] INFO  org.springframework.boot.web.servlet.context.ServletWebServerApplicationContext - Root WebApplicationContext: initialization completed in 2934 ms
2025-01-13 08:42:29 [main] INFO  org.hibernate.jpa.internal.util.LogHelper - HHH000204: Processing PersistenceUnitInfo [name: default]
2025-01-13 08:42:29 [main] INFO  org.hibernate.Version - HHH000412: Hibernate ORM core version 6.5.3.Final
2025-01-13 08:42:29 [main] INFO  org.hibernate.cache.internal.RegionFactoryInitiator - HHH000026: Second-level cache disabled
2025-01-13 08:42:30 [main] INFO  org.springframework.orm.jpa.persistenceunit.SpringPersistenceUnitInfo - No LoadTimeWeaver setup: ignoring JPA class transformer
2025-01-13 08:42:32 [main] INFO  org.hibernate.engine.transaction.jta.platform.internal.JtaPlatformInitiator - HHH000489: No JTA platform available (set 'hibernate.transaction.jta.platform' to enable JTA platform integration)
2025-01-13 08:42:33 [main] INFO  org.springframework.orm.jpa.LocalContainerEntityManagerFactoryBean - Initialized JPA EntityManagerFactory for persistence unit 'default'
2025-01-13 08:42:34 [main] INFO  org.springframework.data.jpa.repository.query.QueryEnhancerFactory - Hibernate is in classpath; If applicable, HQL parser will be used.
2025-01-13 08:42:36 [main] INFO  org.springframework.security.config.annotation.authentication.configuration.InitializeUserDetailsBeanManagerConfigurer$InitializeUserDetailsManagerConfigurer - Global AuthenticationManager configured with UserDetailsService bean with name customUserDetailsService
2025-01-13 08:42:37 [main] INFO  org.springframework.boot.web.embedded.tomcat.TomcatWebServer - Tomcat started on port 8080 (http) with context path '/'
2025-01-13 08:42:37 [main] INFO  com.example.tamaq.TamaqApplication - Started TamaqApplication in 12.425 seconds (process running for 14.738)
2025-01-13 08:42:37 [http-nio-8080-exec-1] INFO  org.springframework.web.servlet.DispatcherServlet - Initializing Servlet 'dispatcherServlet'
2025-01-13 08:42:37 [http-nio-8080-exec-1] INFO  org.springframework.web.servlet.DispatcherServlet - Completed initialization in 2 ms
2025-01-13 08:42:54 [http-nio-8080-exec-6] INFO  com.example.tamaq.Controllers.HomeController - Загрузка главной страницы для пользователя: admin
2025-01-13 08:42:54 [http-nio-8080-exec-6] INFO  com.example.tamaq.Controllers.HomeController - Главная страница успешно загружена для пользователя: admin
2025-01-13 08:42:55 [http-nio-8080-exec-1] INFO  com.example.tamaq.Services.UserService - Поиск пользователя по имени: admin
2025-01-13 08:42:56 [http-nio-8080-exec-6] INFO  com.example.tamaq.Services.UserService - Поиск пользователя по имени: admin
2025-01-13 08:42:56 [http-nio-8080-exec-7] INFO  com.example.tamaq.Services.UserService - Поиск пользователя по имени: admin
2025-01-13 08:42:57 [http-nio-8080-exec-5] INFO  com.example.tamaq.Services.UserService - Поиск пользователя по имени: admin
2025-01-13 08:42:58 [http-nio-8080-exec-9] INFO  com.example.tamaq.Services.UserService - Поиск пользователя по имени: admin
2025-01-13 08:42:59 [http-nio-8080-exec-10] INFO  com.example.tamaq.Services.UserService - Поиск пользователя по имени: admin
2025-01-13 08:43:00 [http-nio-8080-exec-4] INFO  com.example.tamaq.Services.UserService - Поиск пользователя по имени: admin
2025-01-13 08:43:01 [http-nio-8080-exec-8] INFO  com.example.tamaq.Services.UserService - Поиск пользователя по имени: admin
2025-01-13 08:43:02 [http-nio-8080-exec-2] INFO  com.example.tamaq.Services.UserService - Поиск пользователя по имени: admin
2025-01-13 08:43:02 [http-nio-8080-exec-3] INFO  com.example.tamaq.Services.UserService - Поиск пользователя по имени: admin
2025-01-13 08:43:03 [http-nio-8080-exec-4] INFO  com.example.tamaq.Services.UserService - Поиск пользователя по имени: admin
2025-01-13 08:43:03 [http-nio-8080-exec-8] INFO  com.example.tamaq.Services.UserService - Поиск пользователя по имени: admin
2025-01-13 08:43:03 [http-nio-8080-exec-1] INFO  com.example.tamaq.Services.UserService - Поиск пользователя по имени: admin
2025-01-13 08:43:04 [http-nio-8080-exec-9] INFO  com.example.tamaq.Services.UserService - Поиск пользователя по имени: admin
2025-01-13 08:43:05 [http-nio-8080-exec-6] INFO  com.example.tamaq.Services.UserService - Поиск пользователя по имени: admin
2025-01-13 08:43:06 [http-nio-8080-exec-5] INFO  com.example.tamaq.Services.UserService - Поиск пользователя по имени: admin
2025-01-13 08:43:06 [http-nio-8080-exec-7] INFO  com.example.tamaq.Services.UserService - Поиск пользователя по имени: admin
2025-01-13 08:43:07 [http-nio-8080-exec-2] INFO  com.example.tamaq.Services.UserService - Поиск пользователя по имени: admin
2025-01-13 08:43:08 [http-nio-8080-exec-3] INFO  com.example.tamaq.Services.UserService - Поиск пользователя по имени: admin
2025-01-13 08:43:09 [http-nio-8080-exec-4] INFO  com.example.tamaq.Services.UserService - Поиск пользователя по имени: admin
2025-01-13 08:43:10 [http-nio-8080-exec-8] INFO  com.example.tamaq.Services.UserService - Поиск пользователя по имени: admin
2025-01-13 08:43:11 [http-nio-8080-exec-10] INFO  com.example.tamaq.Services.UserService - Поиск пользователя по имени: admin
2025-01-13 08:43:12 [http-nio-8080-exec-6] INFO  com.example.tamaq.Services.UserService - Поиск пользователя по имени: admin
2025-01-13 08:43:13 [http-nio-8080-exec-5] INFO  com.example.tamaq.Services.UserService - Поиск пользователя по имени: admin
2025-01-13 08:43:14 [http-nio-8080-exec-7] INFO  com.example.tamaq.Services.UserService - Поиск пользователя по имени: admin
2025-01-13 08:43:15 [http-nio-8080-exec-2] INFO  com.example.tamaq.Services.UserService - Поиск пользователя по имени: admin
2025-01-13 08:43:16 [http-nio-8080-exec-3] INFO  com.example.tamaq.Services.UserService - Поиск пользователя по имени: admin
2025-01-13 08:43:17 [http-nio-8080-exec-4] INFO  com.example.tamaq.Services.UserService - Поиск пользователя по имени: admin
2025-01-13 08:43:18 [http-nio-8080-exec-8] INFO  com.example.tamaq.Services.UserService - Поиск пользователя по имени: admin
2025-01-13 08:43:18 [http-nio-8080-exec-10] INFO  com.example.tamaq.Services.UserService - Поиск пользователя по имени: admin
2025-01-13 08:43:19 [http-nio-8080-exec-9] INFO  com.example.tamaq.Services.UserService - Поиск пользователя по имени: admin
2025-01-13 08:43:20 [http-nio-8080-exec-1] INFO  com.example.tamaq.Services.UserService - Поиск пользователя по имени: admin
2025-01-13 08:49:03 [http-nio-8080-exec-4] INFO  com.example.tamaq.Controllers.HomeController - Загрузка главной страницы для пользователя: admin
2025-01-13 08:49:03 [http-nio-8080-exec-4] INFO  com.example.tamaq.Controllers.HomeController - Главная страница успешно загружена для пользователя: admin
2025-01-13 08:49:04 [http-nio-8080-exec-6] INFO  com.example.tamaq.Services.UserService - Поиск пользователя по имени: admin
2025-01-13 08:49:04 [http-nio-8080-exec-10] INFO  com.example.tamaq.Services.UserService - Поиск пользователя по имени: admin
2025-01-13 08:49:05 [http-nio-8080-exec-1] INFO  com.example.tamaq.Services.UserService - Поиск пользователя по имени: admin
2025-01-13 08:49:06 [http-nio-8080-exec-9] INFO  com.example.tamaq.Services.UserService - Поиск пользователя по имени: admin
2025-01-13 08:49:07 [http-nio-8080-exec-3] INFO  com.example.tamaq.Services.UserService - Поиск пользователя по имени: admin
2025-01-13 08:49:08 [http-nio-8080-exec-2] INFO  com.example.tamaq.Services.UserService - Поиск пользователя по имени: admin
2025-01-13 08:49:09 [http-nio-8080-exec-7] INFO  com.example.tamaq.Services.UserService - Поиск пользователя по имени: admin
2025-01-13 08:49:10 [http-nio-8080-exec-8] INFO  com.example.tamaq.Services.UserService - Поиск пользователя по имени: admin
2025-01-13 08:49:11 [http-nio-8080-exec-4] INFO  com.example.tamaq.Services.UserService - Поиск пользователя по имени: admin
2025-01-13 08:49:12 [http-nio-8080-exec-5] INFO  com.example.tamaq.Services.UserService - Поиск пользователя по имени: admin
2025-01-13 08:49:13 [http-nio-8080-exec-7] INFO  com.example.tamaq.Services.UserService - Поиск пользователя по имени: admin
2025-01-13 08:49:14 [http-nio-8080-exec-8] INFO  com.example.tamaq.Services.UserService - Поиск пользователя по имени: admin
2025-01-13 08:49:15 [http-nio-8080-exec-4] INFO  com.example.tamaq.Services.UserService - Поиск пользователя по имени: admin
2025-01-13 08:49:16 [http-nio-8080-exec-5] INFO  com.example.tamaq.Services.UserService - Поиск пользователя по имени: admin
2025-01-13 08:49:17 [http-nio-8080-exec-10] INFO  com.example.tamaq.Services.UserService - Поиск пользователя по имени: admin
2025-01-13 08:49:18 [http-nio-8080-exec-6] INFO  com.example.tamaq.Services.UserService - Поиск пользователя по имени: admin
2025-01-13 08:49:19 [http-nio-8080-exec-2] INFO  com.example.tamaq.Services.UserService - Поиск пользователя по имени: admin
2025-01-13 08:49:20 [http-nio-8080-exec-1] INFO  com.example.tamaq.Services.UserService - Поиск пользователя по имени: admin
2025-01-13 08:49:21 [http-nio-8080-exec-9] INFO  com.example.tamaq.Services.UserService - Поиск пользователя по имени: admin
2025-01-13 08:49:22 [http-nio-8080-exec-3] INFO  com.example.tamaq.Services.UserService - Поиск пользователя по имени: admin
2025-01-13 08:49:23 [http-nio-8080-exec-8] INFO  com.example.tamaq.Services.UserService - Поиск пользователя по имени: admin
2025-01-13 08:49:24 [http-nio-8080-exec-4] INFO  com.example.tamaq.Services.UserService - Поиск пользователя по имени: admin
2025-01-13 08:49:25 [http-nio-8080-exec-10] INFO  com.example.tamaq.Services.UserService - Поиск пользователя по имени: admin
2025-01-13 08:49:26 [http-nio-8080-exec-6] INFO  com.example.tamaq.Services.UserService - Поиск пользователя по имени: admin
2025-01-13 08:49:27 [http-nio-8080-exec-2] INFO  com.example.tamaq.Services.UserService - Поиск пользователя по имени: admin
2025-01-13 08:49:28 [http-nio-8080-exec-1] INFO  com.example.tamaq.Services.UserService - Поиск пользователя по имени: admin
2025-01-13 08:49:29 [http-nio-8080-exec-9] INFO  com.example.tamaq.Services.UserService - Поиск пользователя по имени: admin
2025-01-13 08:49:30 [http-nio-8080-exec-3] INFO  com.example.tamaq.Services.UserService - Поиск пользователя по имени: admin
2025-01-13 08:49:31 [http-nio-8080-exec-7] INFO  com.example.tamaq.Services.UserService - Поиск пользователя по имени: admin
2025-01-13 08:49:32 [http-nio-8080-exec-8] INFO  com.example.tamaq.Services.UserService - Поиск пользователя по имени: admin
2025-01-13 08:49:32 [http-nio-8080-exec-5] INFO  com.example.tamaq.Services.UserService - Поиск пользователя по имени: admin
2025-01-13 08:49:33 [http-nio-8080-exec-10] INFO  com.example.tamaq.Services.UserService - Поиск пользователя по имени: admin
2025-01-13 08:49:34 [http-nio-8080-exec-2] INFO  com.example.tamaq.Services.UserService - Поиск пользователя по имени: admin
2025-01-13 08:49:35 [http-nio-8080-exec-8] INFO  com.example.tamaq.Services.UserService - Поиск пользователя по имени: admin
2025-01-13 08:49:35 [http-nio-8080-exec-3] INFO  com.example.tamaq.Services.UserService - Поиск пользователя по имени: admin
2025-01-13 08:49:36 [http-nio-8080-exec-7] INFO  com.example.tamaq.Services.UserService - Поиск пользователя по имени: admin
2025-01-13 08:49:37 [http-nio-8080-exec-8] INFO  com.example.tamaq.Services.UserService - Поиск пользователя по имени: admin
2025-01-13 08:49:37 [http-nio-8080-exec-4] INFO  com.example.tamaq.Services.UserService - Поиск пользователя по имени: admin
2025-01-13 08:49:38 [http-nio-8080-exec-5] INFO  com.example.tamaq.Services.UserService - Поиск пользователя по имени: admin
2025-01-13 08:49:38 [http-nio-8080-exec-2] INFO  com.example.tamaq.Services.UserService - Поиск пользователя по имени: admin
2025-01-13 08:49:39 [http-nio-8080-exec-10] INFO  com.example.tamaq.Services.UserService - Поиск пользователя по имени: admin
2025-01-13 08:49:39 [http-nio-8080-exec-9] INFO  com.example.tamaq.Services.UserService - Поиск пользователя по имени: admin
2025-01-13 08:49:39 [http-nio-8080-exec-1] INFO  com.example.tamaq.Services.UserService - Поиск пользователя по имени: admin
2025-01-13 08:49:40 [http-nio-8080-exec-3] INFO  com.example.tamaq.Services.UserService - Поиск пользователя по имени: admin
2025-01-13 08:49:41 [http-nio-8080-exec-7] INFO  com.example.tamaq.Services.UserService - Поиск пользователя по имени: admin
2025-01-13 08:49:42 [http-nio-8080-exec-2] INFO  com.example.tamaq.Services.UserService - Поиск пользователя по имени: admin
2025-01-13 08:49:43 [http-nio-8080-exec-10] INFO  com.example.tamaq.Services.UserService - Поиск пользователя по имени: admin
2025-01-13 08:49:44 [http-nio-8080-exec-9] INFO  com.example.tamaq.Services.UserService - Поиск пользователя по имени: admin
2025-01-13 08:49:45 [http-nio-8080-exec-1] INFO  com.example.tamaq.Services.UserService - Поиск пользователя по имени: admin
2025-01-13 08:49:45 [http-nio-8080-exec-3] INFO  com.example.tamaq.Services.UserService - Поиск пользователя по имени: admin
2025-01-13 08:49:46 [http-nio-8080-exec-7] INFO  com.example.tamaq.Services.UserService - Поиск пользователя по имени: admin
2025-01-13 08:49:47 [http-nio-8080-exec-8] INFO  com.example.tamaq.Services.UserService - Поиск пользователя по имени: admin
2025-01-13 09:12:34 [SpringApplicationShutdownHook] INFO  org.springframework.orm.jpa.LocalContainerEntityManagerFactoryBean - Closing JPA EntityManagerFactory for persistence unit 'default'
