2024-12-27 09:29:35 [background-preinit] INFO  org.hibernate.validator.internal.util.Version - HV000001: Hibernate Validator 8.0.1.Final
2024-12-27 09:29:35 [main] INFO  com.example.tamaq.TamaqApplication - Starting TamaqApplication using Java 23 with PID 9024 (C:\Users\raymbek\Desktop\tamaq\tamaq\target\classes started by raymbek in C:\Users\raymbek\Desktop\tamaq\tamaq)
2024-12-27 09:29:35 [main] INFO  com.example.tamaq.TamaqApplication - No active profile set, falling back to 1 default profile: "default"
2024-12-27 09:29:38 [main] INFO  org.springframework.data.repository.config.RepositoryConfigurationDelegate - Bootstrapping Spring Data JPA repositories in DEFAULT mode.
2024-12-27 09:29:38 [main] INFO  org.springframework.data.repository.config.RepositoryConfigurationDelegate - Finished Spring Data repository scanning in 251 ms. Found 6 JPA repository interfaces.
2024-12-27 09:29:40 [main] INFO  org.springframework.boot.web.embedded.tomcat.TomcatWebServer - Tomcat initialized with port 8080 (http)
2024-12-27 09:29:40 [main] INFO  org.springframework.boot.web.servlet.context.ServletWebServerApplicationContext - Root WebApplicationContext: initialization completed in 4776 ms
2024-12-27 09:29:41 [main] INFO  org.hibernate.jpa.internal.util.LogHelper - HHH000204: Processing PersistenceUnitInfo [name: default]
2024-12-27 09:29:41 [main] INFO  org.hibernate.Version - HHH000412: Hibernate ORM core version 6.5.3.Final
2024-12-27 09:29:41 [main] INFO  org.hibernate.cache.internal.RegionFactoryInitiator - HHH000026: Second-level cache disabled
2024-12-27 09:29:42 [main] INFO  org.springframework.orm.jpa.persistenceunit.SpringPersistenceUnitInfo - No LoadTimeWeaver setup: ignoring JPA class transformer
2024-12-27 09:29:47 [main] INFO  org.hibernate.engine.transaction.jta.platform.internal.JtaPlatformInitiator - HHH000489: No JTA platform available (set 'hibernate.transaction.jta.platform' to enable JTA platform integration)
2024-12-27 09:29:48 [main] INFO  org.springframework.orm.jpa.LocalContainerEntityManagerFactoryBean - Initialized JPA EntityManagerFactory for persistence unit 'default'
2024-12-27 09:29:49 [main] INFO  org.springframework.data.jpa.repository.query.QueryEnhancerFactory - Hibernate is in classpath; If applicable, HQL parser will be used.
2024-12-27 09:29:53 [main] INFO  org.springframework.security.config.annotation.authentication.configuration.InitializeUserDetailsBeanManagerConfigurer$InitializeUserDetailsManagerConfigurer - Global AuthenticationManager configured with UserDetailsService bean with name customUserDetailsService
2024-12-27 09:29:55 [main] INFO  org.springframework.boot.web.embedded.tomcat.TomcatWebServer - Tomcat started on port 8080 (http) with context path '/'
2024-12-27 09:29:55 [main] INFO  com.example.tamaq.TamaqApplication - Started TamaqApplication in 20.2 seconds (process running for 28.868)
2024-12-27 09:29:57 [http-nio-8080-exec-1] INFO  org.springframework.web.servlet.DispatcherServlet - Initializing Servlet 'dispatcherServlet'
2024-12-27 09:29:57 [http-nio-8080-exec-1] INFO  org.springframework.web.servlet.DispatcherServlet - Completed initialization in 4 ms
2024-12-27 09:29:57 [http-nio-8080-exec-1] INFO  com.example.tamaq.Controllers.HomeController - Rendering login page
2024-12-27 09:29:58 [http-nio-8080-exec-3] INFO  com.example.tamaq.Controllers.HomeController - Rendering login page
2024-12-27 09:33:15 [SpringApplicationShutdownHook] INFO  org.springframework.orm.jpa.LocalContainerEntityManagerFactoryBean - Closing JPA EntityManagerFactory for persistence unit 'default'
2024-12-27 09:33:24 [background-preinit] INFO  org.hibernate.validator.internal.util.Version - HV000001: Hibernate Validator 8.0.1.Final
2024-12-27 09:33:24 [main] INFO  com.example.tamaq.TamaqApplication - Starting TamaqApplication using Java 23 with PID 7172 (C:\Users\raymbek\Desktop\tamaq\tamaq\target\classes started by raymbek in C:\Users\raymbek\Desktop\tamaq\tamaq)
2024-12-27 09:33:24 [main] INFO  com.example.tamaq.TamaqApplication - No active profile set, falling back to 1 default profile: "default"
2024-12-27 09:33:26 [main] INFO  org.springframework.data.repository.config.RepositoryConfigurationDelegate - Bootstrapping Spring Data JPA repositories in DEFAULT mode.
2024-12-27 09:33:27 [main] INFO  org.springframework.data.repository.config.RepositoryConfigurationDelegate - Finished Spring Data repository scanning in 204 ms. Found 6 JPA repository interfaces.
2024-12-27 09:33:29 [main] INFO  org.springframework.boot.web.embedded.tomcat.TomcatWebServer - Tomcat initialized with port 8080 (http)
2024-12-27 09:33:29 [main] INFO  org.springframework.boot.web.servlet.context.ServletWebServerApplicationContext - Root WebApplicationContext: initialization completed in 4616 ms
2024-12-27 09:33:29 [main] INFO  org.hibernate.jpa.internal.util.LogHelper - HHH000204: Processing PersistenceUnitInfo [name: default]
2024-12-27 09:33:30 [main] INFO  org.hibernate.Version - HHH000412: Hibernate ORM core version 6.5.3.Final
2024-12-27 09:33:30 [main] INFO  org.hibernate.cache.internal.RegionFactoryInitiator - HHH000026: Second-level cache disabled
2024-12-27 09:33:31 [main] INFO  org.springframework.orm.jpa.persistenceunit.SpringPersistenceUnitInfo - No LoadTimeWeaver setup: ignoring JPA class transformer
2024-12-27 09:33:35 [main] INFO  org.hibernate.engine.transaction.jta.platform.internal.JtaPlatformInitiator - HHH000489: No JTA platform available (set 'hibernate.transaction.jta.platform' to enable JTA platform integration)
2024-12-27 09:33:36 [main] INFO  org.springframework.orm.jpa.LocalContainerEntityManagerFactoryBean - Initialized JPA EntityManagerFactory for persistence unit 'default'
2024-12-27 09:33:36 [main] INFO  org.springframework.data.jpa.repository.query.QueryEnhancerFactory - Hibernate is in classpath; If applicable, HQL parser will be used.
2024-12-27 09:33:40 [main] INFO  org.springframework.security.config.annotation.authentication.configuration.InitializeUserDetailsBeanManagerConfigurer$InitializeUserDetailsManagerConfigurer - Global AuthenticationManager configured with UserDetailsService bean with name customUserDetailsService
2024-12-27 09:33:41 [main] INFO  org.springframework.boot.web.embedded.tomcat.TomcatWebServer - Tomcat started on port 8080 (http) with context path '/'
2024-12-27 09:33:41 [main] INFO  com.example.tamaq.TamaqApplication - Started TamaqApplication in 18.489 seconds (process running for 22.846)
2024-12-27 09:33:54 [http-nio-8080-exec-1] INFO  org.springframework.web.servlet.DispatcherServlet - Initializing Servlet 'dispatcherServlet'
2024-12-27 09:33:54 [http-nio-8080-exec-1] INFO  org.springframework.web.servlet.DispatcherServlet - Completed initialization in 0 ms
2024-12-27 09:33:55 [http-nio-8080-exec-2] INFO  com.example.tamaq.Controllers.HomeController - Rendering login page
2024-12-27 09:34:22 [SpringApplicationShutdownHook] INFO  org.springframework.orm.jpa.LocalContainerEntityManagerFactoryBean - Closing JPA EntityManagerFactory for persistence unit 'default'
2024-12-27 09:43:51 [background-preinit] INFO  org.hibernate.validator.internal.util.Version - HV000001: Hibernate Validator 8.0.1.Final
2024-12-27 09:43:51 [main] INFO  com.example.tamaq.TamaqApplication - Starting TamaqApplication using Java 23 with PID 3504 (C:\Users\raymbek\Desktop\tamaq\tamaq\target\classes started by raymbek in C:\Users\raymbek\Desktop\tamaq\tamaq)
2024-12-27 09:43:51 [main] INFO  com.example.tamaq.TamaqApplication - No active profile set, falling back to 1 default profile: "default"
2024-12-27 09:43:53 [main] INFO  org.springframework.data.repository.config.RepositoryConfigurationDelegate - Bootstrapping Spring Data JPA repositories in DEFAULT mode.
2024-12-27 09:43:53 [main] INFO  org.springframework.data.repository.config.RepositoryConfigurationDelegate - Finished Spring Data repository scanning in 168 ms. Found 6 JPA repository interfaces.
2024-12-27 09:43:54 [main] INFO  org.springframework.boot.web.embedded.tomcat.TomcatWebServer - Tomcat initialized with port 8080 (http)
2024-12-27 09:43:55 [main] INFO  org.springframework.boot.web.servlet.context.ServletWebServerApplicationContext - Root WebApplicationContext: initialization completed in 3491 ms
2024-12-27 09:43:55 [main] INFO  org.hibernate.jpa.internal.util.LogHelper - HHH000204: Processing PersistenceUnitInfo [name: default]
2024-12-27 09:43:55 [main] INFO  org.hibernate.Version - HHH000412: Hibernate ORM core version 6.5.3.Final
2024-12-27 09:43:55 [main] INFO  org.hibernate.cache.internal.RegionFactoryInitiator - HHH000026: Second-level cache disabled
2024-12-27 09:43:56 [main] INFO  org.springframework.orm.jpa.persistenceunit.SpringPersistenceUnitInfo - No LoadTimeWeaver setup: ignoring JPA class transformer
2024-12-27 09:43:59 [main] INFO  org.hibernate.engine.transaction.jta.platform.internal.JtaPlatformInitiator - HHH000489: No JTA platform available (set 'hibernate.transaction.jta.platform' to enable JTA platform integration)
2024-12-27 09:44:00 [main] INFO  org.springframework.orm.jpa.LocalContainerEntityManagerFactoryBean - Initialized JPA EntityManagerFactory for persistence unit 'default'
2024-12-27 09:44:01 [main] INFO  org.springframework.data.jpa.repository.query.QueryEnhancerFactory - Hibernate is in classpath; If applicable, HQL parser will be used.
2024-12-27 09:44:03 [main] INFO  org.springframework.security.config.annotation.authentication.configuration.InitializeUserDetailsBeanManagerConfigurer$InitializeUserDetailsManagerConfigurer - Global AuthenticationManager configured with UserDetailsService bean with name customUserDetailsService
2024-12-27 09:44:04 [main] INFO  org.springframework.boot.web.embedded.tomcat.TomcatWebServer - Tomcat started on port 8080 (http) with context path '/'
2024-12-27 09:44:04 [main] INFO  com.example.tamaq.TamaqApplication - Started TamaqApplication in 14.245 seconds (process running for 17.669)
2024-12-27 09:44:54 [http-nio-8080-exec-2] INFO  org.springframework.web.servlet.DispatcherServlet - Initializing Servlet 'dispatcherServlet'
2024-12-27 09:44:54 [http-nio-8080-exec-2] INFO  org.springframework.web.servlet.DispatcherServlet - Completed initialization in 0 ms
2024-12-27 09:44:54 [http-nio-8080-exec-3] INFO  com.example.tamaq.Controllers.HomeController - Rendering login page
2024-12-27 09:45:54 [http-nio-8080-exec-5] INFO  com.example.tamaq.Controllers.HomeController - Rendering login page
2024-12-27 09:46:52 [http-nio-8080-exec-8] INFO  com.example.tamaq.Controllers.HomeController - Rendering login page
2024-12-27 09:46:52 [http-nio-8080-exec-10] INFO  com.example.tamaq.Controllers.HomeController - Rendering login page
2024-12-27 09:46:54 [http-nio-8080-exec-2] INFO  com.example.tamaq.Controllers.HomeController - Rendering login page
2024-12-27 09:46:54 [http-nio-8080-exec-1] INFO  com.example.tamaq.Controllers.HomeController - Rendering login page
2024-12-27 09:47:52 [SpringApplicationShutdownHook] INFO  org.springframework.orm.jpa.LocalContainerEntityManagerFactoryBean - Closing JPA EntityManagerFactory for persistence unit 'default'
2024-12-27 09:47:59 [background-preinit] INFO  org.hibernate.validator.internal.util.Version - HV000001: Hibernate Validator 8.0.1.Final
2024-12-27 09:47:59 [main] INFO  com.example.tamaq.TamaqApplication - Starting TamaqApplication using Java 23 with PID 8480 (C:\Users\raymbek\Desktop\tamaq\tamaq\target\classes started by raymbek in C:\Users\raymbek\Desktop\tamaq\tamaq)
2024-12-27 09:48:00 [main] INFO  com.example.tamaq.TamaqApplication - No active profile set, falling back to 1 default profile: "default"
2024-12-27 09:48:02 [main] INFO  org.springframework.data.repository.config.RepositoryConfigurationDelegate - Bootstrapping Spring Data JPA repositories in DEFAULT mode.
2024-12-27 09:48:02 [main] INFO  org.springframework.data.repository.config.RepositoryConfigurationDelegate - Finished Spring Data repository scanning in 194 ms. Found 6 JPA repository interfaces.
2024-12-27 09:48:04 [main] INFO  org.springframework.boot.web.embedded.tomcat.TomcatWebServer - Tomcat initialized with port 8080 (http)
2024-12-27 09:48:04 [main] INFO  org.springframework.boot.web.servlet.context.ServletWebServerApplicationContext - Root WebApplicationContext: initialization completed in 4172 ms
2024-12-27 09:48:04 [main] INFO  org.hibernate.jpa.internal.util.LogHelper - HHH000204: Processing PersistenceUnitInfo [name: default]
2024-12-27 09:48:05 [main] INFO  org.hibernate.Version - HHH000412: Hibernate ORM core version 6.5.3.Final
2024-12-27 09:48:05 [main] INFO  org.hibernate.cache.internal.RegionFactoryInitiator - HHH000026: Second-level cache disabled
2024-12-27 09:48:06 [main] INFO  org.springframework.orm.jpa.persistenceunit.SpringPersistenceUnitInfo - No LoadTimeWeaver setup: ignoring JPA class transformer
2024-12-27 09:48:09 [main] INFO  org.hibernate.engine.transaction.jta.platform.internal.JtaPlatformInitiator - HHH000489: No JTA platform available (set 'hibernate.transaction.jta.platform' to enable JTA platform integration)
2024-12-27 09:48:10 [main] INFO  org.springframework.orm.jpa.LocalContainerEntityManagerFactoryBean - Initialized JPA EntityManagerFactory for persistence unit 'default'
2024-12-27 09:48:11 [main] INFO  org.springframework.data.jpa.repository.query.QueryEnhancerFactory - Hibernate is in classpath; If applicable, HQL parser will be used.
2024-12-27 09:48:13 [main] INFO  org.springframework.security.config.annotation.authentication.configuration.InitializeUserDetailsBeanManagerConfigurer$InitializeUserDetailsManagerConfigurer - Global AuthenticationManager configured with UserDetailsService bean with name customUserDetailsService
2024-12-27 09:48:14 [main] INFO  org.springframework.boot.web.embedded.tomcat.TomcatWebServer - Tomcat started on port 8080 (http) with context path '/'
2024-12-27 09:48:14 [main] INFO  com.example.tamaq.TamaqApplication - Started TamaqApplication in 16.045 seconds (process running for 19.637)
2024-12-27 09:48:15 [http-nio-8080-exec-2] INFO  org.springframework.web.servlet.DispatcherServlet - Initializing Servlet 'dispatcherServlet'
2024-12-27 09:48:15 [http-nio-8080-exec-2] INFO  org.springframework.web.servlet.DispatcherServlet - Completed initialization in 0 ms
2024-12-27 09:48:15 [http-nio-8080-exec-1] INFO  com.example.tamaq.Controllers.HomeController - Rendering login page
2024-12-27 09:48:21 [http-nio-8080-exec-5] INFO  com.example.tamaq.Controllers.HomeController - Rendering login page
2024-12-27 09:48:21 [http-nio-8080-exec-7] INFO  com.example.tamaq.Controllers.HomeController - Rendering login page
2024-12-27 09:59:44 [SpringApplicationShutdownHook] INFO  org.springframework.orm.jpa.LocalContainerEntityManagerFactoryBean - Closing JPA EntityManagerFactory for persistence unit 'default'
2024-12-27 09:59:51 [background-preinit] INFO  org.hibernate.validator.internal.util.Version - HV000001: Hibernate Validator 8.0.1.Final
2024-12-27 09:59:51 [main] INFO  com.example.tamaq.TamaqApplication - Starting TamaqApplication using Java 23 with PID 11140 (C:\Users\raymbek\Desktop\tamaq\tamaq\target\classes started by raymbek in C:\Users\raymbek\Desktop\tamaq\tamaq)
2024-12-27 09:59:51 [main] INFO  com.example.tamaq.TamaqApplication - No active profile set, falling back to 1 default profile: "default"
2024-12-27 09:59:53 [main] INFO  org.springframework.data.repository.config.RepositoryConfigurationDelegate - Bootstrapping Spring Data JPA repositories in DEFAULT mode.
2024-12-27 09:59:54 [main] INFO  org.springframework.data.repository.config.RepositoryConfigurationDelegate - Finished Spring Data repository scanning in 164 ms. Found 6 JPA repository interfaces.
2024-12-27 09:59:56 [main] INFO  org.springframework.boot.web.embedded.tomcat.TomcatWebServer - Tomcat initialized with port 8080 (http)
2024-12-27 09:59:56 [main] INFO  org.springframework.boot.web.servlet.context.ServletWebServerApplicationContext - Root WebApplicationContext: initialization completed in 4889 ms
2024-12-27 09:59:57 [main] INFO  org.hibernate.jpa.internal.util.LogHelper - HHH000204: Processing PersistenceUnitInfo [name: default]
2024-12-27 09:59:57 [main] INFO  org.hibernate.Version - HHH000412: Hibernate ORM core version 6.5.3.Final
2024-12-27 09:59:57 [main] INFO  org.hibernate.cache.internal.RegionFactoryInitiator - HHH000026: Second-level cache disabled
2024-12-27 09:59:58 [main] INFO  org.springframework.orm.jpa.persistenceunit.SpringPersistenceUnitInfo - No LoadTimeWeaver setup: ignoring JPA class transformer
2024-12-27 10:00:01 [main] INFO  org.hibernate.engine.transaction.jta.platform.internal.JtaPlatformInitiator - HHH000489: No JTA platform available (set 'hibernate.transaction.jta.platform' to enable JTA platform integration)
2024-12-27 10:00:02 [main] INFO  org.springframework.orm.jpa.LocalContainerEntityManagerFactoryBean - Initialized JPA EntityManagerFactory for persistence unit 'default'
2024-12-27 10:00:03 [main] INFO  org.springframework.data.jpa.repository.query.QueryEnhancerFactory - Hibernate is in classpath; If applicable, HQL parser will be used.
2024-12-27 10:00:05 [main] INFO  org.springframework.security.config.annotation.authentication.configuration.InitializeUserDetailsBeanManagerConfigurer$InitializeUserDetailsManagerConfigurer - Global AuthenticationManager configured with UserDetailsService bean with name customUserDetailsService
2024-12-27 10:00:07 [main] INFO  org.springframework.boot.web.embedded.tomcat.TomcatWebServer - Tomcat started on port 8080 (http) with context path '/'
2024-12-27 10:00:07 [main] INFO  com.example.tamaq.TamaqApplication - Started TamaqApplication in 17.206 seconds (process running for 20.474)
2024-12-27 10:00:08 [http-nio-8080-exec-1] INFO  org.springframework.web.servlet.DispatcherServlet - Initializing Servlet 'dispatcherServlet'
2024-12-27 10:00:08 [http-nio-8080-exec-1] INFO  org.springframework.web.servlet.DispatcherServlet - Completed initialization in 0 ms
2024-12-27 10:00:08 [http-nio-8080-exec-2] INFO  com.example.tamaq.Controllers.HomeController - Rendering login page
2024-12-27 10:00:16 [http-nio-8080-exec-7] INFO  com.example.tamaq.Controllers.HomeController - Rendering login page
2024-12-27 10:00:26 [http-nio-8080-exec-10] INFO  com.example.tamaq.Controllers.HomeController - Rendering login page
2024-12-27 10:00:36 [http-nio-8080-exec-2] INFO  com.example.tamaq.Controllers.HomeController - Rendering login page
2024-12-27 10:00:46 [http-nio-8080-exec-5] INFO  com.example.tamaq.Controllers.HomeController - Rendering login page
2024-12-27 10:00:57 [http-nio-8080-exec-9] INFO  com.example.tamaq.Controllers.HomeController - Rendering login page
2024-12-27 10:00:58 [http-nio-8080-exec-8] INFO  com.example.tamaq.Controllers.HomeController - Rendering login page
2024-12-27 10:02:13 [SpringApplicationShutdownHook] INFO  org.springframework.orm.jpa.LocalContainerEntityManagerFactoryBean - Closing JPA EntityManagerFactory for persistence unit 'default'
2024-12-27 10:02:24 [background-preinit] INFO  org.hibernate.validator.internal.util.Version - HV000001: Hibernate Validator 8.0.1.Final
2024-12-27 10:02:24 [main] INFO  com.example.tamaq.TamaqApplication - Starting TamaqApplication using Java 23 with PID 8784 (C:\Users\raymbek\Desktop\tamaq\tamaq\target\classes started by raymbek in C:\Users\raymbek\Desktop\tamaq\tamaq)
2024-12-27 10:02:24 [main] INFO  com.example.tamaq.TamaqApplication - No active profile set, falling back to 1 default profile: "default"
2024-12-27 10:02:26 [main] INFO  org.springframework.data.repository.config.RepositoryConfigurationDelegate - Bootstrapping Spring Data JPA repositories in DEFAULT mode.
2024-12-27 10:02:26 [main] INFO  org.springframework.data.repository.config.RepositoryConfigurationDelegate - Finished Spring Data repository scanning in 169 ms. Found 6 JPA repository interfaces.
2024-12-27 10:02:27 [main] INFO  org.springframework.boot.web.embedded.tomcat.TomcatWebServer - Tomcat initialized with port 8080 (http)
2024-12-27 10:02:27 [main] INFO  org.springframework.boot.web.servlet.context.ServletWebServerApplicationContext - Root WebApplicationContext: initialization completed in 3427 ms
2024-12-27 10:02:28 [main] INFO  org.hibernate.jpa.internal.util.LogHelper - HHH000204: Processing PersistenceUnitInfo [name: default]
2024-12-27 10:02:28 [main] INFO  org.hibernate.Version - HHH000412: Hibernate ORM core version 6.5.3.Final
2024-12-27 10:02:28 [main] INFO  org.hibernate.cache.internal.RegionFactoryInitiator - HHH000026: Second-level cache disabled
2024-12-27 10:02:29 [main] INFO  org.springframework.orm.jpa.persistenceunit.SpringPersistenceUnitInfo - No LoadTimeWeaver setup: ignoring JPA class transformer
2024-12-27 10:02:32 [main] INFO  org.hibernate.engine.transaction.jta.platform.internal.JtaPlatformInitiator - HHH000489: No JTA platform available (set 'hibernate.transaction.jta.platform' to enable JTA platform integration)
2024-12-27 10:02:32 [main] INFO  org.springframework.orm.jpa.LocalContainerEntityManagerFactoryBean - Initialized JPA EntityManagerFactory for persistence unit 'default'
2024-12-27 10:02:33 [main] INFO  org.springframework.data.jpa.repository.query.QueryEnhancerFactory - Hibernate is in classpath; If applicable, HQL parser will be used.
2024-12-27 10:02:35 [main] INFO  org.springframework.security.config.annotation.authentication.configuration.InitializeUserDetailsBeanManagerConfigurer$InitializeUserDetailsManagerConfigurer - Global AuthenticationManager configured with UserDetailsService bean with name customUserDetailsService
2024-12-27 10:02:36 [main] INFO  org.springframework.boot.web.embedded.tomcat.TomcatWebServer - Tomcat started on port 8080 (http) with context path '/'
2024-12-27 10:02:36 [main] INFO  com.example.tamaq.TamaqApplication - Started TamaqApplication in 13.378 seconds (process running for 16.326)
2024-12-27 10:02:49 [http-nio-8080-exec-1] INFO  org.springframework.web.servlet.DispatcherServlet - Initializing Servlet 'dispatcherServlet'
2024-12-27 10:02:49 [http-nio-8080-exec-1] INFO  org.springframework.web.servlet.DispatcherServlet - Completed initialization in 1 ms
2024-12-27 10:02:49 [http-nio-8080-exec-2] INFO  com.example.tamaq.Controllers.HomeController - Rendering login page
2024-12-27 10:02:50 [http-nio-8080-exec-4] INFO  com.example.tamaq.Controllers.HomeController - Rendering login page
2024-12-27 10:03:11 [SpringApplicationShutdownHook] INFO  org.springframework.orm.jpa.LocalContainerEntityManagerFactoryBean - Closing JPA EntityManagerFactory for persistence unit 'default'
2024-12-27 10:03:18 [background-preinit] INFO  org.hibernate.validator.internal.util.Version - HV000001: Hibernate Validator 8.0.1.Final
2024-12-27 10:03:18 [main] INFO  com.example.tamaq.TamaqApplication - Starting TamaqApplication using Java 23 with PID 7548 (C:\Users\raymbek\Desktop\tamaq\tamaq\target\classes started by raymbek in C:\Users\raymbek\Desktop\tamaq\tamaq)
2024-12-27 10:03:18 [main] INFO  com.example.tamaq.TamaqApplication - No active profile set, falling back to 1 default profile: "default"
2024-12-27 10:03:20 [main] INFO  org.springframework.data.repository.config.RepositoryConfigurationDelegate - Bootstrapping Spring Data JPA repositories in DEFAULT mode.
2024-12-27 10:03:20 [main] INFO  org.springframework.data.repository.config.RepositoryConfigurationDelegate - Finished Spring Data repository scanning in 180 ms. Found 6 JPA repository interfaces.
2024-12-27 10:03:21 [main] INFO  org.springframework.boot.web.embedded.tomcat.TomcatWebServer - Tomcat initialized with port 8080 (http)
2024-12-27 10:03:21 [main] INFO  org.springframework.boot.web.servlet.context.ServletWebServerApplicationContext - Root WebApplicationContext: initialization completed in 3692 ms
2024-12-27 10:03:22 [main] INFO  org.hibernate.jpa.internal.util.LogHelper - HHH000204: Processing PersistenceUnitInfo [name: default]
2024-12-27 10:03:22 [main] INFO  org.hibernate.Version - HHH000412: Hibernate ORM core version 6.5.3.Final
2024-12-27 10:03:22 [main] INFO  org.hibernate.cache.internal.RegionFactoryInitiator - HHH000026: Second-level cache disabled
2024-12-27 10:03:23 [main] INFO  org.springframework.orm.jpa.persistenceunit.SpringPersistenceUnitInfo - No LoadTimeWeaver setup: ignoring JPA class transformer
2024-12-27 10:03:26 [main] INFO  org.hibernate.engine.transaction.jta.platform.internal.JtaPlatformInitiator - HHH000489: No JTA platform available (set 'hibernate.transaction.jta.platform' to enable JTA platform integration)
2024-12-27 10:03:27 [main] INFO  org.springframework.orm.jpa.LocalContainerEntityManagerFactoryBean - Initialized JPA EntityManagerFactory for persistence unit 'default'
2024-12-27 10:03:28 [main] INFO  org.springframework.data.jpa.repository.query.QueryEnhancerFactory - Hibernate is in classpath; If applicable, HQL parser will be used.
2024-12-27 10:03:31 [main] INFO  org.springframework.security.config.annotation.authentication.configuration.InitializeUserDetailsBeanManagerConfigurer$InitializeUserDetailsManagerConfigurer - Global AuthenticationManager configured with UserDetailsService bean with name customUserDetailsService
2024-12-27 10:03:32 [main] INFO  org.springframework.boot.web.embedded.tomcat.TomcatWebServer - Tomcat started on port 8080 (http) with context path '/'
2024-12-27 10:03:32 [main] INFO  com.example.tamaq.TamaqApplication - Started TamaqApplication in 15.742 seconds (process running for 18.755)
2024-12-27 10:03:36 [http-nio-8080-exec-1] INFO  org.springframework.web.servlet.DispatcherServlet - Initializing Servlet 'dispatcherServlet'
2024-12-27 10:03:36 [http-nio-8080-exec-1] INFO  org.springframework.web.servlet.DispatcherServlet - Completed initialization in 1 ms
2024-12-27 10:03:36 [http-nio-8080-exec-2] INFO  com.example.tamaq.Controllers.HomeController - Rendering login page
2024-12-27 10:03:46 [http-nio-8080-exec-5] INFO  com.example.tamaq.Controllers.HomeController - Rendering login page
2024-12-27 10:03:48 [http-nio-8080-exec-7] INFO  com.example.tamaq.Controllers.HomeController - Rendering login page
2024-12-27 10:13:23 [SpringApplicationShutdownHook] INFO  org.springframework.orm.jpa.LocalContainerEntityManagerFactoryBean - Closing JPA EntityManagerFactory for persistence unit 'default'
2024-12-27 10:13:31 [background-preinit] INFO  org.hibernate.validator.internal.util.Version - HV000001: Hibernate Validator 8.0.1.Final
2024-12-27 10:13:31 [main] INFO  com.example.tamaq.TamaqApplication - Starting TamaqApplication using Java 23 with PID 10632 (C:\Users\raymbek\Desktop\tamaq\tamaq\target\classes started by raymbek in C:\Users\raymbek\Desktop\tamaq\tamaq)
2024-12-27 10:13:31 [main] INFO  com.example.tamaq.TamaqApplication - No active profile set, falling back to 1 default profile: "default"
2024-12-27 10:13:33 [main] INFO  org.springframework.data.repository.config.RepositoryConfigurationDelegate - Bootstrapping Spring Data JPA repositories in DEFAULT mode.
2024-12-27 10:13:33 [main] INFO  org.springframework.data.repository.config.RepositoryConfigurationDelegate - Finished Spring Data repository scanning in 166 ms. Found 6 JPA repository interfaces.
2024-12-27 10:13:35 [main] INFO  org.springframework.boot.web.embedded.tomcat.TomcatWebServer - Tomcat initialized with port 8080 (http)
2024-12-27 10:13:35 [main] INFO  org.springframework.boot.web.servlet.context.ServletWebServerApplicationContext - Root WebApplicationContext: initialization completed in 3909 ms
2024-12-27 10:13:35 [main] INFO  org.hibernate.jpa.internal.util.LogHelper - HHH000204: Processing PersistenceUnitInfo [name: default]
2024-12-27 10:13:35 [main] INFO  org.hibernate.Version - HHH000412: Hibernate ORM core version 6.5.3.Final
2024-12-27 10:13:35 [main] INFO  org.hibernate.cache.internal.RegionFactoryInitiator - HHH000026: Second-level cache disabled
2024-12-27 10:13:36 [main] INFO  org.springframework.orm.jpa.persistenceunit.SpringPersistenceUnitInfo - No LoadTimeWeaver setup: ignoring JPA class transformer
2024-12-27 10:13:40 [main] INFO  org.hibernate.engine.transaction.jta.platform.internal.JtaPlatformInitiator - HHH000489: No JTA platform available (set 'hibernate.transaction.jta.platform' to enable JTA platform integration)
2024-12-27 10:13:40 [main] INFO  org.springframework.orm.jpa.LocalContainerEntityManagerFactoryBean - Initialized JPA EntityManagerFactory for persistence unit 'default'
2024-12-27 10:13:41 [main] INFO  org.springframework.data.jpa.repository.query.QueryEnhancerFactory - Hibernate is in classpath; If applicable, HQL parser will be used.
2024-12-27 10:13:44 [main] INFO  org.springframework.security.config.annotation.authentication.configuration.InitializeUserDetailsBeanManagerConfigurer$InitializeUserDetailsManagerConfigurer - Global AuthenticationManager configured with UserDetailsService bean with name customUserDetailsService
2024-12-27 10:13:45 [main] INFO  org.springframework.boot.web.embedded.tomcat.TomcatWebServer - Tomcat started on port 8080 (http) with context path '/'
2024-12-27 10:13:45 [main] INFO  com.example.tamaq.TamaqApplication - Started TamaqApplication in 15.3 seconds (process running for 19.178)
2024-12-27 10:13:45 [http-nio-8080-exec-1] INFO  org.springframework.web.servlet.DispatcherServlet - Initializing Servlet 'dispatcherServlet'
2024-12-27 10:13:45 [http-nio-8080-exec-1] INFO  org.springframework.web.servlet.DispatcherServlet - Completed initialization in 0 ms
2024-12-27 10:13:45 [http-nio-8080-exec-2] INFO  com.example.tamaq.Controllers.HomeController - Rendering login page
2024-12-27 10:13:50 [http-nio-8080-exec-5] INFO  com.example.tamaq.Controllers.HomeController - Rendering login page
2024-12-27 10:13:53 [http-nio-8080-exec-4] INFO  com.example.tamaq.Controllers.HomeController - Rendering login page
2024-12-27 10:14:53 [SpringApplicationShutdownHook] INFO  org.springframework.orm.jpa.LocalContainerEntityManagerFactoryBean - Closing JPA EntityManagerFactory for persistence unit 'default'
2024-12-27 10:15:00 [background-preinit] INFO  org.hibernate.validator.internal.util.Version - HV000001: Hibernate Validator 8.0.1.Final
2024-12-27 10:15:00 [main] INFO  com.example.tamaq.TamaqApplication - Starting TamaqApplication using Java 23 with PID 11968 (C:\Users\raymbek\Desktop\tamaq\tamaq\target\classes started by raymbek in C:\Users\raymbek\Desktop\tamaq\tamaq)
2024-12-27 10:15:00 [main] INFO  com.example.tamaq.TamaqApplication - No active profile set, falling back to 1 default profile: "default"
2024-12-27 10:15:03 [main] INFO  org.springframework.data.repository.config.RepositoryConfigurationDelegate - Bootstrapping Spring Data JPA repositories in DEFAULT mode.
2024-12-27 10:15:03 [main] INFO  org.springframework.data.repository.config.RepositoryConfigurationDelegate - Finished Spring Data repository scanning in 222 ms. Found 6 JPA repository interfaces.
2024-12-27 10:15:05 [main] INFO  org.springframework.boot.web.embedded.tomcat.TomcatWebServer - Tomcat initialized with port 8080 (http)
2024-12-27 10:15:06 [main] INFO  org.springframework.boot.web.servlet.context.ServletWebServerApplicationContext - Root WebApplicationContext: initialization completed in 5504 ms
2024-12-27 10:15:06 [main] INFO  org.hibernate.jpa.internal.util.LogHelper - HHH000204: Processing PersistenceUnitInfo [name: default]
2024-12-27 10:15:06 [main] INFO  org.hibernate.Version - HHH000412: Hibernate ORM core version 6.5.3.Final
2024-12-27 10:15:06 [main] INFO  org.hibernate.cache.internal.RegionFactoryInitiator - HHH000026: Second-level cache disabled
2024-12-27 10:15:07 [main] INFO  org.springframework.orm.jpa.persistenceunit.SpringPersistenceUnitInfo - No LoadTimeWeaver setup: ignoring JPA class transformer
2024-12-27 10:15:11 [main] INFO  org.hibernate.engine.transaction.jta.platform.internal.JtaPlatformInitiator - HHH000489: No JTA platform available (set 'hibernate.transaction.jta.platform' to enable JTA platform integration)
2024-12-27 10:15:12 [main] INFO  org.springframework.orm.jpa.LocalContainerEntityManagerFactoryBean - Initialized JPA EntityManagerFactory for persistence unit 'default'
2024-12-27 10:15:13 [main] INFO  org.springframework.data.jpa.repository.query.QueryEnhancerFactory - Hibernate is in classpath; If applicable, HQL parser will be used.
2024-12-27 10:15:15 [main] INFO  org.springframework.security.config.annotation.authentication.configuration.InitializeUserDetailsBeanManagerConfigurer$InitializeUserDetailsManagerConfigurer - Global AuthenticationManager configured with UserDetailsService bean with name customUserDetailsService
2024-12-27 10:15:16 [main] INFO  org.springframework.boot.web.embedded.tomcat.TomcatWebServer - Tomcat started on port 8080 (http) with context path '/'
2024-12-27 10:15:16 [main] INFO  com.example.tamaq.TamaqApplication - Started TamaqApplication in 17.709 seconds (process running for 20.948)
2024-12-27 10:15:30 [http-nio-8080-exec-1] INFO  org.springframework.web.servlet.DispatcherServlet - Initializing Servlet 'dispatcherServlet'
2024-12-27 10:15:30 [http-nio-8080-exec-1] INFO  org.springframework.web.servlet.DispatcherServlet - Completed initialization in 0 ms
2024-12-27 10:15:30 [http-nio-8080-exec-2] INFO  com.example.tamaq.Controllers.HomeController - Rendering login page
2024-12-27 10:16:21 [SpringApplicationShutdownHook] INFO  org.springframework.orm.jpa.LocalContainerEntityManagerFactoryBean - Closing JPA EntityManagerFactory for persistence unit 'default'
2024-12-27 10:16:27 [background-preinit] INFO  org.hibernate.validator.internal.util.Version - HV000001: Hibernate Validator 8.0.1.Final
2024-12-27 10:16:27 [main] INFO  com.example.tamaq.TamaqApplication - Starting TamaqApplication using Java 23 with PID 7296 (C:\Users\raymbek\Desktop\tamaq\tamaq\target\classes started by raymbek in C:\Users\raymbek\Desktop\tamaq\tamaq)
2024-12-27 10:16:27 [main] INFO  com.example.tamaq.TamaqApplication - No active profile set, falling back to 1 default profile: "default"
2024-12-27 10:16:29 [main] INFO  org.springframework.data.repository.config.RepositoryConfigurationDelegate - Bootstrapping Spring Data JPA repositories in DEFAULT mode.
2024-12-27 10:16:29 [main] INFO  org.springframework.data.repository.config.RepositoryConfigurationDelegate - Finished Spring Data repository scanning in 171 ms. Found 6 JPA repository interfaces.
2024-12-27 10:16:31 [main] INFO  org.springframework.boot.web.embedded.tomcat.TomcatWebServer - Tomcat initialized with port 8080 (http)
2024-12-27 10:16:31 [main] INFO  org.springframework.boot.web.servlet.context.ServletWebServerApplicationContext - Root WebApplicationContext: initialization completed in 3605 ms
2024-12-27 10:16:32 [main] INFO  org.hibernate.jpa.internal.util.LogHelper - HHH000204: Processing PersistenceUnitInfo [name: default]
2024-12-27 10:16:32 [main] INFO  org.hibernate.Version - HHH000412: Hibernate ORM core version 6.5.3.Final
2024-12-27 10:16:32 [main] INFO  org.hibernate.cache.internal.RegionFactoryInitiator - HHH000026: Second-level cache disabled
2024-12-27 10:16:33 [main] INFO  org.springframework.orm.jpa.persistenceunit.SpringPersistenceUnitInfo - No LoadTimeWeaver setup: ignoring JPA class transformer
2024-12-27 10:16:36 [main] INFO  org.hibernate.engine.transaction.jta.platform.internal.JtaPlatformInitiator - HHH000489: No JTA platform available (set 'hibernate.transaction.jta.platform' to enable JTA platform integration)
2024-12-27 10:16:36 [main] INFO  org.springframework.orm.jpa.LocalContainerEntityManagerFactoryBean - Initialized JPA EntityManagerFactory for persistence unit 'default'
2024-12-27 10:16:37 [main] INFO  org.springframework.data.jpa.repository.query.QueryEnhancerFactory - Hibernate is in classpath; If applicable, HQL parser will be used.
2024-12-27 10:16:39 [main] INFO  org.springframework.security.config.annotation.authentication.configuration.InitializeUserDetailsBeanManagerConfigurer$InitializeUserDetailsManagerConfigurer - Global AuthenticationManager configured with UserDetailsService bean with name customUserDetailsService
2024-12-27 10:16:41 [main] INFO  org.springframework.boot.web.embedded.tomcat.TomcatWebServer - Tomcat started on port 8080 (http) with context path '/'
2024-12-27 10:16:41 [main] INFO  com.example.tamaq.TamaqApplication - Started TamaqApplication in 14.503 seconds (process running for 17.348)
2024-12-27 10:16:41 [http-nio-8080-exec-1] INFO  org.springframework.web.servlet.DispatcherServlet - Initializing Servlet 'dispatcherServlet'
2024-12-27 10:16:41 [http-nio-8080-exec-1] INFO  org.springframework.web.servlet.DispatcherServlet - Completed initialization in 1 ms
2024-12-27 10:16:41 [http-nio-8080-exec-2] INFO  com.example.tamaq.Controllers.HomeController - Rendering login page
2024-12-27 10:18:08 [SpringApplicationShutdownHook] INFO  org.springframework.orm.jpa.LocalContainerEntityManagerFactoryBean - Closing JPA EntityManagerFactory for persistence unit 'default'
2024-12-27 10:18:14 [background-preinit] INFO  org.hibernate.validator.internal.util.Version - HV000001: Hibernate Validator 8.0.1.Final
2024-12-27 10:18:14 [main] INFO  com.example.tamaq.TamaqApplication - Starting TamaqApplication using Java 23 with PID 4928 (C:\Users\raymbek\Desktop\tamaq\tamaq\target\classes started by raymbek in C:\Users\raymbek\Desktop\tamaq\tamaq)
2024-12-27 10:18:14 [main] INFO  com.example.tamaq.TamaqApplication - No active profile set, falling back to 1 default profile: "default"
2024-12-27 10:18:16 [main] INFO  org.springframework.data.repository.config.RepositoryConfigurationDelegate - Bootstrapping Spring Data JPA repositories in DEFAULT mode.
2024-12-27 10:18:16 [main] INFO  org.springframework.data.repository.config.RepositoryConfigurationDelegate - Finished Spring Data repository scanning in 171 ms. Found 6 JPA repository interfaces.
2024-12-27 10:18:18 [main] INFO  org.springframework.boot.web.embedded.tomcat.TomcatWebServer - Tomcat initialized with port 8080 (http)
2024-12-27 10:18:18 [main] INFO  org.springframework.boot.web.servlet.context.ServletWebServerApplicationContext - Root WebApplicationContext: initialization completed in 3519 ms
2024-12-27 10:18:18 [main] INFO  org.hibernate.jpa.internal.util.LogHelper - HHH000204: Processing PersistenceUnitInfo [name: default]
2024-12-27 10:18:18 [main] INFO  org.hibernate.Version - HHH000412: Hibernate ORM core version 6.5.3.Final
2024-12-27 10:18:19 [main] INFO  org.hibernate.cache.internal.RegionFactoryInitiator - HHH000026: Second-level cache disabled
2024-12-27 10:18:19 [main] INFO  org.springframework.orm.jpa.persistenceunit.SpringPersistenceUnitInfo - No LoadTimeWeaver setup: ignoring JPA class transformer
2024-12-27 10:18:23 [main] INFO  org.hibernate.engine.transaction.jta.platform.internal.JtaPlatformInitiator - HHH000489: No JTA platform available (set 'hibernate.transaction.jta.platform' to enable JTA platform integration)
2024-12-27 10:18:23 [main] INFO  org.springframework.orm.jpa.LocalContainerEntityManagerFactoryBean - Initialized JPA EntityManagerFactory for persistence unit 'default'
2024-12-27 10:18:24 [main] INFO  org.springframework.data.jpa.repository.query.QueryEnhancerFactory - Hibernate is in classpath; If applicable, HQL parser will be used.
2024-12-27 10:18:27 [main] INFO  org.springframework.security.config.annotation.authentication.configuration.InitializeUserDetailsBeanManagerConfigurer$InitializeUserDetailsManagerConfigurer - Global AuthenticationManager configured with UserDetailsService bean with name customUserDetailsService
2024-12-27 10:18:28 [main] INFO  org.springframework.boot.web.embedded.tomcat.TomcatWebServer - Tomcat started on port 8080 (http) with context path '/'
2024-12-27 10:18:28 [main] INFO  com.example.tamaq.TamaqApplication - Started TamaqApplication in 14.975 seconds (process running for 17.844)
2024-12-27 10:18:28 [http-nio-8080-exec-1] INFO  org.springframework.web.servlet.DispatcherServlet - Initializing Servlet 'dispatcherServlet'
2024-12-27 10:18:28 [http-nio-8080-exec-1] INFO  org.springframework.web.servlet.DispatcherServlet - Completed initialization in 2 ms
2024-12-27 10:18:29 [http-nio-8080-exec-2] INFO  com.example.tamaq.Controllers.HomeController - Rendering login page
2024-12-27 10:19:03 [SpringApplicationShutdownHook] INFO  org.springframework.orm.jpa.LocalContainerEntityManagerFactoryBean - Closing JPA EntityManagerFactory for persistence unit 'default'
2024-12-27 10:19:09 [background-preinit] INFO  org.hibernate.validator.internal.util.Version - HV000001: Hibernate Validator 8.0.1.Final
2024-12-27 10:19:09 [main] INFO  com.example.tamaq.TamaqApplication - Starting TamaqApplication using Java 23 with PID 7136 (C:\Users\raymbek\Desktop\tamaq\tamaq\target\classes started by raymbek in C:\Users\raymbek\Desktop\tamaq\tamaq)
2024-12-27 10:19:09 [main] INFO  com.example.tamaq.TamaqApplication - No active profile set, falling back to 1 default profile: "default"
2024-12-27 10:19:10 [main] INFO  org.springframework.data.repository.config.RepositoryConfigurationDelegate - Bootstrapping Spring Data JPA repositories in DEFAULT mode.
2024-12-27 10:19:11 [main] INFO  org.springframework.data.repository.config.RepositoryConfigurationDelegate - Finished Spring Data repository scanning in 170 ms. Found 6 JPA repository interfaces.
2024-12-27 10:19:12 [main] INFO  org.springframework.boot.web.embedded.tomcat.TomcatWebServer - Tomcat initialized with port 8080 (http)
2024-12-27 10:19:12 [main] INFO  org.springframework.boot.web.servlet.context.ServletWebServerApplicationContext - Root WebApplicationContext: initialization completed in 3411 ms
2024-12-27 10:19:13 [main] INFO  org.hibernate.jpa.internal.util.LogHelper - HHH000204: Processing PersistenceUnitInfo [name: default]
2024-12-27 10:19:13 [main] INFO  org.hibernate.Version - HHH000412: Hibernate ORM core version 6.5.3.Final
2024-12-27 10:19:13 [main] INFO  org.hibernate.cache.internal.RegionFactoryInitiator - HHH000026: Second-level cache disabled
2024-12-27 10:19:14 [main] INFO  org.springframework.orm.jpa.persistenceunit.SpringPersistenceUnitInfo - No LoadTimeWeaver setup: ignoring JPA class transformer
2024-12-27 10:19:17 [main] INFO  org.hibernate.engine.transaction.jta.platform.internal.JtaPlatformInitiator - HHH000489: No JTA platform available (set 'hibernate.transaction.jta.platform' to enable JTA platform integration)
2024-12-27 10:19:17 [main] INFO  org.springframework.orm.jpa.LocalContainerEntityManagerFactoryBean - Initialized JPA EntityManagerFactory for persistence unit 'default'
2024-12-27 10:19:18 [main] INFO  org.springframework.data.jpa.repository.query.QueryEnhancerFactory - Hibernate is in classpath; If applicable, HQL parser will be used.
2024-12-27 10:19:20 [main] INFO  org.springframework.security.config.annotation.authentication.configuration.InitializeUserDetailsBeanManagerConfigurer$InitializeUserDetailsManagerConfigurer - Global AuthenticationManager configured with UserDetailsService bean with name customUserDetailsService
2024-12-27 10:19:21 [main] INFO  org.springframework.boot.web.embedded.tomcat.TomcatWebServer - Tomcat started on port 8080 (http) with context path '/'
2024-12-27 10:19:21 [main] INFO  com.example.tamaq.TamaqApplication - Started TamaqApplication in 13.485 seconds (process running for 16.309)
2024-12-27 10:19:21 [http-nio-8080-exec-2] INFO  org.springframework.web.servlet.DispatcherServlet - Initializing Servlet 'dispatcherServlet'
2024-12-27 10:19:21 [http-nio-8080-exec-2] INFO  org.springframework.web.servlet.DispatcherServlet - Completed initialization in 0 ms
2024-12-27 10:19:21 [http-nio-8080-exec-1] INFO  com.example.tamaq.Controllers.HomeController - Rendering login page
2024-12-27 10:19:29 [http-nio-8080-exec-6] INFO  com.example.tamaq.Controllers.HomeController - Rendering login page
2024-12-27 10:19:39 [http-nio-8080-exec-9] INFO  com.example.tamaq.Controllers.HomeController - Rendering login page
2024-12-27 10:19:49 [http-nio-8080-exec-1] INFO  com.example.tamaq.Controllers.HomeController - Rendering login page
2024-12-27 10:19:53 [http-nio-8080-exec-4] INFO  com.example.tamaq.Controllers.HomeController - Rendering login page
2024-12-27 10:42:51 [SpringApplicationShutdownHook] INFO  org.springframework.orm.jpa.LocalContainerEntityManagerFactoryBean - Closing JPA EntityManagerFactory for persistence unit 'default'
2024-12-27 10:56:44 [background-preinit] INFO  org.hibernate.validator.internal.util.Version - HV000001: Hibernate Validator 8.0.1.Final
2024-12-27 10:56:44 [main] INFO  com.example.tamaq.TamaqApplication - Starting TamaqApplication using Java 23 with PID 4912 (C:\Users\raymbek\Desktop\tamaq\tamaq\target\classes started by raymbek in C:\Users\raymbek\Desktop\tamaq\tamaq)
2024-12-27 10:56:44 [main] INFO  com.example.tamaq.TamaqApplication - No active profile set, falling back to 1 default profile: "default"
2024-12-27 10:56:47 [main] INFO  org.springframework.data.repository.config.RepositoryConfigurationDelegate - Bootstrapping Spring Data JPA repositories in DEFAULT mode.
2024-12-27 10:56:48 [main] INFO  org.springframework.data.repository.config.RepositoryConfigurationDelegate - Finished Spring Data repository scanning in 326 ms. Found 6 JPA repository interfaces.
2024-12-27 10:56:50 [main] INFO  org.springframework.boot.web.embedded.tomcat.TomcatWebServer - Tomcat initialized with port 8080 (http)
2024-12-27 10:56:51 [main] INFO  org.springframework.boot.web.servlet.context.ServletWebServerApplicationContext - Root WebApplicationContext: initialization completed in 6473 ms
2024-12-27 10:56:51 [main] INFO  org.hibernate.jpa.internal.util.LogHelper - HHH000204: Processing PersistenceUnitInfo [name: default]
2024-12-27 10:56:52 [main] INFO  org.hibernate.Version - HHH000412: Hibernate ORM core version 6.5.3.Final
2024-12-27 10:56:52 [main] INFO  org.hibernate.cache.internal.RegionFactoryInitiator - HHH000026: Second-level cache disabled
2024-12-27 10:56:53 [main] INFO  org.springframework.orm.jpa.persistenceunit.SpringPersistenceUnitInfo - No LoadTimeWeaver setup: ignoring JPA class transformer
2024-12-27 10:56:59 [main] INFO  org.hibernate.engine.transaction.jta.platform.internal.JtaPlatformInitiator - HHH000489: No JTA platform available (set 'hibernate.transaction.jta.platform' to enable JTA platform integration)
2024-12-27 10:57:00 [main] INFO  org.springframework.orm.jpa.LocalContainerEntityManagerFactoryBean - Initialized JPA EntityManagerFactory for persistence unit 'default'
2024-12-27 10:57:01 [main] INFO  org.springframework.data.jpa.repository.query.QueryEnhancerFactory - Hibernate is in classpath; If applicable, HQL parser will be used.
2024-12-27 10:57:06 [main] INFO  org.springframework.security.config.annotation.authentication.configuration.InitializeUserDetailsBeanManagerConfigurer$InitializeUserDetailsManagerConfigurer - Global AuthenticationManager configured with UserDetailsService bean with name customUserDetailsService
2024-12-27 10:57:08 [main] INFO  org.springframework.boot.web.embedded.tomcat.TomcatWebServer - Tomcat started on port 8080 (http) with context path '/'
2024-12-27 10:57:08 [main] INFO  com.example.tamaq.TamaqApplication - Started TamaqApplication in 25.451 seconds (process running for 31.666)
2024-12-27 10:57:58 [http-nio-8080-exec-1] INFO  org.springframework.web.servlet.DispatcherServlet - Initializing Servlet 'dispatcherServlet'
2024-12-27 10:57:58 [http-nio-8080-exec-1] INFO  org.springframework.web.servlet.DispatcherServlet - Completed initialization in 0 ms
2024-12-27 10:57:59 [http-nio-8080-exec-2] INFO  com.example.tamaq.Controllers.HomeController - Rendering login page
2024-12-27 11:11:26 [SpringApplicationShutdownHook] INFO  org.springframework.orm.jpa.LocalContainerEntityManagerFactoryBean - Closing JPA EntityManagerFactory for persistence unit 'default'
2024-12-27 11:14:03 [background-preinit] INFO  org.hibernate.validator.internal.util.Version - HV000001: Hibernate Validator 8.0.1.Final
2024-12-27 11:14:03 [main] INFO  com.example.tamaq.TamaqApplication - Starting TamaqApplication using Java 23 with PID 2128 (C:\Users\raymbek\Desktop\tamaq\tamaq\target\classes started by raymbek in C:\Users\raymbek\Desktop\tamaq\tamaq)
2024-12-27 11:14:03 [main] INFO  com.example.tamaq.TamaqApplication - No active profile set, falling back to 1 default profile: "default"
2024-12-27 11:14:06 [main] INFO  org.springframework.data.repository.config.RepositoryConfigurationDelegate - Bootstrapping Spring Data JPA repositories in DEFAULT mode.
2024-12-27 11:14:07 [main] INFO  org.springframework.data.repository.config.RepositoryConfigurationDelegate - Finished Spring Data repository scanning in 321 ms. Found 6 JPA repository interfaces.
2024-12-27 11:14:09 [main] INFO  org.springframework.boot.web.embedded.tomcat.TomcatWebServer - Tomcat initialized with port 8080 (http)
2024-12-27 11:14:10 [main] INFO  org.springframework.boot.web.servlet.context.ServletWebServerApplicationContext - Root WebApplicationContext: initialization completed in 6273 ms
2024-12-27 11:14:11 [main] INFO  org.hibernate.jpa.internal.util.LogHelper - HHH000204: Processing PersistenceUnitInfo [name: default]
2024-12-27 11:14:11 [main] INFO  org.hibernate.Version - HHH000412: Hibernate ORM core version 6.5.3.Final
2024-12-27 11:14:11 [main] INFO  org.hibernate.cache.internal.RegionFactoryInitiator - HHH000026: Second-level cache disabled
2024-12-27 11:14:12 [main] INFO  org.springframework.orm.jpa.persistenceunit.SpringPersistenceUnitInfo - No LoadTimeWeaver setup: ignoring JPA class transformer
2024-12-27 11:14:18 [main] INFO  org.hibernate.engine.transaction.jta.platform.internal.JtaPlatformInitiator - HHH000489: No JTA platform available (set 'hibernate.transaction.jta.platform' to enable JTA platform integration)
2024-12-27 11:14:18 [main] INFO  org.springframework.orm.jpa.LocalContainerEntityManagerFactoryBean - Initialized JPA EntityManagerFactory for persistence unit 'default'
2024-12-27 11:14:20 [main] INFO  org.springframework.data.jpa.repository.query.QueryEnhancerFactory - Hibernate is in classpath; If applicable, HQL parser will be used.
2024-12-27 11:14:33 [main] INFO  org.springframework.security.config.annotation.authentication.configuration.InitializeUserDetailsBeanManagerConfigurer$InitializeUserDetailsManagerConfigurer - Global AuthenticationManager configured with UserDetailsService bean with name customUserDetailsService
2024-12-27 11:14:35 [main] INFO  org.springframework.boot.web.embedded.tomcat.TomcatWebServer - Tomcat started on port 8080 (http) with context path '/'
2024-12-27 11:14:35 [main] INFO  com.example.tamaq.TamaqApplication - Started TamaqApplication in 33.357 seconds (process running for 37.845)
2024-12-27 11:14:54 [http-nio-8080-exec-1] INFO  org.springframework.web.servlet.DispatcherServlet - Initializing Servlet 'dispatcherServlet'
2024-12-27 11:14:54 [http-nio-8080-exec-1] INFO  org.springframework.web.servlet.DispatcherServlet - Completed initialization in 0 ms
2024-12-27 11:14:55 [http-nio-8080-exec-2] INFO  com.example.tamaq.Controllers.HomeController - Rendering login page
2024-12-27 11:15:07 [http-nio-8080-exec-5] INFO  com.example.tamaq.Controllers.HomeController - Rendering login page
2024-12-27 11:15:07 [http-nio-8080-exec-7] INFO  com.example.tamaq.Controllers.HomeController - Rendering login page
2024-12-27 11:15:08 [http-nio-8080-exec-9] INFO  com.example.tamaq.Controllers.HomeController - Rendering login page
2024-12-27 11:17:12 [SpringApplicationShutdownHook] INFO  org.springframework.orm.jpa.LocalContainerEntityManagerFactoryBean - Closing JPA EntityManagerFactory for persistence unit 'default'
2024-12-27 12:23:16 [background-preinit] INFO  org.hibernate.validator.internal.util.Version - HV000001: Hibernate Validator 8.0.1.Final
2024-12-27 12:23:17 [main] INFO  com.example.tamaq.TamaqApplication - Starting TamaqApplication using Java 23 with PID 10896 (C:\Users\raymbek\Desktop\tamaq\tamaq\target\classes started by raymbek in C:\Users\raymbek\Desktop\tamaq\tamaq)
2024-12-27 12:23:17 [main] INFO  com.example.tamaq.TamaqApplication - No active profile set, falling back to 1 default profile: "default"
2024-12-27 12:23:19 [main] INFO  org.springframework.data.repository.config.RepositoryConfigurationDelegate - Bootstrapping Spring Data JPA repositories in DEFAULT mode.
2024-12-27 12:23:20 [main] INFO  org.springframework.data.repository.config.RepositoryConfigurationDelegate - Finished Spring Data repository scanning in 227 ms. Found 6 JPA repository interfaces.
2024-12-27 12:23:21 [main] INFO  org.springframework.boot.web.embedded.tomcat.TomcatWebServer - Tomcat initialized with port 8080 (http)
2024-12-27 12:23:21 [main] INFO  org.springframework.boot.web.servlet.context.ServletWebServerApplicationContext - Root WebApplicationContext: initialization completed in 4740 ms
2024-12-27 12:23:22 [main] INFO  org.hibernate.jpa.internal.util.LogHelper - HHH000204: Processing PersistenceUnitInfo [name: default]
2024-12-27 12:23:22 [main] INFO  org.hibernate.Version - HHH000412: Hibernate ORM core version 6.5.3.Final
2024-12-27 12:23:22 [main] INFO  org.hibernate.cache.internal.RegionFactoryInitiator - HHH000026: Second-level cache disabled
2024-12-27 12:23:23 [main] INFO  org.springframework.orm.jpa.persistenceunit.SpringPersistenceUnitInfo - No LoadTimeWeaver setup: ignoring JPA class transformer
2024-12-27 12:23:27 [main] INFO  org.hibernate.engine.transaction.jta.platform.internal.JtaPlatformInitiator - HHH000489: No JTA platform available (set 'hibernate.transaction.jta.platform' to enable JTA platform integration)
2024-12-27 12:23:27 [main] INFO  org.springframework.orm.jpa.LocalContainerEntityManagerFactoryBean - Initialized JPA EntityManagerFactory for persistence unit 'default'
2024-12-27 12:23:28 [main] INFO  org.springframework.data.jpa.repository.query.QueryEnhancerFactory - Hibernate is in classpath; If applicable, HQL parser will be used.
2024-12-27 12:23:31 [main] INFO  org.springframework.security.config.annotation.authentication.configuration.InitializeUserDetailsBeanManagerConfigurer$InitializeUserDetailsManagerConfigurer - Global AuthenticationManager configured with UserDetailsService bean with name customUserDetailsService
2024-12-27 12:23:32 [main] INFO  org.springframework.boot.web.embedded.tomcat.TomcatWebServer - Tomcat started on port 8080 (http) with context path '/'
2024-12-27 12:23:32 [main] INFO  com.example.tamaq.TamaqApplication - Started TamaqApplication in 16.883 seconds (process running for 20.836)
2024-12-27 12:23:38 [http-nio-8080-exec-2] INFO  org.springframework.web.servlet.DispatcherServlet - Initializing Servlet 'dispatcherServlet'
2024-12-27 12:23:38 [http-nio-8080-exec-2] INFO  org.springframework.web.servlet.DispatcherServlet - Completed initialization in 4 ms
2024-12-27 12:23:38 [http-nio-8080-exec-2] INFO  com.example.tamaq.Controllers.HomeController - Rendering login page
2024-12-27 12:24:15 [SpringApplicationShutdownHook] INFO  org.springframework.orm.jpa.LocalContainerEntityManagerFactoryBean - Closing JPA EntityManagerFactory for persistence unit 'default'
2024-12-27 12:24:21 [background-preinit] INFO  org.hibernate.validator.internal.util.Version - HV000001: Hibernate Validator 8.0.1.Final
2024-12-27 12:24:21 [main] INFO  com.example.tamaq.TamaqApplication - Starting TamaqApplication using Java 23 with PID 4884 (C:\Users\raymbek\Desktop\tamaq\tamaq\target\classes started by raymbek in C:\Users\raymbek\Desktop\tamaq\tamaq)
2024-12-27 12:24:21 [main] INFO  com.example.tamaq.TamaqApplication - No active profile set, falling back to 1 default profile: "default"
2024-12-27 12:24:23 [main] INFO  org.springframework.data.repository.config.RepositoryConfigurationDelegate - Bootstrapping Spring Data JPA repositories in DEFAULT mode.
2024-12-27 12:24:23 [main] INFO  org.springframework.data.repository.config.RepositoryConfigurationDelegate - Finished Spring Data repository scanning in 151 ms. Found 6 JPA repository interfaces.
2024-12-27 12:24:24 [main] INFO  org.springframework.boot.web.embedded.tomcat.TomcatWebServer - Tomcat initialized with port 8080 (http)
2024-12-27 12:24:24 [main] INFO  org.springframework.boot.web.servlet.context.ServletWebServerApplicationContext - Root WebApplicationContext: initialization completed in 2962 ms
2024-12-27 12:24:25 [main] INFO  org.hibernate.jpa.internal.util.LogHelper - HHH000204: Processing PersistenceUnitInfo [name: default]
2024-12-27 12:24:25 [main] INFO  org.hibernate.Version - HHH000412: Hibernate ORM core version 6.5.3.Final
2024-12-27 12:24:25 [main] INFO  org.hibernate.cache.internal.RegionFactoryInitiator - HHH000026: Second-level cache disabled
2024-12-27 12:24:25 [main] INFO  org.springframework.orm.jpa.persistenceunit.SpringPersistenceUnitInfo - No LoadTimeWeaver setup: ignoring JPA class transformer
2024-12-27 12:24:28 [main] INFO  org.hibernate.engine.transaction.jta.platform.internal.JtaPlatformInitiator - HHH000489: No JTA platform available (set 'hibernate.transaction.jta.platform' to enable JTA platform integration)
2024-12-27 12:24:28 [main] INFO  org.springframework.orm.jpa.LocalContainerEntityManagerFactoryBean - Initialized JPA EntityManagerFactory for persistence unit 'default'
2024-12-27 12:24:29 [main] INFO  org.springframework.data.jpa.repository.query.QueryEnhancerFactory - Hibernate is in classpath; If applicable, HQL parser will be used.
2024-12-27 12:24:31 [main] INFO  org.springframework.security.config.annotation.authentication.configuration.InitializeUserDetailsBeanManagerConfigurer$InitializeUserDetailsManagerConfigurer - Global AuthenticationManager configured with UserDetailsService bean with name customUserDetailsService
2024-12-27 12:24:32 [main] INFO  org.springframework.boot.web.embedded.tomcat.TomcatWebServer - Tomcat started on port 8080 (http) with context path '/'
2024-12-27 12:24:32 [main] INFO  com.example.tamaq.TamaqApplication - Started TamaqApplication in 11.935 seconds (process running for 14.27)
2024-12-27 12:24:32 [http-nio-8080-exec-1] INFO  org.springframework.web.servlet.DispatcherServlet - Initializing Servlet 'dispatcherServlet'
2024-12-27 12:24:32 [http-nio-8080-exec-1] INFO  org.springframework.web.servlet.DispatcherServlet - Completed initialization in 0 ms
2024-12-27 12:24:32 [http-nio-8080-exec-2] INFO  com.example.tamaq.Controllers.HomeController - Rendering login page
2024-12-27 12:24:40 [http-nio-8080-exec-6] INFO  com.example.tamaq.Controllers.HomeController - Rendering login page
2024-12-27 12:24:50 [http-nio-8080-exec-9] INFO  com.example.tamaq.Controllers.HomeController - Rendering login page
2024-12-27 12:25:00 [http-nio-8080-exec-2] INFO  com.example.tamaq.Controllers.HomeController - Rendering login page
2024-12-27 12:25:10 [http-nio-8080-exec-5] INFO  com.example.tamaq.Controllers.HomeController - Rendering login page
2024-12-27 12:25:17 [http-nio-8080-exec-7] INFO  com.example.tamaq.Controllers.HomeController - Rendering login page
2024-12-27 12:33:30 [SpringApplicationShutdownHook] INFO  org.springframework.orm.jpa.LocalContainerEntityManagerFactoryBean - Closing JPA EntityManagerFactory for persistence unit 'default'
2024-12-27 12:33:38 [background-preinit] INFO  org.hibernate.validator.internal.util.Version - HV000001: Hibernate Validator 8.0.1.Final
2024-12-27 12:33:39 [main] INFO  com.example.tamaq.TamaqApplication - Starting TamaqApplication using Java 23 with PID 8352 (C:\Users\raymbek\Desktop\tamaq\tamaq\target\classes started by raymbek in C:\Users\raymbek\Desktop\tamaq\tamaq)
2024-12-27 12:33:39 [main] INFO  com.example.tamaq.TamaqApplication - No active profile set, falling back to 1 default profile: "default"
2024-12-27 12:33:41 [main] INFO  org.springframework.data.repository.config.RepositoryConfigurationDelegate - Bootstrapping Spring Data JPA repositories in DEFAULT mode.
2024-12-27 12:33:41 [main] INFO  org.springframework.data.repository.config.RepositoryConfigurationDelegate - Finished Spring Data repository scanning in 246 ms. Found 6 JPA repository interfaces.
2024-12-27 12:33:43 [main] INFO  org.springframework.boot.web.embedded.tomcat.TomcatWebServer - Tomcat initialized with port 8080 (http)
2024-12-27 12:33:43 [main] INFO  org.springframework.boot.web.servlet.context.ServletWebServerApplicationContext - Root WebApplicationContext: initialization completed in 4696 ms
2024-12-27 12:33:44 [main] INFO  org.hibernate.jpa.internal.util.LogHelper - HHH000204: Processing PersistenceUnitInfo [name: default]
2024-12-27 12:33:44 [main] INFO  org.hibernate.Version - HHH000412: Hibernate ORM core version 6.5.3.Final
2024-12-27 12:33:44 [main] INFO  org.hibernate.cache.internal.RegionFactoryInitiator - HHH000026: Second-level cache disabled
2024-12-27 12:33:45 [main] INFO  org.springframework.orm.jpa.persistenceunit.SpringPersistenceUnitInfo - No LoadTimeWeaver setup: ignoring JPA class transformer
2024-12-27 12:33:49 [main] INFO  org.hibernate.engine.transaction.jta.platform.internal.JtaPlatformInitiator - HHH000489: No JTA platform available (set 'hibernate.transaction.jta.platform' to enable JTA platform integration)
2024-12-27 12:33:50 [main] INFO  org.springframework.orm.jpa.LocalContainerEntityManagerFactoryBean - Initialized JPA EntityManagerFactory for persistence unit 'default'
2024-12-27 12:33:51 [main] INFO  org.springframework.data.jpa.repository.query.QueryEnhancerFactory - Hibernate is in classpath; If applicable, HQL parser will be used.
2024-12-27 12:33:54 [main] INFO  org.springframework.security.config.annotation.authentication.configuration.InitializeUserDetailsBeanManagerConfigurer$InitializeUserDetailsManagerConfigurer - Global AuthenticationManager configured with UserDetailsService bean with name customUserDetailsService
2024-12-27 12:33:56 [main] INFO  org.springframework.boot.web.embedded.tomcat.TomcatWebServer - Tomcat started on port 8080 (http) with context path '/'
2024-12-27 12:33:56 [main] INFO  com.example.tamaq.TamaqApplication - Started TamaqApplication in 18.42 seconds (process running for 21.901)
2024-12-27 12:33:56 [http-nio-8080-exec-1] INFO  org.springframework.web.servlet.DispatcherServlet - Initializing Servlet 'dispatcherServlet'
2024-12-27 12:33:56 [http-nio-8080-exec-1] INFO  org.springframework.web.servlet.DispatcherServlet - Completed initialization in 0 ms
2024-12-27 12:33:56 [http-nio-8080-exec-2] INFO  com.example.tamaq.Controllers.HomeController - Rendering login page
2024-12-27 12:34:23 [http-nio-8080-exec-6] INFO  com.example.tamaq.Controllers.HomeController - Rendering login page
2024-12-27 12:34:23 [http-nio-8080-exec-8] INFO  com.example.tamaq.Controllers.HomeController - Rendering login page
2024-12-27 12:34:24 [http-nio-8080-exec-10] INFO  com.example.tamaq.Controllers.HomeController - Rendering login page
2024-12-27 12:44:46 [SpringApplicationShutdownHook] INFO  org.springframework.orm.jpa.LocalContainerEntityManagerFactoryBean - Closing JPA EntityManagerFactory for persistence unit 'default'
