2024-12-24 09:58:51 [background-preinit] INFO  org.hibernate.validator.internal.util.Version - HV000001: Hibernate Validator 8.0.1.Final
2024-12-24 09:58:51 [main] INFO  com.example.tamaq.TamaqApplication - Starting TamaqApplication using Java 23 with PID 4128 (C:\Users\raymbek\Desktop\tamaq\tamaq\target\classes started by raymbek in C:\Users\raymbek\Desktop\tamaq\tamaq)
2024-12-24 09:58:51 [main] INFO  com.example.tamaq.TamaqApplication - No active profile set, falling back to 1 default profile: "default"
2024-12-24 09:58:53 [main] INFO  org.springframework.data.repository.config.RepositoryConfigurationDelegate - Bootstrapping Spring Data JPA repositories in DEFAULT mode.
2024-12-24 09:58:54 [main] INFO  org.springframework.data.repository.config.RepositoryConfigurationDelegate - Finished Spring Data repository scanning in 216 ms. Found 6 JPA repository interfaces.
2024-12-24 09:58:55 [main] INFO  org.springframework.boot.web.embedded.tomcat.TomcatWebServer - Tomcat initialized with port 8080 (http)
2024-12-24 09:58:56 [main] INFO  org.springframework.boot.web.servlet.context.ServletWebServerApplicationContext - Root WebApplicationContext: initialization completed in 4737 ms
2024-12-24 09:58:56 [main] INFO  org.hibernate.jpa.internal.util.LogHelper - HHH000204: Processing PersistenceUnitInfo [name: default]
2024-12-24 09:58:56 [main] INFO  org.hibernate.Version - HHH000412: Hibernate ORM core version 6.5.3.Final
2024-12-24 09:58:57 [main] INFO  org.hibernate.cache.internal.RegionFactoryInitiator - HHH000026: Second-level cache disabled
2024-12-24 09:58:58 [main] INFO  org.springframework.orm.jpa.persistenceunit.SpringPersistenceUnitInfo - No LoadTimeWeaver setup: ignoring JPA class transformer
2024-12-24 09:59:02 [main] INFO  org.hibernate.engine.transaction.jta.platform.internal.JtaPlatformInitiator - HHH000489: No JTA platform available (set 'hibernate.transaction.jta.platform' to enable JTA platform integration)
2024-12-24 09:59:03 [main] INFO  org.springframework.orm.jpa.LocalContainerEntityManagerFactoryBean - Initialized JPA EntityManagerFactory for persistence unit 'default'
2024-12-24 09:59:04 [main] INFO  org.springframework.data.jpa.repository.query.QueryEnhancerFactory - Hibernate is in classpath; If applicable, HQL parser will be used.
2024-12-24 09:59:09 [main] INFO  org.springframework.security.config.annotation.authentication.configuration.InitializeUserDetailsBeanManagerConfigurer$InitializeUserDetailsManagerConfigurer - Global AuthenticationManager configured with UserDetailsService bean with name customUserDetailsService
2024-12-24 09:59:11 [main] INFO  org.springframework.boot.web.embedded.tomcat.TomcatWebServer - Tomcat started on port 8080 (http) with context path '/'
2024-12-24 09:59:11 [main] INFO  com.example.tamaq.TamaqApplication - Started TamaqApplication in 21.008 seconds (process running for 28.266)
2024-12-24 10:00:47 [http-nio-8080-exec-1] INFO  org.springframework.web.servlet.DispatcherServlet - Initializing Servlet 'dispatcherServlet'
2024-12-24 10:00:47 [http-nio-8080-exec-1] INFO  org.springframework.web.servlet.DispatcherServlet - Completed initialization in 0 ms
2024-12-24 10:00:47 [http-nio-8080-exec-1] INFO  com.example.tamaq.Controllers.HomeController - Rendering login page
2024-12-24 10:00:48 [http-nio-8080-exec-3] INFO  com.example.tamaq.Controllers.HomeController - Rendering login page
2024-12-24 10:16:29 [SpringApplicationShutdownHook] INFO  org.springframework.orm.jpa.LocalContainerEntityManagerFactoryBean - Closing JPA EntityManagerFactory for persistence unit 'default'
2024-12-24 10:34:32 [background-preinit] INFO  org.hibernate.validator.internal.util.Version - HV000001: Hibernate Validator 8.0.1.Final
2024-12-24 10:34:32 [main] INFO  com.example.tamaq.TamaqApplication - Starting TamaqApplication using Java 23 with PID 10892 (C:\Users\raymbek\Desktop\tamaq\tamaq\target\classes started by raymbek in C:\Users\raymbek\Desktop\tamaq\tamaq)
2024-12-24 10:34:32 [main] INFO  com.example.tamaq.TamaqApplication - No active profile set, falling back to 1 default profile: "default"
2024-12-24 10:34:34 [main] INFO  org.springframework.data.repository.config.RepositoryConfigurationDelegate - Bootstrapping Spring Data JPA repositories in DEFAULT mode.
2024-12-24 10:34:34 [main] INFO  org.springframework.data.repository.config.RepositoryConfigurationDelegate - Finished Spring Data repository scanning in 258 ms. Found 6 JPA repository interfaces.
2024-12-24 10:34:36 [main] INFO  org.springframework.boot.web.embedded.tomcat.TomcatWebServer - Tomcat initialized with port 8080 (http)
2024-12-24 10:34:37 [main] INFO  org.springframework.boot.web.servlet.context.ServletWebServerApplicationContext - Root WebApplicationContext: initialization completed in 4836 ms
2024-12-24 10:34:37 [main] INFO  org.hibernate.jpa.internal.util.LogHelper - HHH000204: Processing PersistenceUnitInfo [name: default]
2024-12-24 10:34:38 [main] INFO  org.hibernate.Version - HHH000412: Hibernate ORM core version 6.5.3.Final
2024-12-24 10:34:38 [main] INFO  org.hibernate.cache.internal.RegionFactoryInitiator - HHH000026: Second-level cache disabled
2024-12-24 10:34:39 [main] INFO  org.springframework.orm.jpa.persistenceunit.SpringPersistenceUnitInfo - No LoadTimeWeaver setup: ignoring JPA class transformer
2024-12-24 10:34:43 [main] INFO  org.hibernate.engine.transaction.jta.platform.internal.JtaPlatformInitiator - HHH000489: No JTA platform available (set 'hibernate.transaction.jta.platform' to enable JTA platform integration)
2024-12-24 10:34:44 [main] INFO  org.springframework.orm.jpa.LocalContainerEntityManagerFactoryBean - Initialized JPA EntityManagerFactory for persistence unit 'default'
2024-12-24 10:34:45 [main] INFO  org.springframework.data.jpa.repository.query.QueryEnhancerFactory - Hibernate is in classpath; If applicable, HQL parser will be used.
2024-12-24 10:34:50 [main] INFO  org.springframework.security.config.annotation.authentication.configuration.InitializeUserDetailsBeanManagerConfigurer$InitializeUserDetailsManagerConfigurer - Global AuthenticationManager configured with UserDetailsService bean with name customUserDetailsService
2024-12-24 10:34:51 [main] INFO  org.springframework.boot.web.embedded.tomcat.TomcatWebServer - Tomcat started on port 8080 (http) with context path '/'
2024-12-24 10:34:51 [main] INFO  com.example.tamaq.TamaqApplication - Started TamaqApplication in 20.889 seconds (process running for 25.404)
2024-12-24 10:34:54 [http-nio-8080-exec-1] INFO  org.springframework.web.servlet.DispatcherServlet - Initializing Servlet 'dispatcherServlet'
2024-12-24 10:34:54 [http-nio-8080-exec-1] INFO  org.springframework.web.servlet.DispatcherServlet - Completed initialization in 0 ms
2024-12-24 10:34:55 [http-nio-8080-exec-3] INFO  com.example.tamaq.Controllers.HomeController - Rendering login page
2024-12-24 10:35:04 [http-nio-8080-exec-4] INFO  com.example.tamaq.Controllers.HomeController - Rendering login page
2024-12-24 10:35:14 [http-nio-8080-exec-7] INFO  com.example.tamaq.Controllers.HomeController - Rendering login page
2024-12-24 10:35:24 [http-nio-8080-exec-10] INFO  com.example.tamaq.Controllers.HomeController - Rendering login page
2024-12-24 10:36:05 [http-nio-8080-exec-2] INFO  com.example.tamaq.Controllers.HomeController - Rendering login page
2024-12-24 10:36:14 [http-nio-8080-exec-6] INFO  com.example.tamaq.Controllers.HomeController - Rendering login page
2024-12-24 10:36:24 [http-nio-8080-exec-9] INFO  com.example.tamaq.Controllers.HomeController - Rendering login page
2024-12-24 10:36:34 [http-nio-8080-exec-3] INFO  com.example.tamaq.Controllers.HomeController - Rendering login page
2024-12-24 10:36:44 [http-nio-8080-exec-5] INFO  com.example.tamaq.Controllers.HomeController - Rendering login page
2024-12-24 10:36:54 [http-nio-8080-exec-8] INFO  com.example.tamaq.Controllers.HomeController - Rendering login page
2024-12-24 10:37:04 [http-nio-8080-exec-1] INFO  com.example.tamaq.Controllers.HomeController - Rendering login page
2024-12-24 10:38:42 [http-nio-8080-exec-4] INFO  com.example.tamaq.Controllers.HomeController - Rendering login page
2024-12-24 10:38:43 [http-nio-8080-exec-6] INFO  com.example.tamaq.Controllers.HomeController - Rendering login page
2024-12-24 10:38:44 [http-nio-8080-exec-8] INFO  com.example.tamaq.Controllers.HomeController - Rendering login page
2024-12-24 10:38:54 [http-nio-8080-exec-1] INFO  com.example.tamaq.Controllers.HomeController - Rendering login page
2024-12-24 11:01:53 [SpringApplicationShutdownHook] INFO  org.springframework.orm.jpa.LocalContainerEntityManagerFactoryBean - Closing JPA EntityManagerFactory for persistence unit 'default'
